"F:/Unreal Engine/Projects/Sequence 4.6/Sequence.uproject" 1
"../../../Engine/Plugins/2D/Paper2D/Paper2D.uplugin" 2
"../../../Engine/Plugins/Developer/BlankPlugin/BlankPlugin.uplugin" 3
"../../../Engine/Plugins/Developer/PerforceSourceControl/PerforceSourceControl.uplugin" 4
"../../../Engine/Plugins/Developer/SubversionSourceControl/SubversionSourceControl.uplugin" 5
"../../../Engine/Plugins/Developer/UObjectPlugin/UObjectPlugin.uplugin" 6
"../../../Engine/Plugins/Developer/VisualStudioSourceCodeAccess/VisualStudioSourceCodeAccess.uplugin" 7
"../../../Engine/Plugins/Developer/XCodeSourceCodeAccess/XCodeSourceCodeAccess.uplugin" 8
"../../../Engine/Plugins/Editor/EpicSurvey/EpicSurvey.uplugin" 9
"../../../Engine/Plugins/Editor/MacGraphicsSwitching/MacGraphicsSwitching.uplugin" 10
"../../../Engine/Plugins/Editor/PluginsEditor/PluginsEditor.uplugin" 11
"../../../Engine/Plugins/Editor/SpeedTreeImporter/SpeedTreeImporter.uplugin" 12
"../../../Engine/Plugins/Experimental/BlueprintStats/BlueprintStats.uplugin" 13
"../../../Engine/Plugins/Experimental/CharacterAI/CharacterAI.uplugin" 14
"../../../Engine/Plugins/Experimental/CodeView/CodeView.uplugin" 15
"../../../Engine/Plugins/Experimental/LiveEditor/LiveEditor.uplugin" 16
"../../../Engine/Plugins/Experimental/Phya/Phya.uplugin" 17
"../../../Engine/Plugins/Experimental/SteamVR/SteamVR.uplugin" 18
"../../../Engine/Plugins/Media/AvfMedia/AvfMedia.uplugin" 19
"../../../Engine/Plugins/Media/MediaPlayerEditor/MediaPlayerEditor.uplugin" 20
"../../../Engine/Plugins/Media/WmfMedia/WmfMedia.uplugin" 21
"../../../Engine/Plugins/Messaging/MessagingDebugger/MessagingDebugger.uplugin" 22
"../../../Engine/Plugins/Messaging/ShmMessaging/ShmMessaging.uplugin" 23
"../../../Engine/Plugins/Messaging/UdpMessaging/UdpMessaging.uplugin" 24
"../../../Engine/Plugins/Runtime/Advertising/IOSTapJoy/IOSTapJoy.uplugin" 25
"../../../Engine/Plugins/Runtime/Analytics/AnalyticsBlueprintLibrary/AnalyticsBlueprintLibrary.uplugin" 26
"../../../Engine/Plugins/Runtime/Analytics/Apsalar/IOSApsalar/IOSApsalar.uplugin" 27
"../../../Engine/Plugins/Runtime/Analytics/FileLogging/FileLogging.uplugin" 28
"../../../Engine/Plugins/Runtime/AndroidDeviceProfileSelector/AndroidDeviceProfileSelector.uplugin" 29
"../../../Engine/Plugins/Runtime/AppleMoviePlayer/AppleMoviePlayer.uplugin" 30
"../../../Engine/Plugins/Runtime/CableComponent/CableComponent.uplugin" 31
"../../../Engine/Plugins/Runtime/CustomMeshComponent/CustomMeshComponent.uplugin" 32
"../../../Engine/Plugins/Runtime/ExampleDeviceProfileSelector/ExampleDeviceProfileSelector.uplugin" 33
"../../../Engine/Plugins/Runtime/IOSDeviceProfileSelector/IOSDeviceProfileSelector.uplugin" 34
"../../../Engine/Plugins/Runtime/LiveEditorListenServer/LiveEditorListenServer.uplugin" 35
"../../../Engine/Plugins/Runtime/OculusRift/OculusRift.uplugin" 36
"../../../Engine/Plugins/Runtime/SoundMod/SoundMod.uplugin" 37
"../../../Engine/Plugins/Runtime/SoundVisualizations/SoundVisualizations.uplugin" 38
"../../../Engine/Plugins/Runtime/TwitchLiveStreaming/TwitchLiveStreaming.uplugin" 39
"../../../Engine/Plugins/Runtime/WindowsDeviceProfileSelector/WindowsDeviceProfileSelector.uplugin" 40
"../../../Engine/Plugins/Runtime/WindowsMoviePlayer/WindowsMoviePlayer.uplugin" 41
"../../../Engine/Plugins/ScriptGeneratorPlugin/ScriptGeneratorPlugin.uplugin" 42
"../../../Engine/Plugins/ScriptPlugin/ScriptPlugin.uplugin" 43
"../../../Engine/Plugins/Slate/SlateRemote/SlateRemote.uplugin" 44
"..\..\..\Engine\Content\Internationalization\icudt53l\cnvalias.icu" 45
"..\..\..\Engine\Content\Internationalization\icudt53l\en_US_POSIX.res" 46
"..\..\..\Engine\Content\Internationalization\icudt53l\pool.res" 47
"..\..\..\Engine\Content\Internationalization\icudt53l\en_US.res" 48
"..\..\..\Engine\Content\Internationalization\icudt53l\en.res" 49
"..\..\..\Engine\Content\Internationalization\icudt53l\root.res" 50
"..\..\..\Engine\Content\Internationalization\icudt53l\coll\ucadata.icu" 51
"..\..\..\Engine\Content\Internationalization\icudt53l\nfc.nrm" 52
"..\..\..\Engine\Content\Internationalization\icudt53l\coll\en_US_POSIX.res" 53
"..\..\..\Engine\Content\Internationalization\icudt53l\coll\en_US.res" 54
"..\..\..\Engine\Content\Internationalization\icudt53l\coll\en.res" 55
"..\..\..\Engine\Content\Internationalization\icudt53l\coll\root.res" 56
"..\..\..\Engine\Content\Internationalization\icudt53l\numberingSystems.res" 57
"..\..\..\Engine\Content\Internationalization\icudt53l\curr\supplementalData.res" 58
"..\..\..\Engine\Content\Internationalization\icudt53l\curr\pool.res" 59
"..\..\..\Engine\Content\Internationalization\icudt53l\curr\en.res" 60
"..\..\..\Engine\Content\Internationalization\icudt53l\curr\root.res" 61
"..\..\..\Engine\Content\Internationalization\icudt53l\plurals.res" 62
"..\..\..\Engine\Content\Internationalization\icudt53l\windowsZones.res" 63
"..\..\..\Engine\Content\Internationalization\icudt53l\zoneinfo64.res" 64
"..\..\..\Engine\Content\Internationalization\icudt53l\keyTypeData.res" 65
"..\..\..\Engine\Content\Internationalization\icudt53l\timezoneTypes.res" 66
"..\..\..\Engine\Content\Internationalization\icudt53l\supplementalData.res" 67
"..\..\..\Engine\Content\Internationalization\icudt53l\likelySubtags.res" 68
"../../../Engine/Config/Base.ini" 69
"../../../Engine/Config/BaseEngine.ini" 70
"../../../../Projects/Sequence 4.6/Config/DefaultEngine.ini" 71
"../../../Engine/Config/Windows/WindowsEngine.ini" 72
"F:/Unreal Engine/Projects/Sequence 4.6/Saved/Config/Windows/Engine.ini" 73
"../../../../Projects/Sequence 4.6/Saved/Config/CleanSourceConfigs/Engine.ini" 74
"../../../Engine/Config/BaseGame.ini" 75
"../../../../Projects/Sequence 4.6/Config/DefaultGame.ini" 76
"F:/Unreal Engine/Projects/Sequence 4.6/Saved/Config/Windows/Game.ini" 77
"../../../../Projects/Sequence 4.6/Saved/Config/CleanSourceConfigs/Game.ini" 78
"../../../Engine/Config/BaseInput.ini" 79
"../../../../Projects/Sequence 4.6/Config/DefaultInput.ini" 80
"F:/Unreal Engine/Projects/Sequence 4.6/Saved/Config/Windows/Input.ini" 81
"../../../../Projects/Sequence 4.6/Saved/Config/CleanSourceConfigs/Input.ini" 82
"../../../Engine/Config/BaseEditor.ini" 83
"F:/Unreal Engine/Projects/Sequence 4.6/Saved/Config/Windows/Editor.ini" 84
"../../../../Projects/Sequence 4.6/Saved/Config/CleanSourceConfigs/Editor.ini" 85
"../../../Engine/Config/BaseEditorLayout.ini" 86
"F:/Unreal Engine/Projects/Sequence 4.6/Saved/Config/Windows/EditorLayout.ini" 87
"../../../../Projects/Sequence 4.6/Saved/Config/CleanSourceConfigs/EditorLayout.ini" 88
"../../../Engine/Config/BaseEditorUserSettings.ini" 89
"F:/Unreal Engine/Projects/Sequence 4.6/Saved/Config/Windows/EditorUserSettings.ini" 90
"../../../../Projects/Sequence 4.6/Saved/Config/CleanSourceConfigs/EditorUserSettings.ini" 91
"../../../Engine/Config/BaseEditorKeyBindings.ini" 92
"F:/Unreal Engine/Projects/Sequence 4.6/Saved/Config/Windows/EditorKeyBindings.ini" 93
"../../../../Projects/Sequence 4.6/Saved/Config/CleanSourceConfigs/EditorKeyBindings.ini" 94
"../../../Engine/Config/BaseCompat.ini" 95
"F:/Unreal Engine/Projects/Sequence 4.6/Saved/Config/Windows/Compat.ini" 96
"../../../../Projects/Sequence 4.6/Saved/Config/CleanSourceConfigs/Compat.ini" 97
"../../../Engine/Config/BaseLightmass.ini" 98
"F:/Unreal Engine/Projects/Sequence 4.6/Saved/Config/Windows/Lightmass.ini" 99
"../../../../Projects/Sequence 4.6/Saved/Config/CleanSourceConfigs/Lightmass.ini" 100
"../../../Engine/Config/BaseScalability.ini" 101
"F:/Unreal Engine/Projects/Sequence 4.6/Saved/Config/Windows/Scalability.ini" 102
"../../../../Projects/Sequence 4.6/Saved/Config/CleanSourceConfigs/Scalability.ini" 103
"F:/Unreal Engine/Projects/Sequence 4.6/Saved/Config/Windows/GameUserSettings.ini" 104
"../../../../Projects/Sequence 4.6/Saved/Config/CleanSourceConfigs/GameUserSettings.ini" 105
"../../../Engine/Config/BaseDeviceProfiles.ini" 106
"F:/Unreal Engine/Projects/Sequence 4.6/Saved/Config/Windows/DeviceProfiles.ini" 107
"../../../../Projects/Sequence 4.6/Saved/Config/CleanSourceConfigs/DeviceProfiles.ini" 108
"../../../Engine/Config/ConsoleVariables.ini" 109
"..\..\..\Engine\Content\Internationalization\icudt53l\es.res" 110
"..\..\..\Engine\Content\Internationalization\icudt53l\coll\es.res" 111
"..\..\..\Engine\Content\Internationalization\icudt53l\curr\es.res" 112
"..\..\..\Engine\Content\Internationalization\icudt53l\es_ES.res" 113
"..\..\..\Engine\Content\Internationalization\icudt53l\ja.res" 114
"..\..\..\Engine\Content\Internationalization\icudt53l\coll\ja.res" 115
"..\..\..\Engine\Content\Internationalization\icudt53l\curr\ja.res" 116
"..\..\..\Engine\Content\Internationalization\icudt53l\ja_JP.res" 117
"..\..\..\Engine\Content\Internationalization\icudt53l\ko.res" 118
"..\..\..\Engine\Content\Internationalization\icudt53l\coll\ko.res" 119
"..\..\..\Engine\Content\Internationalization\icudt53l\curr\ko.res" 120
"..\..\..\Engine\Content\Internationalization\icudt53l\ko_KR.res" 121
"..\..\..\Engine\Content\Internationalization\icudt53l\pt_BR.res" 122
"..\..\..\Engine\Content\Internationalization\icudt53l\pt.res" 123
"..\..\..\Engine\Content\Internationalization\icudt53l\coll\pt.res" 124
"..\..\..\Engine\Content\Internationalization\icudt53l\curr\pt.res" 125
"..\..\..\Engine\Content\Internationalization\icudt53l\zh_CN.res" 126
"..\..\..\Engine\Content\Internationalization\icudt53l\zh_Hans_CN.res" 127
"..\..\..\Engine\Content\Internationalization\icudt53l\zh_Hans.res" 128
"..\..\..\Engine\Content\Internationalization\icudt53l\zh.res" 129
"..\..\..\Engine\Content\Internationalization\icudt53l\coll\zh_CN.res" 130
"..\..\..\Engine\Content\Internationalization\icudt53l\coll\zh_Hans_CN.res" 131
"..\..\..\Engine\Content\Internationalization\icudt53l\coll\zh_Hans.res" 132
"..\..\..\Engine\Content\Internationalization\icudt53l\coll\zh.res" 133
"..\..\..\Engine\Content\Internationalization\icudt53l\curr\zh_CN.res" 134
"..\..\..\Engine\Content\Internationalization\icudt53l\curr\zh_Hans_CN.res" 135
"..\..\..\Engine\Content\Internationalization\icudt53l\curr\zh_Hans.res" 136
"..\..\..\Engine\Content\Internationalization\icudt53l\curr\zh.res" 137
"F:/Unreal Engine/4.6/Engine/Content/Localization/Editor/en/Editor.locres" 138
"F:/Unreal Engine/4.6/Engine/Content/Localization/EditorTutorials/en/EditorTutorials.locres" 139
"F:/Unreal Engine/4.6/Engine/Content/Localization/Engine/en/Engine.locres" 140
"../../../Engine/Content/Slate/Fonts/Roboto-Regular.ttf" 141
"../../../Engine/Content/Slate/Fonts/Roboto-Bold.ttf" 142
"../../../Engine/Content/Slate/Fonts/Roboto-Light.ttf" 143
"../../../Engine/Content/Slate/Fonts/DroidSansMono.ttf" 144
"F:/Unreal Engine/4.6/Engine/Binaries/Win64/../../../Engine/Shaders/ParticleSpriteVertexFactory.usf" 145
"F:/Unreal Engine/4.6/Engine/Binaries/Win64/../../../Engine/Shaders/VertexFactoryCommon.usf" 146
"F:/Unreal Engine/4.6/Engine/Binaries/Win64/../../../Engine/Shaders/Common.usf" 147
"F:/Unreal Engine/4.6/Engine/Binaries/Win64/../../../Engine/Shaders/ShaderVersion.usf" 148
"F:/Unreal Engine/4.6/Engine/Binaries/Win64/../../../Engine/Shaders/Definitions.usf" 149
"F:/Unreal Engine/4.6/Engine/Binaries/Win64/../../../Engine/Shaders/Random.usf" 150
"F:/Unreal Engine/4.6/Engine/Binaries/Win64/../../../Engine/Shaders/ParticleVertexFactoryCommon.usf" 151
"F:/Unreal Engine/4.6/Engine/Binaries/Win64/../../../Engine/Shaders/ParticleGPUSpriteVertexFactory.usf" 152
"F:/Unreal Engine/4.6/Engine/Binaries/Win64/../../../Engine/Shaders/ParticleBeamTrailVertexFactory.usf" 153
"F:/Unreal Engine/4.6/Engine/Binaries/Win64/../../../Engine/Shaders/VectorFieldVisualizationVertexFactory.usf" 154
"F:/Unreal Engine/4.6/Engine/Binaries/Win64/../../../Engine/Shaders/LocalVertexFactory.usf" 155
"F:/Unreal Engine/4.6/Engine/Binaries/Win64/../../../Engine/Shaders/LocalVertexFactoryCommon.usf" 156
"F:/Unreal Engine/4.6/Engine/Binaries/Win64/../../../Engine/Shaders/MeshParticleVertexFactory.usf" 157
"F:/Unreal Engine/4.6/Engine/Binaries/Win64/../../../Engine/Shaders/GpuSkinVertexFactory.usf" 158
"F:/Unreal Engine/4.6/Engine/Binaries/Win64/../../../Engine/Shaders/GpuSkinCacheCommon.usf" 159
"F:/Unreal Engine/4.6/Engine/Binaries/Win64/../../../Engine/Shaders/LandscapeVertexFactory.usf" 160
"F:/Unreal Engine/4.6/Engine/Binaries/Win64/../../../Engine/Shaders/SlateElementPixelShader.usf" 161
"F:/Unreal Engine/4.6/Engine/Binaries/Win64/../../../Engine/Shaders/MaterialTemplate.usf" 162
"F:/Unreal Engine/4.6/Engine/Binaries/Win64/../../../Engine/Shaders/DepthOfFieldCommon.usf" 163
"F:/Unreal Engine/4.6/Engine/Binaries/Win64/../../../Engine/Shaders/SpeedTreeCommon.usf" 164
"F:/Unreal Engine/4.6/Engine/Binaries/Win64/../../../Engine/Shaders/AtmosphereCommon.usf" 165
"F:/Unreal Engine/4.6/Engine/Binaries/Win64/../../../Engine/Shaders/PostProcessCommon.usf" 166
"F:/Unreal Engine/4.6/Engine/Binaries/Win64/../../../Engine/Shaders/DeferredShadingCommon.usf" 167
"F:/Unreal Engine/4.6/Engine/Binaries/Win64/../../../Engine/Shaders/LightAccumulator.usf" 168
"F:/Unreal Engine/4.6/Engine/Binaries/Win64/../../../Engine/Shaders/SlateVertexShader.usf" 169
"F:/Unreal Engine/4.6/Engine/Binaries/Win64/../../../Engine/Shaders/OneColorShader.usf" 170
"F:/Unreal Engine/4.6/Engine/Binaries/Win64/../../../Engine/Shaders/ResolveVertexShader.usf" 171
"F:/Unreal Engine/4.6/Engine/Binaries/Win64/../../../Engine/Shaders/ResolvePixelShader.usf" 172
"F:/Unreal Engine/4.6/Engine/Binaries/Win64/../../../Engine/Shaders/VisualizeTexture.usf" 173
"F:/Unreal Engine/4.6/Engine/Binaries/Win64/../../../Engine/Shaders/ScreenSpaceReflections.usf" 174
"F:/Unreal Engine/4.6/Engine/Binaries/Win64/../../../Engine/Shaders/BRDF.usf" 175
"F:/Unreal Engine/4.6/Engine/Binaries/Win64/../../../Engine/Shaders/MonteCarlo.usf" 176
"F:/Unreal Engine/4.6/Engine/Binaries/Win64/../../../Engine/Shaders/FilterVertexShader.usf" 177
"F:/Unreal Engine/4.6/Engine/Binaries/Win64/../../../Engine/Shaders/FilterPixelShader.usf" 178
"F:/Unreal Engine/4.6/Engine/Binaries/Win64/../../../Engine/Shaders/PostProcessVisualizeHDR.usf" 179
"F:/Unreal Engine/4.6/Engine/Binaries/Win64/../../../Engine/Shaders/PostProcessHistogramCommon.usf" 180
"F:/Unreal Engine/4.6/Engine/Binaries/Win64/../../../Engine/Shaders/TonemapCommon.usf" 181
"F:/Unreal Engine/4.6/Engine/Binaries/Win64/../../../Engine/Shaders/MiniFontCommon.usf" 182
"F:/Unreal Engine/4.6/Engine/Binaries/Win64/../../../Engine/Shaders/PostProcessVisualizeBuffer.usf" 183
"F:/Unreal Engine/4.6/Engine/Binaries/Win64/../../../Engine/Shaders/PostProcessUpscale.usf" 184
"F:/Unreal Engine/4.6/Engine/Binaries/Win64/../../../Engine/Shaders/PostProcessTonemap.usf" 185
"F:/Unreal Engine/4.6/Engine/Binaries/Win64/../../../Engine/Shaders/PostProcessTestImage.usf" 186
"F:/Unreal Engine/4.6/Engine/Binaries/Win64/../../../Engine/Shaders/PostProcessTemporalAA.usf" 187
"F:/Unreal Engine/4.6/Engine/Binaries/Win64/../../../Engine/Shaders/PostProcessTemporalCommon.usf" 188
"F:/Unreal Engine/4.6/Engine/Binaries/Win64/../../../Engine/Shaders/PostProcessSubsurface.usf" 189
"F:/Unreal Engine/4.6/Engine/Binaries/Win64/../../../Engine/Shaders/SeparableSSS.usf" 190
"F:/Unreal Engine/4.6/Engine/Binaries/Win64/../../../Engine/Shaders/PostProcessSelectionOutline.usf" 191
"F:/Unreal Engine/4.6/Engine/Binaries/Win64/../../../Engine/Shaders/PostProcessSceneColorFringe.usf" 192
"F:/Unreal Engine/4.6/Engine/Binaries/Win64/../../../Engine/Shaders/PostProcessNoiseBlur.usf" 193
"F:/Unreal Engine/4.6/Engine/Binaries/Win64/../../../Engine/Shaders/PostProcessMotionBlur.usf" 194
"F:/Unreal Engine/4.6/Engine/Binaries/Win64/../../../Engine/Shaders/MorpheusInclude.usf" 195
"F:/Unreal Engine/4.6/Engine/Binaries/Win64/../../../Engine/Shaders/PostProcessMobile.usf" 196
"F:/Unreal Engine/4.6/Engine/Binaries/Win64/../../../Engine/Shaders/PostProcessMaterialShaders.usf" 197
"F:/Unreal Engine/4.6/Engine/Binaries/Win64/../../../Engine/Shaders/PostProcessLensFlares.usf" 198
"F:/Unreal Engine/4.6/Engine/Binaries/Win64/../../../Engine/Shaders/PostProcessLensBlur.usf" 199
"F:/Unreal Engine/4.6/Engine/Binaries/Win64/../../../Engine/Shaders/PostProcessBloom.usf" 200
"F:/Unreal Engine/4.6/Engine/Binaries/Win64/../../../Engine/Shaders/PostProcessHMD.usf" 201
"F:/Unreal Engine/4.6/Engine/Binaries/Win64/../../../Engine/Shaders/PostProcessHistogramReduce.usf" 202
"F:/Unreal Engine/4.6/Engine/Binaries/Win64/../../../Engine/Shaders/PostProcessHistogram.usf" 203
"F:/Unreal Engine/4.6/Engine/Binaries/Win64/../../../Engine/Shaders/PostProcessGBufferHints.usf" 204
"F:/Unreal Engine/4.6/Engine/Binaries/Win64/../../../Engine/Shaders/PostProcessEyeAdaptation.usf" 205
"F:/Unreal Engine/4.6/Engine/Binaries/Win64/../../../Engine/Shaders/PostProcessDownsample.usf" 206
"F:/Unreal Engine/4.6/Engine/Binaries/Win64/../../../Engine/Shaders/PostProcessDOF.usf" 207
"F:/Unreal Engine/4.6/Engine/Binaries/Win64/../../../Engine/Shaders/PostProcessCompositeEditorPrimitives.usf" 208
"F:/Unreal Engine/4.6/Engine/Binaries/Win64/../../../Engine/Shaders/PostProcessCombineLUTs.usf" 209
"F:/Unreal Engine/4.6/Engine/Binaries/Win64/../../../Engine/Shaders/PostProcessBusyWait.usf" 210
"F:/Unreal Engine/4.6/Engine/Binaries/Win64/../../../Engine/Shaders/PostProcessBokehDOF.usf" 211
"F:/Unreal Engine/4.6/Engine/Binaries/Win64/../../../Engine/Shaders/FXAAShader.usf" 212
"F:/Unreal Engine/4.6/Engine/Binaries/Win64/../../../Engine/Shaders/Fxaa3_11.usf" 213
"F:/Unreal Engine/4.6/Engine/Binaries/Win64/../../../Engine/Shaders/PostProcessPassThrough.usf" 214
"F:/Unreal Engine/4.6/Engine/Binaries/Win64/../../../Engine/Shaders/PostProcessLpvIndirect.usf" 215
"F:/Unreal Engine/4.6/Engine/Binaries/Win64/../../../Engine/Shaders/DeferredLightingCommon.usf" 216
"F:/Unreal Engine/4.6/Engine/Binaries/Win64/../../../Engine/Shaders/DynamicLightingCommon.usf" 217
"F:/Unreal Engine/4.6/Engine/Binaries/Win64/../../../Engine/Shaders/IESLightProfilesCommon.usf" 218
"F:/Unreal Engine/4.6/Engine/Binaries/Win64/../../../Engine/Shaders/LPVFinalPass.usf" 219
"F:/Unreal Engine/4.6/Engine/Binaries/Win64/../../../Engine/Shaders/LPVCommon.usf" 220
"F:/Unreal Engine/4.6/Engine/Binaries/Win64/../../../Engine/Shaders/DeferredDecal.usf" 221
"F:/Unreal Engine/4.6/Engine/Binaries/Win64/../../../Engine/Shaders/PostProcessAmbientOcclusion.usf" 222
"F:/Unreal Engine/4.6/Engine/Binaries/Win64/../../../Engine/Shaders/PostProcessAmbient.usf" 223
"F:/Unreal Engine/4.6/Engine/Binaries/Win64/../../../Engine/Shaders/CubemapCommon.usf" 224
"F:/Unreal Engine/4.6/Engine/Binaries/Win64/../../../Engine/Shaders/VelocityShader.usf" 225
"F:/Unreal Engine/4.6/Engine/Binaries/Win64/../../../Engine/Shaders/Tessellation.usf" 226
"F:/Unreal Engine/4.6/Engine/Binaries/Win64/../../../Engine/Shaders/FlatTessellation.usf" 227
"F:/Unreal Engine/4.6/Engine/Binaries/Win64/../../../Engine/Shaders/PNTriangles.usf" 228
"F:/Unreal Engine/4.6/Engine/Binaries/Win64/../../../Engine/Shaders/TranslucentLightingShaders.usf" 229
"F:/Unreal Engine/4.6/Engine/Binaries/Win64/../../../Engine/Shaders/SHCommon.usf" 230
"F:/Unreal Engine/4.6/Engine/Binaries/Win64/../../../Engine/Shaders/ShadowProjectionCommon.usf" 231
"F:/Unreal Engine/4.6/Engine/Binaries/Win64/../../../Engine/Shaders/TranslucentLightInjectionShaders.usf" 232
"F:/Unreal Engine/4.6/Engine/Binaries/Win64/../../../Engine/Shaders/LightFunctionCommon.usf" 233
"F:/Unreal Engine/4.6/Engine/Binaries/Win64/../../../Engine/Shaders/TranslucentShadowDepthShaders.usf" 234
"F:/Unreal Engine/4.6/Engine/Binaries/Win64/../../../Engine/Shaders/ShadowDepthCommon.usf" 235
"F:/Unreal Engine/4.6/Engine/Binaries/Win64/../../../Engine/Shaders/TiledDeferredLightShaders.usf" 236
"F:/Unreal Engine/4.6/Engine/Binaries/Win64/../../../Engine/Shaders/ShadowProjectionPixelShader.usf" 237
"F:/Unreal Engine/4.6/Engine/Binaries/Win64/../../../Engine/Shaders/ShadowFilteringCommon.usf" 238
"F:/Unreal Engine/4.6/Engine/Binaries/Win64/../../../Engine/Shaders/ShadowProjectionVertexShader.usf" 239
"F:/Unreal Engine/4.6/Engine/Binaries/Win64/../../../Engine/Shaders/ShadowDepthPixelShader.usf" 240
"F:/Unreal Engine/4.6/Engine/Binaries/Win64/../../../Engine/Shaders/LPVWriteVplCommon.usf" 241
"F:/Unreal Engine/4.6/Engine/Binaries/Win64/../../../Engine/Shaders/LPVWriteCommon.usf" 242
"F:/Unreal Engine/4.6/Engine/Binaries/Win64/../../../Engine/Shaders/ShadowDepthVertexShader.usf" 243
"F:/Unreal Engine/4.6/Engine/Binaries/Win64/../../../Engine/Shaders/ShaderComplexityApplyPixelShader.usf" 244
"F:/Unreal Engine/4.6/Engine/Binaries/Win64/../../../Engine/Shaders/ShaderComplexityApplyVertexShader.usf" 245
"F:/Unreal Engine/4.6/Engine/Binaries/Win64/../../../Engine/Shaders/ShaderComplexityAccumulatePixelShader.usf" 246
"F:/Unreal Engine/4.6/Engine/Binaries/Win64/../../../Engine/Shaders/HZBOcclusion.usf" 247
"F:/Unreal Engine/4.6/Engine/Binaries/Win64/../../../Engine/Shaders/OcclusionQueryVertexShader.usf" 248
"F:/Unreal Engine/4.6/Engine/Binaries/Win64/../../../Engine/Shaders/HitProxyPixelShader.usf" 249
"F:/Unreal Engine/4.6/Engine/Binaries/Win64/../../../Engine/Shaders/HitProxyVertexShader.usf" 250
"F:/Unreal Engine/4.6/Engine/Binaries/Win64/../../../Engine/Shaders/ReflectionEnvironmentShaders.usf" 251
"F:/Unreal Engine/4.6/Engine/Binaries/Win64/../../../Engine/Shaders/ReflectionEnvironmentShared.usf" 252
"F:/Unreal Engine/4.6/Engine/Binaries/Win64/../../../Engine/Shaders/SkyLightingShared.usf" 253
"F:/Unreal Engine/4.6/Engine/Binaries/Win64/../../../Engine/Shaders/ReflectionEnvironmentComputeShaders.usf" 254
"F:/Unreal Engine/4.6/Engine/Binaries/Win64/../../../Engine/Shaders/LightShaftShader.usf" 255
"F:/Unreal Engine/4.6/Engine/Binaries/Win64/../../../Engine/Shaders/StationaryLightOverlapShaders.usf" 256
"F:/Unreal Engine/4.6/Engine/Binaries/Win64/../../../Engine/Shaders/DeferredLightPixelShaders.usf" 257
"F:/Unreal Engine/4.6/Engine/Binaries/Win64/../../../Engine/Shaders/DeferredLightVertexShaders.usf" 258
"F:/Unreal Engine/4.6/Engine/Binaries/Win64/../../../Engine/Shaders/LPVVisualise.usf" 259
"F:/Unreal Engine/4.6/Engine/Binaries/Win64/../../../Engine/Shaders/LPVGeometryVolumeCommon.usf" 260
"F:/Unreal Engine/4.6/Engine/Binaries/Win64/../../../Engine/Shaders/LPVDirectLightInject.usf" 261
"F:/Unreal Engine/4.6/Engine/Binaries/Win64/../../../Engine/Shaders/LPVPropagate.usf" 262
"F:/Unreal Engine/4.6/Engine/Binaries/Win64/../../../Engine/Shaders/LPVBuildGeometryVolume.usf" 263
"F:/Unreal Engine/4.6/Engine/Binaries/Win64/../../../Engine/Shaders/LPVInject_AccumulateVplLists.usf" 264
"F:/Unreal Engine/4.6/Engine/Binaries/Win64/../../../Engine/Shaders/LPVInject_GenerateVplLists.usf" 265
"F:/Unreal Engine/4.6/Engine/Binaries/Win64/../../../Engine/Shaders/LPVClearLists.usf" 266
"F:/Unreal Engine/4.6/Engine/Binaries/Win64/../../../Engine/Shaders/LPVClear.usf" 267
"F:/Unreal Engine/4.6/Engine/Binaries/Win64/../../../Engine/Shaders/LightMapDensityShader.usf" 268
"F:/Unreal Engine/4.6/Engine/Binaries/Win64/../../../Engine/Shaders/LightFunctionPixelShader.usf" 269
"F:/Unreal Engine/4.6/Engine/Binaries/Win64/../../../Engine/Shaders/LightFunctionVertexShader.usf" 270
"F:/Unreal Engine/4.6/Engine/Binaries/Win64/../../../Engine/Shaders/HdrCustomResolveShaders.usf" 271
"F:/Unreal Engine/4.6/Engine/Binaries/Win64/../../../Engine/Shaders/GPUBenchmark.usf" 272
"F:/Unreal Engine/4.6/Engine/Binaries/Win64/../../../Engine/Shaders/GammaCorrection.usf" 273
"F:/Unreal Engine/4.6/Engine/Binaries/Win64/../../../Engine/Shaders/BasePassForForwardShadingPixelShader.usf" 274
"F:/Unreal Engine/4.6/Engine/Binaries/Win64/../../../Engine/Shaders/BasePassForForwardShadingCommon.usf" 275
"F:/Unreal Engine/4.6/Engine/Binaries/Win64/../../../Engine/Shaders/LightmapCommon.usf" 276
"F:/Unreal Engine/4.6/Engine/Binaries/Win64/../../../Engine/Shaders/BasePassForForwardShadingVertexShader.usf" 277
"F:/Unreal Engine/4.6/Engine/Binaries/Win64/../../../Engine/Shaders/HeightFogCommon.usf" 278
"F:/Unreal Engine/4.6/Engine/Binaries/Win64/../../../Engine/Shaders/HeightFogPixelShader.usf" 279
"F:/Unreal Engine/4.6/Engine/Binaries/Win64/../../../Engine/Shaders/HeightFogVertexShader.usf" 280
"F:/Unreal Engine/4.6/Engine/Binaries/Win64/../../../Engine/Shaders/DistortAccumulatePS.usf" 281
"F:/Unreal Engine/4.6/Engine/Binaries/Win64/../../../Engine/Shaders/DistortAccumulateVS.usf" 282
"F:/Unreal Engine/4.6/Engine/Binaries/Win64/../../../Engine/Shaders/DistortApplyScreenPS.usf" 283
"F:/Unreal Engine/4.6/Engine/Binaries/Win64/../../../Engine/Shaders/SkyLighting.usf" 284
"F:/Unreal Engine/4.6/Engine/Binaries/Win64/../../../Engine/Shaders/DistanceFieldSurfaceCacheLighting.usf" 285
"F:/Unreal Engine/4.6/Engine/Binaries/Win64/../../../Engine/Shaders/DistanceFieldLightingShared.usf" 286
"F:/Unreal Engine/4.6/Engine/Binaries/Win64/../../../Engine/Shaders/DistanceFieldAOShared.usf" 287
"F:/Unreal Engine/4.6/Engine/Binaries/Win64/../../../Engine/Shaders/DistanceFieldSurfaceCacheLightingCompute.usf" 288
"F:/Unreal Engine/4.6/Engine/Binaries/Win64/../../../Engine/Shaders/DistanceFieldShadowing.usf" 289
"F:/Unreal Engine/4.6/Engine/Binaries/Win64/../../../Engine/Shaders/DepthOnlyPixelShader.usf" 290
"F:/Unreal Engine/4.6/Engine/Binaries/Win64/../../../Engine/Shaders/DepthOnlyVertexShader.usf" 291
"F:/Unreal Engine/4.6/Engine/Binaries/Win64/../../../Engine/Shaders/PositionOnlyDepthVertexShader.usf" 292
"F:/Unreal Engine/4.6/Engine/Binaries/Win64/../../../Engine/Shaders/DownsampleDepthPixelShader.usf" 293
"F:/Unreal Engine/4.6/Engine/Binaries/Win64/../../../Engine/Shaders/BasePassPixelShader.usf" 294
"F:/Unreal Engine/4.6/Engine/Binaries/Win64/../../../Engine/Shaders/BasePassCommon.usf" 295
"F:/Unreal Engine/4.6/Engine/Binaries/Win64/../../../Engine/Shaders/BasePassVertexShader.usf" 296
"F:/Unreal Engine/4.6/Engine/Binaries/Win64/../../../Engine/Shaders/BasePassVertexCommon.usf" 297
"F:/Unreal Engine/4.6/Engine/Binaries/Win64/../../../Engine/Shaders/BasePassTessellationShaders.usf" 298
"F:/Unreal Engine/4.6/Engine/Binaries/Win64/../../../Engine/Shaders/AtmospherePrecompute.usf" 299
"F:/Unreal Engine/4.6/Engine/Binaries/Win64/../../../Engine/Shaders/AtmospherePrecomputeCommon.usf" 300
"F:/Unreal Engine/4.6/Engine/Binaries/Win64/../../../Engine/Shaders/AtmospherePrecomputeInscatter.usf" 301
"F:/Unreal Engine/4.6/Engine/Binaries/Win64/../../../Engine/Shaders/AtmosphericFogShader.usf" 302
"F:/Unreal Engine/4.6/Engine/Binaries/Win64/../../../Engine/Shaders/ParticleSortKeyGen.usf" 303
"F:/Unreal Engine/4.6/Engine/Binaries/Win64/../../../Engine/Shaders/ParticleBoundsShader.usf" 304
"F:/Unreal Engine/4.6/Engine/Binaries/Win64/../../../Engine/Shaders/ParticleSimVisualizeShader.usf" 305
"F:/Unreal Engine/4.6/Engine/Binaries/Win64/../../../Engine/Shaders/ParticleInjectionShader.usf" 306
"F:/Unreal Engine/4.6/Engine/Binaries/Win64/../../../Engine/Shaders/ParticleSimulationShader.usf" 307
"F:/Unreal Engine/4.6/Engine/Binaries/Win64/../../../Engine/Shaders/ParticleCurveInjectionShader.usf" 308
"F:/Unreal Engine/4.6/Engine/Binaries/Win64/../../../Engine/Shaders/VectorFieldCompositeShaders.usf" 309
"F:/Unreal Engine/4.6/Engine/Binaries/Win64/../../../Engine/Shaders/UpdateTextureShaders.usf" 310
"F:/Unreal Engine/4.6/Engine/Binaries/Win64/../../../Engine/Shaders/SimpleElementColorChannelMaskPixelShader.usf" 311
"F:/Unreal Engine/4.6/Engine/Binaries/Win64/../../../Engine/Shaders/SimpleElementHitProxyPixelShader.usf" 312
"F:/Unreal Engine/4.6/Engine/Binaries/Win64/../../../Engine/Shaders/SimpleElementPixelShader.usf" 313
"F:/Unreal Engine/4.6/Engine/Binaries/Win64/../../../Engine/Shaders/ColorUtils.usf" 314
"F:/Unreal Engine/4.6/Engine/Binaries/Win64/../../../Engine/Shaders/SimpleElementVertexShader.usf" 315
"F:/Unreal Engine/4.6/Engine/Binaries/Win64/../../../Engine/Shaders/ScreenVertexShader.usf" 316
"F:/Unreal Engine/4.6/Engine/Binaries/Win64/../../../Engine/Shaders/ScreenPixelShader.usf" 317
"F:/Unreal Engine/4.6/Engine/Binaries/Win64/../../../Engine/Shaders/RadixSortShaders.usf" 318
"F:/Unreal Engine/4.6/Engine/Binaries/Win64/../../../Engine/Shaders/GpuSkinCacheComputeShader.usf" 319
"F:/Unreal Engine/4.6/Engine/Binaries/Win64/../../../Engine/Shaders/NullPixelShader.usf" 320
"F:/Unreal Engine/4.6/Engine/Binaries/Win64/../../../Engine/Shaders/ClearReplacementShaders.usf" 321
"F:/Unreal Engine/4.6/Engine/Binaries/Win64/../../../Engine/Shaders/SimpleElementTexture2DPreviewPixelShader.usf" 322
"F:/Unreal Engine/4.6/Engine/Binaries/Win64/../../../Engine/Shaders/SimpleElementNormalMapPixelShader.usf" 323
"F:/Unreal Engine/4.6/Engine/Binaries/Win64/../../../Engine/Shaders/meshpaintdilatepixelshader.usf" 324
"F:/Unreal Engine/4.6/Engine/Binaries/Win64/../../../Engine/Shaders/meshpaintdilatevertexshader.usf" 325
"F:/Unreal Engine/4.6/Engine/Binaries/Win64/../../../Engine/Shaders/MeshPaintPixelShader.usf" 326
"F:/Unreal Engine/4.6/Engine/Binaries/Win64/../../../Engine/Shaders/MeshPaintVertexShader.usf" 327
"../../../Engine/Config/Android/AndroidEngine.ini" 328
"../../../Engine/Config/IOS/IOSEngine.ini" 329
"../../../Engine/Config/Linux/LinuxEngine.ini" 330
"C:/Users/Tarl/AppData/Local/UnrealEngine/4.6/DerivedDataCache/Boot.ddc" 331
"../../../../Projects/Sequence 4.6/DerivedDataCache/DDC.ddp" 332
"../../../Engine/DerivedDataCache/DDC.ddp" 333
"../../../Engine/Content/EditorResources/S_Actor.uasset" 334
"../../../Engine/Content/EditorLandscapeResources/DataLayer.uasset" 335
"../../../Engine/Content/Maps/Templates/Thumbnails/Default.uasset" 336
"../../../Engine/Content/EditorMaterials/ParticleSystems/PSysThumbnail_NoImage.uasset" 337
"../../../Engine/Content/EditorMaterials/ParticleSystems/PSysThumbnail_OOD.uasset" 338
"../../../Engine/Content/EngineDamageTypes/DmgTypeBP_Environmental.uasset" 339
"../../../Engine/Content/EngineMeshes/Sphere.uasset" 340
"../../../Engine/Content/EngineFonts/RobotoDistanceField.uasset" 341
"../../../Engine/Content/EngineMaterials/DefaultTextMaterialOpaque.uasset" 342
"../../../Engine/Content/Functions/Engine_MaterialFunctions01/Shading/PowerToRoughness.uasset" 343
"../../../Engine/Content/Functions/Engine_MaterialFunctions01/Shading/ConvertFromDiffSpec.uasset" 344
"../../../Engine/Content/EngineMaterials/WorldGridMaterial.uasset" 345
"../../../Engine/Content/Functions/Engine_MaterialFunctions01/Opacity/CameraDepthFade.uasset" 346
"../../../Engine/Content/EngineMaterials/T_Default_Material_Grid_M.uasset" 347
"../../../Engine/Content/EngineMaterials/T_Default_Material_Grid_N.uasset" 348
"../../../Engine/Content/EngineMaterials/DefaultDeferredDecalMaterial.uasset" 349
"../../../Engine/Content/EngineMaterials/DefaultDiffuse.uasset" 350
"../../../Engine/Content/EngineMaterials/DefaultLightFunctionMaterial.uasset" 351
"../../../Engine/Content/EngineMaterials/DefaultPostProcessMaterial.uasset" 352
"../../../Engine/Content/Functions/Engine_MaterialFunctions02/Utility/BreakOutFloat2Components.uasset" 353
"F:/Unreal Engine/Projects/Sequence 4.6/Intermediate/Shaders/WorkingDirectory/7012/0/WorkerOutputOnly.out" 354
"F:/Unreal Engine/Projects/Sequence 4.6/Intermediate/Shaders/WorkingDirectory/7012/1/WorkerOutputOnly.out" 355
"F:/Unreal Engine/Projects/Sequence 4.6/Intermediate/Shaders/WorkingDirectory/7012/4/WorkerOutputOnly.out" 356
"F:/Unreal Engine/Projects/Sequence 4.6/Intermediate/Shaders/WorkingDirectory/7012/7/WorkerOutputOnly.out" 357
"F:/Unreal Engine/Projects/Sequence 4.6/Intermediate/Shaders/WorkingDirectory/7012/6/WorkerOutputOnly.out" 358
"F:/Unreal Engine/Projects/Sequence 4.6/Intermediate/Shaders/WorkingDirectory/7012/5/WorkerOutputOnly.out" 359
"F:/Unreal Engine/Projects/Sequence 4.6/Intermediate/Shaders/WorkingDirectory/7012/2/WorkerOutputOnly.out" 360
"F:/Unreal Engine/Projects/Sequence 4.6/Intermediate/Shaders/WorkingDirectory/7012/3/WorkerOutputOnly.out" 361
"../../../Engine/Content/EditorResources/S_Trigger.uasset" 362
"../../../Engine/Content/EngineResources/WhiteSquareTexture.uasset" 363
"../../../Engine/Content/EngineResources/GradientTexture0.uasset" 364
"../../../Engine/Content/EngineResources/Black.uasset" 365
"../../../Engine/Content/EditorMaterials/MatineeGroups/MAT_Groups_Float.uasset" 366
"../../../Engine/Content/EditorMaterials/MatineeGroups/MAT_Groups_Director.uasset" 367
"../../../Engine/Content/EditorMaterials/MatineeGroups/MAT_Groups_Event.uasset" 368
"../../../Engine/Content/EditorMaterials/MatineeGroups/MAT_Groups_Anim.uasset" 369
"../../../Engine/Content/EditorMaterials/MatineeGroups/MAT_Groups_Fade.uasset" 370
"../../../Engine/Content/EditorMaterials/MatineeGroups/MAT_Groups_Move.uasset" 371
"../../../Engine/Content/EditorMaterials/MatineeGroups/MAT_Groups_Slomo.uasset" 372
"../../../Engine/Content/EditorMaterials/MatineeGroups/MAT_ColorTrack.uasset" 373
"../../../Engine/Content/EditorMaterials/MAT_Groups_Toggle.uasset" 374
"../../../Engine/Content/EditorMaterials/MatineeGroups/MAT_Groups_AudioMaster.uasset" 375
"../../../Engine/Content/EditorMaterials/MatineeGroups/MAT_Groups_Sound.uasset" 376
"../../../Engine/Content/EditorMaterials/MatineeGroups/MAT_Groups_Vector.uasset" 377
"../../../Engine/Content/EditorMaterials/MAT_Groups_Visibility.uasset" 378
"../../../Engine/Content/EngineResources/DefaultTexture.uasset" 379
"../../../Engine/Content/EngineResources/DefaultTextureCube.uasset" 380
"../../../Engine/Content/EngineSounds/Master.uasset" 381
"../../../Engine/Content/EngineSounds/Music.uasset" 382
"../../../Engine/Content/EngineSounds/SFX.uasset" 383
"../../../Engine/Content/EngineSounds/Normal_Attack.uasset" 384
"../../../Engine/Content/EngineSounds/Special_Attack_PSM.uasset" 385
"../../../Engine/Content/EngineSounds/Duck_Normal_Attack_MixMod.uasset" 386
"../../../Engine/Content/EngineSounds/Voice.uasset" 387
"../../../Engine/Content/EngineMeshes/Cylinder.uasset" 388
"../../../Engine/Content/EngineMaterials/DefaultMaterial.uasset" 389
"../../../Engine/Content/EngineTireTypes/DefaultTireType.uasset" 390
"../../../Engine/Content/Editor/Slate/Fonts/DroidSansMono.ttf" 391
"../../../Engine/Content/Editor/Slate/Fonts/Roboto-BoldCondensed.ttf" 392
"../../../Engine/Content/Editor/Slate/Fonts/Roboto-Black.ttf" 393
"../../../Engine/Content/Editor/Slate/Fonts/Roboto-BoldCondensedItalic.ttf" 394
"../../../Engine/Content/Editor/Slate/Fonts/Roboto-Italic.ttf" 395
"../../../Engine/Content/EngineFonts/Roboto.uasset" 396
"../../../Engine/Content/EngineMaterials/Widget3DPassThrough_Translucent.uasset" 397
"../../../Engine/Content/EngineMaterials/Widget3DPassThrough.uasset" 398
"../../../Engine/Content/EngineMaterials/Widget3DPassThrough_Translucent_OneSided.uasset" 399
"../../../Engine/Content/EngineMaterials/Widget3DPassThrough_Opaque.uasset" 400
"../../../Engine/Content/EngineMaterials/Widget3DPassThrough_Opaque_OneSided.uasset" 401
"../../../Engine/Plugins/2D/Paper2D/Content/MaskedUnlitSpriteMaterial.uasset" 402
"../../../Engine/Plugins/2D/Paper2D/Content/DefaultSpriteMaterial.uasset" 403
"../../../Engine/Plugins/2D/Paper2D/Content/DummySpriteTexture.uasset" 404
"../../../Engine/Plugins/2D/Paper2D/Content/OpaqueUnlitSpriteMaterial.uasset" 405
"../../../Engine/Plugins/2D/Paper2D/Content/DefaultPaperTerrainMaterial.uasset" 406
"../../../Engine/Plugins/2D/Paper2D/Content/DummySprite.uasset" 407
"C:/Users/Tarl/AppData/Local/UnrealEngine/4.6/Saved/Config/Windows/SourceControlSettings.ini" 408
"../../../../Projects/Sequence 4.6/Saved/Config/CleanSourceConfigs/SourceControlSettings.ini" 409
"F:/Unreal Engine/Projects/Sequence 4.6/Saved/Config/Windows/SourceControlSettings.ini" 410
"../../../Engine/Content/EngineMaterials/RemoveSurfaceMaterial.uasset" 411
"../../../Engine/Content/EngineDebugMaterials/DebugMeshMaterial.uasset" 412
"../../../Engine/Content/EngineMaterials/M_InvalidLightmapSettings.uasset" 413
"../../../Engine/Content/EngineMaterials/InvalidLightmapSettings.uasset" 414
"../../../Engine/Content/EditorMaterials/GizmoMaterial.uasset" 415
"../../../Engine/Content/EngineMaterials/Good64x64TilingNoiseHighFreq.uasset" 416
"../../../Engine/Content/EngineMaterials/DefaultBokeh.uasset" 417
"../../../Engine/Content/EngineMaterials/PreintegratedSkinBRDF.uasset" 418
"../../../Engine/Content/EngineMaterials/MiniFont.uasset" 419
"../../../Engine/Content/EngineMaterials/WeightMapPlaceholderTexture.uasset" 420
"../../../Engine/Content/EngineMaterials/DefaultWhiteGrid.uasset" 421
"../../../Engine/Content/EngineMaterials/DefaultPhysicalMaterial.uasset" 422
"../../../Engine/Content/EngineFonts/RobotoTiny.uasset" 423
"../../../../Projects/Sequence 4.6/Intermediate/CachedAssetRegistry.bin" 424
"../../../../Projects/Sequence 4.6/Content/Blueprints/BP_Card.uasset" 425
"../../../../Projects/Sequence 4.6/Content/Blueprints/BP_Logic.uasset" 426
"../../../../Projects/Sequence 4.6/Content/Maps/BlackJackEntry.umap" 427
"../../../../Projects/Sequence 4.6/Content/Tarl/Tile.uasset" 428
"../../../Engine/Content/MobileResources/HUD/VirtualJoystick_Thumb.uasset" 429
"../../../Engine/Content/MobileResources/HUD/VirtualJoystick_Background.uasset" 430
"../../../Engine/Content/MobileResources/HUD/T_Castle_ThumbstickOutter.uasset" 431
"../../../Engine/Content/MobileResources/HUD/T_Castle_ThumbstickInner.uasset" 432
"../../../Engine/Content/MobileResources/HUD/MobileHUDDirectionStick.uasset" 433
"../../../Engine/Content/MobileResources/HUD/MobileHUDDirectionPad3.uasset" 434
"../../../Engine/Content/MobileResources/HUD/MobileHUDDirectionPad2.uasset" 435
"../../../Engine/Content/MobileResources/HUD/MobileHUDDirectionPad.uasset" 436
"../../../Engine/Content/MobileResources/HUD/MobileHUDButtonFire.uasset" 437
"../../../Engine/Content/MobileResources/HUD/MobileHUDButton3.uasset" 438
"../../../Engine/Content/MobileResources/HUD/MobileHUDButton2_on.uasset" 439
"../../../Engine/Content/MobileResources/HUD/MobileHUDButton2_off.uasset" 440
"../../../Engine/Content/MobileResources/HUD/MobileHUDButton1_on.uasset" 441
"../../../Engine/Content/MobileResources/HUD/MobileHUDButton1_off.uasset" 442
"../../../Engine/Content/MobileResources/HUD/LeftVirtualJoystickOnly.uasset" 443
"../../../Engine/Content/MobileResources/HUD/DefaultVirtualJoysticks.uasset" 444
"../../../Engine/Content/MobileResources/HUD/AnalogHat.uasset" 445
"../../../Engine/Content/MobileResources/T_MobileMenu2.uasset" 446
"../../../Engine/Content/MobileResources/T_MobileControls_texture.uasset" 447
"../../../Engine/Content/EditorBlueprintResources/StandardMacros.uasset" 448
"../../../../Projects/Sequence 4.6/Content/Blueprints/BP_Deck.uasset" 449
"../../../../Projects/Sequence 4.6/Content/Blueprints/BP_Buttons.uasset" 450
"../../../../Projects/Sequence 4.6/Content/Blueprints/UIMode.uasset" 451
"../../../../Projects/Sequence 4.6/Content/Tarl/CardID_Struct.uasset" 452
"../../../../Projects/Sequence 4.6/Content/Blueprints/BP_Menu.uasset" 453
"../../../../Projects/Sequence 4.6/Content/Tarl/PlayerColor.uasset" 454
"../../../../Projects/Sequence 4.6/Content/Tarl/UMG_Main.uasset" 455
"../../../../Projects/Sequence 4.6/Content/Tarl/CardHand.uasset" 456
"../../../../Projects/Sequence 4.6/Content/Tarl/SuitList.uasset" 457
"../../../../Projects/Sequence 4.6/Content/Tarl/CardTypes.uasset" 458
"../../../../Projects/Sequence 4.6/Content/Assets/Meshes/SM_Card_01.uasset" 459
"../../../../Projects/Sequence 4.6/Content/Assets/Materials/M_Card_Deck.uasset" 460
"../../../../Projects/Sequence 4.6/Content/Assets/Textures/T_Card_Deck_D.uasset" 461
"../../../../Projects/Sequence 4.6/Content/Assets/Materials/M_Card_Deco.uasset" 462
"../../../../Projects/Sequence 4.6/Content/Assets/Textures/T_CardRevers_01_M.uasset" 463
"../../../../Projects/Sequence 4.6/Content/Assets/Materials/M_Card_Shadow.uasset" 464
"../../../../Projects/Sequence 4.6/Content/Blueprints/BP_HUD_BJ.uasset" 465
"../../../../Projects/Sequence 4.6/Content/Blueprints/BP_PlayerController.uasset" 466
"../../../../Projects/Sequence 4.6/Content/Assets/Materials/M_Card_Deco_Inst.uasset" 467
"../../../../Projects/Sequence 4.6/Content/Assets/Effects/particles/P_Pulse_Ring.uasset" 468
"../../../../Projects/Sequence 4.6/Content/Assets/Effects/Materials/M_Particle_Effect_Ring.uasset" 469
"../../../../Projects/Sequence 4.6/Content/Assets/Textures/T_Effect_Ring.uasset" 470
"../../../../Projects/Sequence 4.6/Content/Assets/Meshes/SM_StaticDecalMesh.uasset" 471
"../../../../Projects/Sequence 4.6/Content/Assets/Materials/M_StaticDecal_Inst.uasset" 472
"../../../../Projects/Sequence 4.6/Content/Assets/Materials/M_StaticDecal.uasset" 473
"../../../../Projects/Sequence 4.6/Content/Assets/Textures/T_Decal_Cards.uasset" 474
"../../../../Projects/Sequence 4.6/Content/Assets/Textures/T_Fabric_01_N.uasset" 475
"../../../../Projects/Sequence 4.6/Content/Tarl/BoardTile_2Clubs.uasset" 476
"../../../../Projects/Sequence 4.6/Content/Assets/Meshes/SM_Chip_01.uasset" 477
"../../../../Projects/Sequence 4.6/Content/Assets/Materials/M_CasinoChip_01_Bid10_Inst.uasset" 478
"../../../../Projects/Sequence 4.6/Content/Assets/Materials/M_CasinoChip_01.uasset" 479
"../../../../Projects/Sequence 4.6/Content/Assets/Textures/T_Poker_Chip_M.uasset" 480
"../../../../Projects/Sequence 4.6/Content/Assets/Textures/T_Poker_Chip_N.uasset" 481
"../../../../Projects/Sequence 4.6/Content/Assets/Textures/T_Poker_Chip_Numbers_M.uasset" 482
"../../../../Projects/Sequence 4.6/Content/Assets/Meshes/SM_Chip_Ghost.uasset" 483
"../../../../Projects/Sequence 4.6/Content/Assets/Effects/particles/P_Card_Rotation.uasset" 484
"../../../../Projects/Sequence 4.6/Content/Assets/Effects/Materials/M_card_rotation_01.uasset" 485
"../../../../Projects/Sequence 4.6/Content/Assets/Effects/Textures/T_Smoke2_Tile.uasset" 486
"../../../../Projects/Sequence 4.6/Content/Assets/Effects/Meshes/Cylinder.uasset" 487
"../../../../Projects/Sequence 4.6/Content/Assets/Meshes/SM_Card_01B.uasset" 488
"../../../../Projects/Sequence 4.6/Content/Assets/Meshes/SM_Chip_Stand.uasset" 489
"../../../../Projects/Sequence 4.6/Content/Assets/Materials/M_CasinoChip_Button_Stand_Inst.uasset" 490
"../../../../Projects/Sequence 4.6/Content/Assets/Materials/M_CasinoChip_Button.uasset" 491
"../../../Engine/Content/Functions/Engine_MaterialFunctions01/Gradient/RadialGradient.uasset" 492
"../../../../Projects/Sequence 4.6/Content/Assets/Textures/T_Poker_Chip_Words_M.uasset" 493
"../../../../Projects/Sequence 4.6/Content/Assets/Meshes/SM_Chip_Hit.uasset" 494
"../../../../Projects/Sequence 4.6/Content/Assets/Materials/M_CasinoChip_Button_Hit_Inst.uasset" 495
"../../../../Projects/Sequence 4.6/Content/Assets/Meshes/SM_Chip_Double.uasset" 496
"../../../../Projects/Sequence 4.6/Content/Assets/Materials/M_CasinoChip_Button_Double_Inst.uasset" 497
"../../../../Projects/Sequence 4.6/Content/Assets/Meshes/SM_Chip_5_Dollars.uasset" 498
"../../../../Projects/Sequence 4.6/Content/Assets/Materials/M_CasinoChip_01_Bid5_Inst.uasset" 499
"../../../../Projects/Sequence 4.6/Content/Assets/Meshes/SM_Chip_25_Dollars.uasset" 500
"../../../../Projects/Sequence 4.6/Content/Assets/Materials/M_CasinoChip_01_Bid25_Inst.uasset" 501
"../../../../Projects/Sequence 4.6/Content/Assets/Sounds/Frontend_Continue_Stereo_Cue.uasset" 502
"../../../../Projects/Sequence 4.6/Content/Assets/Sounds/Forntend_Continue_Stereo.uasset" 503
"../../../../Projects/Sequence 4.6/Content/Assets/Sounds/Frontend_ChipSelect01_Stereo.uasset" 504
"../../../../Projects/Sequence 4.6/Content/Assets/Sounds/Frontend_ChipSelect02_Stereo.uasset" 505
"../../../../Projects/Sequence 4.6/Content/Assets/Sounds/Frontend_ChipSelect03_Stereo.uasset" 506
"../../../../Projects/Sequence 4.6/Content/Assets/Sounds/Frontend_ChipSelect04_Stereo.uasset" 507
"../../../../Projects/Sequence 4.6/Content/Assets/Meshes/SM_Blackjack_Table_Felt.uasset" 508
"../../../../Projects/Sequence 4.6/Content/Assets/Materials/M_Table_Felt.uasset" 509
"../../../../Projects/Sequence 4.6/Content/Assets/Textures/T_Table_Felt_D.uasset" 510
"../../../../Projects/Sequence 4.6/Content/Assets/Meshes/SM_Blackjack_Table.uasset" 511
"../../../../Projects/Sequence 4.6/Content/Assets/Materials/M_Table_Metal_Trim.uasset" 512
"../../../../Projects/Sequence 4.6/Content/Assets/Textures/NewTextureRenderTargetCube_Tex.uasset" 513
"../../../../Projects/Sequence 4.6/Content/Assets/Materials/M_Wood_01.uasset" 514
"../../../../Projects/Sequence 4.6/Content/Assets/Textures/T_Wood_01_D.uasset" 515
"../../../../Projects/Sequence 4.6/Content/Assets/Meshes/SM_Button_01.uasset" 516
"../../../../Projects/Sequence 4.6/Content/Assets/Materials/M_Button_Inst.uasset" 517
"../../../../Projects/Sequence 4.6/Content/Assets/Materials/M_Button.uasset" 518
"../../../../Projects/Sequence 4.6/Content/Assets/Textures/T_Button_01_AO.uasset" 519
"../../../../Projects/Sequence 4.6/Content/Tarl/CardName_Single.uasset" 520
"../../../../Projects/Sequence 4.6/Content/Assets/Sounds/CardFlip_Stereo_Cue.uasset" 521
"../../../../Projects/Sequence 4.6/Content/Assets/Sounds/CardFlip01_Stereo.uasset" 522
"../../../../Projects/Sequence 4.6/Content/Assets/Sounds/CardFlip02_Stereo.uasset" 523
"../../../../Projects/Sequence 4.6/Content/Assets/Sounds/CardFlip03_Stereo.uasset" 524
"../../../../Projects/Sequence 4.6/Content/Assets/Sounds/CardFlip04_Stereo.uasset" 525
"../../../../Projects/Sequence 4.6/Content/Assets/Sounds/CardFlip05_Stereo.uasset" 526
"../../../../Projects/Sequence 4.6/Content/Blueprints/BP_Menu_Selectible.uasset" 527
"../../../../Projects/Sequence 4.6/Content/Assets/Sounds/Frontend_ChipSelect_Stereo_Cue.uasset" 528
"../../../../Projects/Sequence 4.6/Content/Blueprints/BP_Sound.uasset" 529
"../../../../Projects/Sequence 4.6/Content/Assets/Sounds/AmbientCasino01_Loop_Stereo_Cue.uasset" 530
"../../../../Projects/Sequence 4.6/Content/Assets/Sounds/AmbientCasino01_Loop_Stereo.uasset" 531
"../../../../Projects/Sequence 4.6/Content/Assets/Sounds/AmbientCasino02_Loop_Stereo_Cue.uasset" 532
"../../../../Projects/Sequence 4.6/Content/Assets/Sounds/AmbientCasino02_Loop_Stereo.uasset" 533
"../../../../Projects/Sequence 4.6/Content/Assets/Sounds/AmbientCasino03_Loop_Stereo_Cue.uasset" 534
"../../../../Projects/Sequence 4.6/Content/Assets/Sounds/AmbientCasino03_Loop_Stereo.uasset" 535
"../../../../Projects/Sequence 4.6/Content/Assets/Sounds/AmbientCasino04_Loop_Stereo_Cue.uasset" 536
"../../../../Projects/Sequence 4.6/Content/Assets/Sounds/AmbientCasino04_Loop_Stereo.uasset" 537
"../../../Engine/Content/MapTemplates/Sky/M_BlackBackground.uasset" 538
"../../../Engine/Content/EditorMeshes/EditorCube.uasset" 539
"../../../Engine/Content/MapTemplates/Bokeh_5Sides.uasset" 540
"../../../Engine/Content/MapTemplates/Sky/SM_SkySphere.uasset" 541
"../../../Engine/Content/MapTemplates/Sky/M_Procedural_Sky_MASTER02.uasset" 542
"../../../Engine/Content/MapTemplates/Sky/T_Sky_Stars.uasset" 543
"../../../Engine/Content/MapTemplates/Sky/T_UDK_Sky_CloudMask01_N.uasset" 544
"../../../Engine/Content/MapTemplates/T_ScreenDirt02_w.uasset" 545
"C:/Users/Tarl/AppData/Local/UnrealEngine/Common/DerivedDataCache/2/6/9/TEXTURE_75F87CE100B546AAB8A1C4132AF9DB17_AUTOPVRTC_7_57F2FB4D432CE7A9E8E6A2B0C__47EFD011722EDF014AD07D318E1CC83E1F747E38.udd" 546
"C:/Users/Tarl/AppData/Local/UnrealEngine/Common/DerivedDataCache/6/9/8/TEXTURE_75F87CE100B546AAB8A1C4132AF9DB17_AUTOPVRTC_7_AE4787B849688F3666E14284E__8B4254B8C64DA65FEB196A2854D3EEE5658EF642.udd" 547
"C:/Users/Tarl/AppData/Local/UnrealEngine/Common/DerivedDataCache/9/7/8/TEXTURE_75F87CE100B546AAB8A1C4132AF9DB17_PVRTC2_7_7586ECBE4AE189D7BC6F7B8ADED6__AB5A026F9B4AF67482D26C92E668ED4BA6936813.udd" 548
"C:/Users/Tarl/AppData/Local/UnrealEngine/Common/DerivedDataCache/2/3/2/TEXTURE_75F87CE100B546AAB8A1C4132AF9DB17_AUTOPVRTC_7_64571B9E40F4ECC112D4D39E0__20EE360E5221254375A340B4236AB8A56F1186F5.udd" 549
"C:/Users/Tarl/AppData/Local/UnrealEngine/Common/DerivedDataCache/1/6/4/TEXTURE_75F87CE100B546AAB8A1C4132AF9DB17_PVRTC2_7_6DE0EEFE46C5A5F8878703938E31__CB08463B4255E204EF73CD730A827FBA26A4EA9C.udd" 550
"C:/Users/Tarl/AppData/Local/UnrealEngine/Common/DerivedDataCache/2/2/4/TEXTURE_75F87CE100B546AAB8A1C4132AF9DB17_PVRTCN_7_61597D29435AB07249DEC28A1911__F274E30C12DDC231338C62F00EE9AE3E94672B44.udd" 551
"C:/Users/Tarl/AppData/Local/UnrealEngine/Common/DerivedDataCache/8/9/9/TEXTURE_75F87CE100B546AAB8A1C4132AF9DB17_AUTOPVRTC_7_64571B9E40F4ECC112D4D39E0__4E4CA2772C2D57E2FFB7236A3DAD7DDAE4BC31B1.udd" 552
"C:/Users/Tarl/AppData/Local/UnrealEngine/Common/DerivedDataCache/3/5/2/TEXTURE_75F87CE100B546AAB8A1C4132AF9DB17_PVRTC2_7_6DE0EEFE46C5A5F8878703938E31__1FB542E840D4FD9E8F346867352A5D08ADF13880.udd" 553
"C:/Users/Tarl/AppData/Local/UnrealEngine/Common/DerivedDataCache/6/4/4/TEXTURE_75F87CE100B546AAB8A1C4132AF9DB17_PVRTCN_7_61597D29435AB07249DEC28A1911__5B98E7FB87D2B11E1C53AF8C14FC3B042297DA5C.udd" 554
"C:/Users/Tarl/AppData/Local/UnrealEngine/Common/DerivedDataCache/0/5/2/TEXTURE_75F87CE100B546AAB8A1C4132AF9DB17_PVRTC2_7_6DE0EEFE46C5A5F8878703938E31__A3ED57B594E7FD758C68259906592B1E92F29914.udd" 555
"C:/Users/Tarl/AppData/Local/UnrealEngine/Common/DerivedDataCache/7/0/5/TEXTURE_75F87CE100B546AAB8A1C4132AF9DB17_AUTOPVRTC_7_64571B9E40F4ECC112D4D39E0__2607903EB997B159705CBC93B6820DC5BEA1D4DE.udd" 556
"C:/Users/Tarl/AppData/Local/UnrealEngine/Common/DerivedDataCache/8/3/1/TEXTURE_75F87CE100B546AAB8A1C4132AF9DB17_PVRTC2_7_6DE0EEFE46C5A5F8878703938E31__781284CCE3AC28893EBA8FF6519EFAFF4F44D87D.udd" 557
"C:/Users/Tarl/AppData/Local/UnrealEngine/Common/DerivedDataCache/9/3/5/TEXTURE_75F87CE100B546AAB8A1C4132AF9DB17_PVRTCN_7_61597D29435AB07249DEC28A1911__D588C04DCF7706805C34FB7976DFA5767E178EAE.udd" 558
"C:/Users/Tarl/AppData/Local/UnrealEngine/Common/DerivedDataCache/4/9/6/TEXTURE_75F87CE100B546AAB8A1C4132AF9DB17_AUTOPVRTC_7_4182590E47C5D4FA45A872913__DBEE719AEC5CA91533A9E27DF1A84D242AC36408.udd" 559
"C:/Users/Tarl/AppData/Local/UnrealEngine/Common/DerivedDataCache/0/7/2/TEXTURE_75F87CE100B546AAB8A1C4132AF9DB17_AUTOPVRTC_7_64571B9E40F4ECC112D4D39E0__53D9BA77CE0887B2F73BAF63620D3CD395A76125.udd" 560
"C:/Users/Tarl/AppData/Local/UnrealEngine/Common/DerivedDataCache/9/5/0/TEXTURE_75F87CE100B546AAB8A1C4132AF9DB17_PVRTCN_7_61597D29435AB07249DEC28A1911__7B7447A7DB2873020C43F6683EA62EDDA2B42F7B.udd" 561
"C:/Users/Tarl/AppData/Local/UnrealEngine/Common/DerivedDataCache/2/7/4/TEXTURE_75F87CE100B546AAB8A1C4132AF9DB17_AUTOPVRTC_7_64571B9E40F4ECC112D4D39E0__4F2DEA676D5FD81700BD3B63AE7FAF6FE48D0CCB.udd" 562
"C:/Users/Tarl/AppData/Local/UnrealEngine/Common/DerivedDataCache/3/3/4/TEXTURE_75F87CE100B546AAB8A1C4132AF9DB17_AUTOPVRTC_7_4182590E47C5D4FA45A872913__C24CC482217A033B3CAD0AE80410116CBC05AC0F.udd" 563
"C:/Users/Tarl/AppData/Local/UnrealEngine/Common/DerivedDataCache/2/9/5/TEXTURE_75F87CE100B546AAB8A1C4132AF9DB17_PVRTCN_7_61597D29435AB07249DEC28A1911__EA8922FDAB28451EB47F8B8705E3523E98312077.udd" 564
"C:/Users/Tarl/AppData/Local/UnrealEngine/Common/DerivedDataCache/8/3/3/TEXTURE_75F87CE100B546AAB8A1C4132AF9DB17_AUTOPVRTC_7_64571B9E40F4ECC112D4D39E0__6473AFDC942186AB77B2C6A3BEFDF829B1A9ADB0.udd" 565
"C:/Users/Tarl/AppData/Local/UnrealEngine/Common/DerivedDataCache/2/6/1/TEXTURE_75F87CE100B546AAB8A1C4132AF9DB17_PVRTCN_7_44A99D974B688D8672F812B8C62E__F32D73220500D9C8867272DE0A4DEAE8D56A7600.udd" 566
"C:/Users/Tarl/AppData/Local/UnrealEngine/Common/DerivedDataCache/8/1/0/TEXTURE_75F87CE100B546AAB8A1C4132AF9DB17_AUTOPVRTC_7_4182590E47C5D4FA45A872913__3A7FCFF547B527B75B33B04C0897195872F40BC3.udd" 567
"C:/Users/Tarl/AppData/Local/UnrealEngine/Common/DerivedDataCache/5/9/8/TEXTURE_75F87CE100B546AAB8A1C4132AF9DB17_AUTOPVRTC_7_67793B564EDE02804FFB9BA08__DB5D8C52F0D72B348B002F1BA14A9097F89406E0.udd" 568
"C:/Users/Tarl/AppData/Local/UnrealEngine/Common/DerivedDataCache/2/0/7/TEXTURE_75F87CE100B546AAB8A1C4132AF9DB17_PVRTCN_7_44A99D974B688D8672F812B8C62E__FAABDA09DBEE7480ED251A8D02D6AAF0DE1FE471.udd" 569
"C:/Users/Tarl/AppData/Local/UnrealEngine/Common/DerivedDataCache/3/3/0/TEXTURE_75F87CE100B546AAB8A1C4132AF9DB17_AUTOPVRTC_7_4182590E47C5D4FA45A872913__73FCB805EBF4E924E55D718FBF5FA77462247158.udd" 570
"C:/Users/Tarl/AppData/Local/UnrealEngine/Common/DerivedDataCache/9/2/9/TEXTURE_75F87CE100B546AAB8A1C4132AF9DB17_AUTOPVRTC_7_4E9AC0F7448C389EA55D569EF__FE87C213FD5C461A4062462A65A23E7DFB4F2CE3.udd" 571
"C:/Users/Tarl/AppData/Local/UnrealEngine/Common/DerivedDataCache/8/2/5/TEXTURE_75F87CE100B546AAB8A1C4132AF9DB17_AUTOPVRTC_7_4182590E47C5D4FA45A872913__F8DF6F6CB9328F460CE99799A4D00653F5875D9F.udd" 572
"C:/Users/Tarl/AppData/Local/UnrealEngine/Common/DerivedDataCache/4/7/9/TEXTURE_75F87CE100B546AAB8A1C4132AF9DB17_AUTOPVRTC_7_4E9AC0F7448C389EA55D569EF__1AE70FD10EF6431BA772CF480508083C2C1250BC.udd" 573
"C:/Users/Tarl/AppData/Local/UnrealEngine/Common/DerivedDataCache/4/2/6/TEXTURE_75F87CE100B546AAB8A1C4132AF9DB17_PVRTC2_7_E8306E5F4D45253CDC7CA78FB7F8__78B09F8A646F1AC9B5627CF04D8139588FD23FCA.udd" 574
"C:/Users/Tarl/AppData/Local/UnrealEngine/Common/DerivedDataCache/9/8/1/TEXTURE_75F87CE100B546AAB8A1C4132AF9DB17_AUTOPVRTC_7_4E9AC0F7448C389EA55D569EF__AEF91AE4BF61182486424627CEFBA2FFCE26B02D.udd" 575
"C:/Users/Tarl/AppData/Local/UnrealEngine/Common/DerivedDataCache/9/3/8/TEXTURE_75F87CE100B546AAB8A1C4132AF9DB17_PVRTC2_7_E8306E5F4D45253CDC7CA78FB7F8__DC5F4D01496CBAB638DFC6493A758EAB83AD9458.udd" 576
"C:/Users/Tarl/AppData/Local/UnrealEngine/Common/DerivedDataCache/1/5/5/TEXTURE_75F87CE100B546AAB8A1C4132AF9DB17_AUTOPVRTC_7_95B728EB4B42352852572A92F__033F5900011DE75518450722B80AA8E423B6AFB8.udd" 577
"C:/Users/Tarl/AppData/Local/UnrealEngine/Common/DerivedDataCache/7/1/0/TEXTURE_75F87CE100B546AAB8A1C4132AF9DB17_PVRTC2_7_E8306E5F4D45253CDC7CA78FB7F8__FB7D93A682D22B1C9C4CC9FE1CD5E2DFD8C61CBE.udd" 578
"C:/Users/Tarl/AppData/Local/UnrealEngine/Common/DerivedDataCache/8/9/4/TEXTURE_75F87CE100B546AAB8A1C4132AF9DB17_AUTOPVRTC_7_95B728EB4B42352852572A92F__F911EDDF0306CE828233330A5A6752E924CA5CE4.udd" 579
"C:/Users/Tarl/AppData/Local/UnrealEngine/Common/DerivedDataCache/9/8/8/TEXTURE_75F87CE100B546AAB8A1C4132AF9DB17_PVRTC2_7_E8306E5F4D45253CDC7CA78FB7F8__AE496245D19BC7765C1D2957BE78C4514F485AE2.udd" 580
"C:/Users/Tarl/AppData/Local/UnrealEngine/Common/DerivedDataCache/7/0/4/TEXTURE_75F87CE100B546AAB8A1C4132AF9DB17_AUTOPVRTC_7_AE6261CB4A5537E02D32B3863__A4DF50171739C14FE5EA5580F1173488001359F0.udd" 581
"C:/Users/Tarl/AppData/Local/UnrealEngine/Common/DerivedDataCache/0/1/9/TEXTURE_75F87CE100B546AAB8A1C4132AF9DB17_AUTOPVRTC_7_95B728EB4B42352852572A92F__166F633BFE478B89230085DA0394C3145965C961.udd" 582
"C:/Users/Tarl/AppData/Local/UnrealEngine/Common/DerivedDataCache/7/5/3/TEXTURE_75F87CE100B546AAB8A1C4132AF9DB17_AUTOPVRTC_7_1BB6AC91451D506F2D19ACBCD__6CF9A16ADD77FF829DD4BD3C7D31CA254D12C8F7.udd" 583
"C:/Users/Tarl/AppData/Local/UnrealEngine/Common/DerivedDataCache/1/8/6/TEXTURE_75F87CE100B546AAB8A1C4132AF9DB17_AUTOPVRTC_7_95B728EB4B42352852572A92F__A6C5E3855018A41D86941D05056B1D384A70741D.udd" 584
"C:/Users/Tarl/AppData/Local/UnrealEngine/Common/DerivedDataCache/7/3/7/TEXTURE_75F87CE100B546AAB8A1C4132AF9DB17_AUTOPVRTC_7_1BB6AC91451D506F2D19ACBCD__53F27EF71731A80ADE77E6D0923B7A87156424AB.udd" 585
"C:/Users/Tarl/AppData/Local/UnrealEngine/Common/DerivedDataCache/8/2/2/STATICMESH_46A8778361B442A9523C54440EA1E9D_0DB5412B27AB480F844CC7F0BE5ABAFF_EF__AB438E122E92A17E2FA7C398F82572A499AFDFF2.udd" 586
"C:/Users/Tarl/AppData/Local/UnrealEngine/Common/DerivedDataCache/3/7/0/TEXTURE_75F87CE100B546AAB8A1C4132AF9DB17_AUTOPVRTC_7_95B728EB4B42352852572A92F__BE9871CAF33C3D2E68B09B7433842E7C13179E7B.udd" 587
"C:/Users/Tarl/AppData/Local/UnrealEngine/Common/DerivedDataCache/6/7/5/TEXTURE_75F87CE100B546AAB8A1C4132AF9DB17_AUTOPVRTC_7_1BB6AC91451D506F2D19ACBCD__DA21EA0FE9DA53A275617EEC7AAD5F4103262E1F.udd" 588
"C:/Users/Tarl/AppData/Local/UnrealEngine/Common/DerivedDataCache/8/7/3/TEXTURE_75F87CE100B546AAB8A1C4132AF9DB17_AUTOPVRTC_7_95B728EB4B42352852572A92F__5B641A7F8F083B092C653C3D24D13B9276D524B4.udd" 589
"C:/Users/Tarl/AppData/Local/UnrealEngine/Common/DerivedDataCache/4/5/0/TEXTURE_75F87CE100B546AAB8A1C4132AF9DB17_AUTOPVRTC_7_1BB6AC91451D506F2D19ACBCD__30C894A67BC7B092B5B2B24A69FE270D8082E8D6.udd" 590
"C:/Users/Tarl/AppData/Local/UnrealEngine/Common/DerivedDataCache/9/6/0/TEXTURE_75F87CE100B546AAB8A1C4132AF9DB17_PVRTCN_7_44A99D974B688D8672F812B8C62E__5F530D6B1C95C4BB1223F65870490C82A0F7A87C.udd" 591
"C:/Users/Tarl/AppData/Local/UnrealEngine/Common/DerivedDataCache/3/7/1/TEXTURE_75F87CE100B546AAB8A1C4132AF9DB17_AUTOPVRTC_7_1BB6AC91451D506F2D19ACBCD__D2F09F8C0BB447E66E9290BC42B7F5125C0DE341.udd" 592
"C:/Users/Tarl/AppData/Local/UnrealEngine/Common/DerivedDataCache/1/1/4/TEXTURE_75F87CE100B546AAB8A1C4132AF9DB17_PVRTCN_7_44A99D974B688D8672F812B8C62E__3408DBC787E21F422199AB814B2FD1696E0EE323.udd" 593
"C:/Users/Tarl/AppData/Local/UnrealEngine/Common/DerivedDataCache/3/7/1/PHYSX_$7B1F0627AE$2DABEB$2D4206$2D8D78$2DE16BEB5DDC7E$7D_PHYSXPC_6FDCADF746646__ED592510A5ABCBF54326A569DDCC259601BAC972.udd" 594
"C:/Users/Tarl/AppData/Local/UnrealEngine/Common/DerivedDataCache/0/5/4/STATICMESH_46A8778361B442A9523C54440EA1E9D_0DB5412B27AB480F844CC7F0BE5ABAFF_FB__1725FC494933C2C22FBD7816263C626CE7F53DC1.udd" 595
"C:/Users/Tarl/AppData/Local/UnrealEngine/Common/DerivedDataCache/7/4/0/PHYSX_$7B1F0627AE$2DABEB$2D4206$2D8D78$2DE16BEB5DDC7E$7D_PHYSXPC_C8B2CD0B4EE37__2B0931315747B8F949E8C99F50270ED7B5FEC33D.udd" 596
"C:/Users/Tarl/AppData/Local/UnrealEngine/Common/DerivedDataCache/3/5/8/STATICMESH_46A8778361B442A9523C54440EA1E9D_0DB5412B27AB480F844CC7F0BE5ABAFF_8B__0CA4E476CBE5B2A2749819FC903D298E9BB8B6BD.udd" 597
"C:/Users/Tarl/AppData/Local/UnrealEngine/Common/DerivedDataCache/9/1/8/PHYSX_$7B1F0627AE$2DABEB$2D4206$2D8D78$2DE16BEB5DDC7E$7D_PHYSXPC_AAC64CA94E64E__82F13D296064DB1F967B52038811650742F03525.udd" 598
"C:/Users/Tarl/AppData/Local/UnrealEngine/Common/DerivedDataCache/8/6/1/STATICMESH_46A8778361B442A9523C54440EA1E9D_0DB5412B27AB480F844CC7F0BE5ABAFF_0F__F4B1886B48A5E1168954EB6F548A9B90A49018C4.udd" 599
"C:/Users/Tarl/AppData/Local/UnrealEngine/Common/DerivedDataCache/1/7/1/PHYSX_$7B1F0627AE$2DABEB$2D4206$2D8D78$2DE16BEB5DDC7E$7D_PHYSXPC_30054A5F41F0E__06C81692AA8BA0E6BD3366AE0DD1BF193872F540.udd" 600
"C:/Users/Tarl/AppData/Local/UnrealEngine/Common/DerivedDataCache/4/9/3/PHYSX_$7B1F0627AE$2DABEB$2D4206$2D8D78$2DE16BEB5DDC7E$7D_PHYSXPC_F3C843D849AA0__B669B40C07AACCF70A73B346FF557E6E41DC6F4E.udd" 601
"C:/Users/Tarl/AppData/Local/UnrealEngine/Common/DerivedDataCache/8/2/5/STATICMESH_46A8778361B442A9523C54440EA1E9D_0DB5412B27AB480F844CC7F0BE5ABAFF_5B__555FCE4F5592F16760A58FC5EE0CBC5DB3E3A063.udd" 602
"C:/Users/Tarl/AppData/Local/UnrealEngine/Common/DerivedDataCache/8/9/1/PHYSX_$7B1F0627AE$2DABEB$2D4206$2D8D78$2DE16BEB5DDC7E$7D_PHYSXPC_0F04886F4042C__AD5A11370DA520A572C36306B42B86C2D7FD637F.udd" 603
"C:/Users/Tarl/AppData/Local/UnrealEngine/Common/DerivedDataCache/7/1/4/STATICMESH_46A8778361B442A9523C54440EA1E9D_0DB5412B27AB480F844CC7F0BE5ABAFF_80__6EE49E2605D3646ED17D1E6E3AADF81FD1C45D74.udd" 604
"C:/Users/Tarl/AppData/Local/UnrealEngine/Common/DerivedDataCache/8/2/2/PHYSX_$7B1F0627AE$2DABEB$2D4206$2D8D78$2DE16BEB5DDC7E$7D_PHYSXPC_8D2DC14541DD2__834DC7FB0609A7A6D12DB28D241D35A181B2BD7A.udd" 605
"C:/Users/Tarl/AppData/Local/UnrealEngine/Common/DerivedDataCache/3/3/0/PHYSX_$7B1F0627AE$2DABEB$2D4206$2D8D78$2DE16BEB5DDC7E$7D_PHYSXPC_1B23981341F9E__814366AEE561C70586DE82A59468DED51A32640F.udd" 606
"C:/Users/Tarl/AppData/Local/UnrealEngine/Common/DerivedDataCache/4/9/1/PHYSX_$7B1F0627AE$2DABEB$2D4206$2D8D78$2DE16BEB5DDC7E$7D_PHYSXPC_9AE1705049353__06EC13FD7699E1CD164443D2EFA0D58017F389A5.udd" 607
"C:/Users/Tarl/AppData/Local/UnrealEngine/Common/DerivedDataCache/7/2/2/PHYSX_$7B1F0627AE$2DABEB$2D4206$2D8D78$2DE16BEB5DDC7E$7D_PHYSXPC_05EB7EC7462E6__9E9342AB9DDF91B713DD47EB3542CF1FC71AF1F4.udd" 608
"C:/Users/Tarl/AppData/Local/UnrealEngine/Common/DerivedDataCache/4/3/8/PHYSX_$7B1F0627AE$2DABEB$2D4206$2D8D78$2DE16BEB5DDC7E$7D_PHYSXPC_5F79E4A4435E5__B28D988A4822D16A0EC115CA8E4DB195C41C1FCA.udd" 609
"C:/Users/Tarl/AppData/Local/UnrealEngine/Common/DerivedDataCache/9/4/0/PHYSX_$7B1F0627AE$2DABEB$2D4206$2D8D78$2DE16BEB5DDC7E$7D_PHYSXPC_9AAE762C4CBEB__F3CA317C229EBCB142725B39C9ED7B25E4142343.udd" 610
"C:/Users/Tarl/AppData/Local/UnrealEngine/Common/DerivedDataCache/1/9/1/STATICMESH_46A8778361B442A9523C54440EA1E9D_0DB5412B27AB480F844CC7F0BE5ABAFF_BE__5B04A86BE8E7D4972EFA139A841744F4E9E11E21.udd" 611
"C:/Users/Tarl/AppData/Local/UnrealEngine/Common/DerivedDataCache/4/4/3/STATICMESH_46A8778361B442A9523C54440EA1E9D_0DB5412B27AB480F844CC7F0BE5ABAFF_EA__C67C89A0CA11AB5ECCB5263D5D987A48C29A3D7E.udd" 612
"C:/Users/Tarl/AppData/Local/UnrealEngine/Common/DerivedDataCache/9/4/8/STATICMESH_46A8778361B442A9523C54440EA1E9D_0DB5412B27AB480F844CC7F0BE5ABAFF_1C__3093C897A2FE145583B5CFD0B04985BBDE8B3065.udd" 613
"C:/Users/Tarl/AppData/Local/UnrealEngine/Common/DerivedDataCache/6/9/6/PHYSX_$7B1F0627AE$2DABEB$2D4206$2D8D78$2DE16BEB5DDC7E$7D_PHYSXPC_5BD4D9F34749E__E27404DBED23D9728FDA9EF5FB86C872894A7643.udd" 614
"C:/Users/Tarl/AppData/Local/UnrealEngine/Common/DerivedDataCache/6/0/6/PHYSX_$7B1F0627AE$2DABEB$2D4206$2D8D78$2DE16BEB5DDC7E$7D_PHYSXPC_B03422C84A366__5183BA3C0D1E8F3C6A063946A84414EF04F414BA.udd" 615
"C:/Users/Tarl/AppData/Local/UnrealEngine/Common/DerivedDataCache/1/9/5/PHYSX_$7B1F0627AE$2DABEB$2D4206$2D8D78$2DE16BEB5DDC7E$7D_PHYSXPC_7F28A82642792__8409C9515CA711735A6A00FC7D5345A00F01EEFB.udd" 616
"C:/Users/Tarl/AppData/Local/UnrealEngine/Common/DerivedDataCache/3/8/7/AUDIO_0002_0000_ADPCM_0000_63A57B594D6A640CD01BFD9B1B3FFAD5.udd" 617
"C:/Users/Tarl/AppData/Local/UnrealEngine/Common/DerivedDataCache/0/4/5/AUDIO_0002_0000_ADPCM_0000_A6ADA44140EAA31E2211189BCD809137.udd" 618
"C:/Users/Tarl/AppData/Local/UnrealEngine/Common/DerivedDataCache/4/7/8/AUDIO_0002_0000_ADPCM_0000_5708DEF24FF60F86ABF3D89516C4D878.udd" 619
"C:/Users/Tarl/AppData/Local/UnrealEngine/Common/DerivedDataCache/9/1/5/AUDIO_0002_0000_ADPCM_0000_C48E624A4F520FDD6755CB87F62ECECB.udd" 620
"C:/Users/Tarl/AppData/Local/UnrealEngine/Common/DerivedDataCache/9/1/3/AUDIO_0002_0000_ADPCM_0000_60F9EEDF42AEE5BB59185D946A982159.udd" 621
"C:/Users/Tarl/AppData/Local/UnrealEngine/Common/DerivedDataCache/8/9/1/PHYSX_$7B1F0627AE$2DABEB$2D4206$2D8D78$2DE16BEB5DDC7E$7D_PHYSXPC_D754FCF87642C2DB22C368831D0A10A0__1_0_13073_0.udd" 622
"C:/Users/Tarl/AppData/Local/UnrealEngine/Common/DerivedDataCache/1/4/4/PHYSX_$7B1F0627AE$2DABEB$2D4206$2D8D78$2DE16BEB5DDC7E$7D_PHYSXPC_CDFC281B2E45FF6871FDB8809345F36A__1_0_13073_0.udd" 623
"C:/Users/Tarl/AppData/Local/UnrealEngine/Common/DerivedDataCache/3/5/5/PHYSX_$7B1F0627AE$2DABEB$2D4206$2D8D78$2DE16BEB5DDC7E$7D_PHYSXPC_3593EB082C448D8FBF2CEBBB8131E403__1_0_13073_0.udd" 624
"C:/Users/Tarl/AppData/Local/UnrealEngine/Common/DerivedDataCache/1/8/7/PHYSX_$7B1F0627AE$2DABEB$2D4206$2D8D78$2DE16BEB5DDC7E$7D_PHYSXPC_BAA5B42DAC452B9477DE2FAC2347E4DF__1_0_13073_0.udd" 625
"C:/Users/Tarl/AppData/Local/UnrealEngine/Common/DerivedDataCache/6/5/8/PHYSX_$7B1F0627AE$2DABEB$2D4206$2D8D78$2DE16BEB5DDC7E$7D_PHYSXPC_8235C435A9466350621544BA997B0FFE__1_0_13073_0.udd" 626
"C:/Users/Tarl/AppData/Local/UnrealEngine/Common/DerivedDataCache/9/5/6/PHYSX_$7B1F0627AE$2DABEB$2D4206$2D8D78$2DE16BEB5DDC7E$7D_PHYSXPC_A308881A48431A89A893B69455F4B699__1_0_13073_0.udd" 627
"C:/Users/Tarl/AppData/Local/UnrealEngine/Common/DerivedDataCache/3/1/5/PHYSX_$7B1F0627AE$2DABEB$2D4206$2D8D78$2DE16BEB5DDC7E$7D_PHYSXPC_9C0CA5627E4C4376E77EE1A50003B0DD__1_0_13073_0.udd" 628
"../../../../Projects/Sequence 4.6/Content/Assets/Meshes/SM_Table_02.uasset" 629
"../../../../Projects/Sequence 4.6/Content/Assets/Materials/M_Rubber_01.uasset" 630
"C:/Users/Tarl/AppData/Local/UnrealEngine/Common/DerivedDataCache/7/9/6/STATICMESH_46A8778361B442A9523C54440EA1E9D_0DB5412B27AB480F844CC7F0BE5ABAFF_75__68605CC9D51E902FA028533B0A5992F4063DD130.udd" 631
"C:/Users/Tarl/AppData/Local/UnrealEngine/Common/DerivedDataCache/4/7/3/PHYSX_$7B1F0627AE$2DABEB$2D4206$2D8D78$2DE16BEB5DDC7E$7D_PHYSXPC_F8A6D5B04877C__482234699BAE2C9BDB76781B9A2B6AAC155DC76E.udd" 632
"../../../Engine/Content/EditorResources/AudioIcons/S_AudioComponent.uasset" 633
"../../../../Projects/Sequence 4.6/Intermediate/Cache/fcfb0e37448d1716e0373aaf7d608bedRGBToPVROut.pvr" 634
"../../../../Projects/Sequence 4.6/Intermediate/Cache/4e737c1e403ad542c11cce9ad9dfa0d4RGBToPVROut.pvr" 635
"../../../../Projects/Sequence 4.6/Intermediate/Cache/a5d32fb94e8cb5ec87cf1192d16f2849RGBToPVROut.pvr" 636
"../../../../Projects/Sequence 4.6/Intermediate/Cache/a30cf8ba453f4a6bed075192f3effb3fRGBToPVROut.pvr" 637
"../../../../Projects/Sequence 4.6/Intermediate/Cache/37083e2e458aac8bce918ebaf9fd0ffdRGBToPVROut.pvr" 638
"../../../../Projects/Sequence 4.6/Intermediate/Cache/12f1b1d747aebc02305a12b41938ab90RGBToPVROut.pvr" 639
"../../../../Projects/Sequence 4.6/Intermediate/Cache/614e021545b9dcbd62b4cf887d6bdbceRGBToPVROut.pvr" 640
"../../../../Projects/Sequence 4.6/Intermediate/Cache/18ccdabb478a15488532fd873b26ed2RGBToPVROut.pvr" 641
"../../../../Projects/Sequence 4.6/Intermediate/Cache/1f12b2664c3bca4814e10b9c363f804cRGBToPVROut.pvr" 642
"../../../../Projects/Sequence 4.6/Intermediate/Cache/cf6ef1644c694b4d5b35484eb1d1ce1RGBToPVROut.pvr" 643
"../../../../Projects/Sequence 4.6/Intermediate/Cache/e5a60551497d89dd544d19ab5249af5RGBToPVROut.pvr" 644
"../../../../Projects/Sequence 4.6/Intermediate/Cache/8df7611c4f8026716abebcf21d4f53RGBToPVROut.pvr" 645
"../../../../Projects/Sequence 4.6/Saved/Autosaves/Game/Maps/UEDPCBlackJackEntry.umap" 646
"C:/Users/Tarl/AppData/Local/UnrealEngine/Common/DerivedDataCache/8/3/6/MATSM_E2C1E89EE9AE4F3CA7B8E0F2C49B34EB_GLSL_ES2_IOS_2051__BC5N_DEV_SL_NODBUF2E__5028CBFFC176EADC9AE2B82377CABA079F3A0E5F.udd" 647
"C:/Users/Tarl/AppData/Local/UnrealEngine/Common/DerivedDataCache/9/9/1/MATSM_E2C1E89EE9AE4F3CA7B8E0F2C49B34EB_GLSL_ES2_IOS_2051__BC5N_DEV_SL_NODBUF11__4B166DCBA83C8D4361A0EC777F8D128A76C2F532.udd" 648
"C:/Users/Tarl/AppData/Local/UnrealEngine/Common/DerivedDataCache/6/6/4/MATSM_E2C1E89EE9AE4F3CA7B8E0F2C49B34EB_GLSL_ES2_IOS_2051__BC5N_DEV_SL_NODBUF5C__65ADFB40B41545DFCB4FE5DBD382AD37FEB75571.udd" 649
"C:/Users/Tarl/AppData/Local/UnrealEngine/Common/DerivedDataCache/3/3/4/MATSM_E2C1E89EE9AE4F3CA7B8E0F2C49B34EB_GLSL_ES2_IOS_2051__BC5N_DEV_SL_NODBUF25__33FDD1F662FB473E4CB056F26CAF5612579A1C83.udd" 650
"C:/Users/Tarl/AppData/Local/UnrealEngine/Common/DerivedDataCache/7/4/9/MATSM_E2C1E89EE9AE4F3CA7B8E0F2C49B34EB_GLSL_ES2_IOS_2051__BC5N_DEV_SL_NODBUF8A__BFC975ACD597C9FC1B422285444D2C6FC6F86ADC.udd" 651
"C:/Users/Tarl/AppData/Local/UnrealEngine/Common/DerivedDataCache/5/1/8/MATSM_E2C1E89EE9AE4F3CA7B8E0F2C49B34EB_GLSL_ES2_IOS_2051__BC5N_DEV_SL_NODBUF88__774F214921FDFE8D965D8DA1B916FDAB0DFB88C7.udd" 652
"C:/Users/Tarl/AppData/Local/UnrealEngine/Common/DerivedDataCache/0/9/5/MATSM_E2C1E89EE9AE4F3CA7B8E0F2C49B34EB_GLSL_ES2_IOS_2051__BC5N_DEV_SL_NODBUF88__4F1FD8F165ECBB9BD850395957337800881457EB.udd" 653
"C:/Users/Tarl/AppData/Local/UnrealEngine/Common/DerivedDataCache/9/9/1/MATSM_E2C1E89EE9AE4F3CA7B8E0F2C49B34EB_GLSL_ES2_IOS_2051__BC5N_DEV_SL_NODBUF8C__EC11670DFECAB0C59E8C6EFE65AB1F22376B3041.udd" 654
"C:/Users/Tarl/AppData/Local/UnrealEngine/Common/DerivedDataCache/2/6/8/MATSM_E2C1E89EE9AE4F3CA7B8E0F2C49B34EB_GLSL_ES2_IOS_2051__BC5N_DEV_SL_NODBUF0E__46D58CC067889A85EF052CD6D16A5EB720A4012E.udd" 655
"C:/Users/Tarl/AppData/Local/UnrealEngine/Common/DerivedDataCache/7/9/2/MATSM_E2C1E89EE9AE4F3CA7B8E0F2C49B34EB_GLSL_ES2_IOS_2051__BC5N_DEV_SL_NODBUF0E__67187E9E71D95A5EE739CDC39F27FD00E16C292F.udd" 656
"C:/Users/Tarl/AppData/Local/UnrealEngine/Common/DerivedDataCache/2/4/3/MATSM_E2C1E89EE9AE4F3CA7B8E0F2C49B34EB_GLSL_ES2_IOS_2051__BC5N_DEV_SL_NODBUF0E__56279CB136D5C87D787FEF87D6925141FA14D9B8.udd" 657
"C:/Users/Tarl/AppData/Local/UnrealEngine/Common/DerivedDataCache/5/1/8/MATSM_E2C1E89EE9AE4F3CA7B8E0F2C49B34EB_GLSL_ES2_IOS_2051__BC5N_DEV_SL_NODBUF0E__7D1F43E51D2B59C5DF4981FFE4DE5E976BCD57FC.udd" 658
"C:/Users/Tarl/AppData/Local/UnrealEngine/Common/DerivedDataCache/7/8/5/MATSM_E2C1E89EE9AE4F3CA7B8E0F2C49B34EB_GLSL_ES2_IOS_2051__BC5N_DEV_SL_NODBUF88__9B535F34FB3E1008C3C5C46BC10B7ACBDAF4EEC4.udd" 659
"C:/Users/Tarl/AppData/Local/UnrealEngine/Common/DerivedDataCache/1/3/1/MATSM_E2C1E89EE9AE4F3CA7B8E0F2C49B34EB_GLSL_ES2_IOS_2051__BC5N_DEV_SL_NODBUF88__EB8C605726BC915721FB9C0CA52E83FCB507CBC2.udd" 660
"C:/Users/Tarl/AppData/Local/UnrealEngine/Common/DerivedDataCache/6/2/0/MATSM_E2C1E89EE9AE4F3CA7B8E0F2C49B34EB_GLSL_ES2_IOS_2051__BC5N_DEV_SL_NODBUF44__C21693AA5893A2BE524715D23A314ECD5650AC6B.udd" 661
"C:/Users/Tarl/AppData/Local/UnrealEngine/Common/DerivedDataCache/0/2/6/MATSM_E2C1E89EE9AE4F3CA7B8E0F2C49B34EB_GLSL_ES2_IOS_2051__BC5N_DEV_SL_NODBUFE6__7A868261B9F366FB6F0804A0134BA89AC5E74441.udd" 662
"C:/Users/Tarl/AppData/Local/UnrealEngine/Common/DerivedDataCache/9/9/7/MATSM_E2C1E89EE9AE4F3CA7B8E0F2C49B34EB_GLSL_ES2_IOS_2051__BC5N_DEV_SL_NODBUF64__B02E179CAC65B12B7D575282CDAAAD5BF89A6FD0.udd" 663
"C:/Users/Tarl/AppData/Local/UnrealEngine/Common/DerivedDataCache/2/3/9/MATSM_E2C1E89EE9AE4F3CA7B8E0F2C49B34EB_GLSL_ES2_IOS_2051__BC5N_DEV_SL_NODBUFC5__FED1A196B9317D8B0AE8235DC0551FDBD5A7D969.udd" 664
"C:/Users/Tarl/AppData/Local/UnrealEngine/Common/DerivedDataCache/4/8/0/MATSM_E2C1E89EE9AE4F3CA7B8E0F2C49B34EB_GLSL_ES2_IOS_2051__BC5N_DEV_SL_NODBUF12__0A9C7A73446A8D705B8122056C24BA0A78A4718B.udd" 665
"C:/Users/Tarl/AppData/Local/UnrealEngine/Common/DerivedDataCache/5/1/5/MATSM_E2C1E89EE9AE4F3CA7B8E0F2C49B34EB_GLSL_ES2_IOS_2051__BC5N_DEV_SL_NODBUFE7__2E3CBA4FC552D83F37CC7583727E3F1A32FF43A5.udd" 666
"C:/Users/Tarl/AppData/Local/UnrealEngine/Common/DerivedDataCache/5/2/0/MATSM_E2C1E89EE9AE4F3CA7B8E0F2C49B34EB_GLSL_ES2_IOS_2051__BC5N_DEV_SL_NODBUF4E__052A9667CB136F19A2B5B918F03F409AB7DDF0AE.udd" 667
