Log file open, 02/21/15 22:00:50
LogInit:Display: Running engine for game: Sequence
LogInit: Version: 4.7.0-2448202+++depot+UE4-Releases+4.7
LogInit: API Version: 2448202
LogInit: Compiled (64-bit): Feb 16 2015 23:29:01
LogInit: Compiled with Visual C++: 18.00.21005.01
LogInit: Build Configuration: Development
LogInit: Branch Name: ++depot+UE4-Releases+4.7
LogInit: Command line: 
LogInit: Base directory: F:/Unreal Engine/4.7/Engine/Binaries/Win64/
LogInit: Rocket: 1
[2015.02.21-21.00.50:188][  0]LogTaskGraph: Started task graph with 3 named threads and 6 total threads.
[2015.02.21-21.00.50:254][  0]LogOnline:Warning: No default platform service specified for OnlineSubsystem
[2015.02.21-21.00.50:267][  0]LogInit: Presizing for 0 objects not considered by GC, pre-allocating 0 bytes.
[2015.02.21-21.00.50:276][  0]LogInit: Object subsystem initialized
[2015.02.21-21.00.50:278][  0]LogConsoleResponse:Warning: Skipping Unknown console variable: 'UIScaleCurve = (EditorCurveData=(Keys=((Time=480.000000,Value=0.444000),(Time=720.000000,Value=0.666000),(Time=1080.000000,Value=1.000000),(Time=8640.000000,Value=8.000000))),ExternalCurve=None)'
[2015.02.21-21.00.50:278][  0]LogConsoleResponse:Warning:   Found in ini file 'F:/Unreal Engine/Projects/Sequence 4.7/Saved/Config/Windows/Engine.ini', in section '[/Script/Engine.RendererSettings]'
[2015.02.21-21.00.50:278][  0]LogConsoleManager:Warning: Console variable 'r.MSAA.CompositingSampleCount' wasn't set (Priority ProjectSetting < Scalability)
[2015.02.21-21.00.50:278][  0]LogInit: Selected Device Profile: [Windows]
[2015.02.21-21.00.50:278][  0]LogInit: Applying CVar settings loaded from the selected device profile: [Windows]
[2015.02.21-21.00.50:284][  0]LogInit: Computer: WIN8_SSD
[2015.02.21-21.00.50:284][  0]LogInit: User: Tarl
[2015.02.21-21.00.50:284][  0]LogInit: CPU Page size=4096, Cores=4
[2015.02.21-21.00.50:284][  0]LogInit: High frequency timer resolution =3.331179 MHz
[2015.02.21-21.00.50:284][  0]LogMemory: Memory total: Physical=16.0GB (16GB approx) Virtual=131072.0GB
[2015.02.21-21.00.50:284][  0]LogMemory: Platform Memory Stats for Windows
[2015.02.21-21.00.50:284][  0]LogMemory: Process Physical Memory: 47.46 MB used, 47.46 MB peak
[2015.02.21-21.00.50:284][  0]LogMemory: Process Virtual Memory: 24.27 MB used, 24.28 MB peak
[2015.02.21-21.00.50:284][  0]LogMemory: Physical Memory: 5948.76 MB used, 16351.15 MB total
[2015.02.21-21.00.50:284][  0]LogMemory: Virtual Memory: 299.41 MB used, 134217728.00 MB total
[2015.02.21-21.00.50:309][  0]LogD3D11RHI: Found D3D11 adapter 0: NVIDIA GeForce GTX 770 (Feature Level 11_0)
[2015.02.21-21.00.50:309][  0]LogD3D11RHI: Adapter has 1985MB of dedicated video memory, 0MB of dedicated system memory, and 2048MB of shared system memory, 3 output[s]
[2015.02.21-21.00.50:310][  0]LogD3D11RHI: Found D3D11 adapter 1: Microsoft Basic Render Driver (Feature Level 11_0)
[2015.02.21-21.00.50:310][  0]LogD3D11RHI: Adapter has 0MB of dedicated video memory, 0MB of dedicated system memory, and 256MB of shared system memory, 0 output[s]
[2015.02.21-21.00.50:310][  0]LogD3D11RHI: Chosen D3D11 Adapter Id = 0
[2015.02.21-21.00.50:313][  0]LogRHI: Texture pool is 1361 MB (70% of 1945 MB)
[2015.02.21-21.00.50:324][  0]LogD3D11RHI: Async texture creation enabled
[2015.02.21-21.00.50:716][  0]LogTextLocalizationManager: The requested culture ('en_US') has no localization data; parent culture's ('en') localization data will be used.
[2015.02.21-21.00.50:835][  0]LogContentStreaming: Texture pool size is 0.000000MB
[2015.02.21-21.00.53:135][  0]LogTargetPlatformManager:Display: Building Assets For Windows
[2015.02.21-21.00.53:616][  0]LogTargetPlatformManager:Display: Building Assets For Windows
[2015.02.21-21.00.53:665][  0]LogDerivedDataCache:Display: Max Cache Size: 512 MB
[2015.02.21-21.00.53:702][  0]LogDerivedDataCache: Loaded boot cache 0.04s 39MB C:/Users/Tarl/AppData/Local/UnrealEngine/4.7/DerivedDataCache/Boot.ddc.
[2015.02.21-21.00.53:702][  0]LogDerivedDataCache:Display: Loaded Boot cache: C:/Users/Tarl/AppData/Local/UnrealEngine/4.7/DerivedDataCache/Boot.ddc
[2015.02.21-21.00.53:705][  0]LogDerivedDataCache:Display: Pak cache opened for reading ../../../../Projects/Sequence 4.7/DerivedDataCache/DDC.ddp.
[2015.02.21-21.00.53:816][  0]LogDerivedDataCache:Display: Pak cache opened for reading ../../../Engine/DerivedDataCache/Compressed.ddp.
[2015.02.21-21.00.53:828][  0]LogDerivedDataCache: Using Local data cache path C:/Users/Tarl/AppData/Local/UnrealEngine/Common/DerivedDataCache: Writable
[2015.02.21-21.00.54:095][  0]LogMeshUtilities: No automatic mesh reduction module available
[2015.02.21-21.00.54:095][  0]LogMeshUtilities: No automatic mesh merging module available
[2015.02.21-21.00.54:457][  0]LogInit: WinSock: version 1.1 (2.2), MaxSocks=32767, MaxUdp=65467
[2015.02.21-21.00.54:517][  0]LogSlate:Warning: Failed to load font data from '../../../Engine/Content/Slate/Fonts/Roboto-Italic.ttf'
[2015.02.21-21.00.55:210][  0]UdpMessaging: Initializing bridge on interface 0.0.0.0:0 to multicast group 230.0.0.1:6666.
[2015.02.21-21.00.55:374][  0]LogSourceControl: RunCommandInternalRaw: 'git version'
[2015.02.21-21.00.55:374][  0]LogSourceControl: RunCommandInternalRaw: ExecProcess ReturnCode=2 OutResults=''
[2015.02.21-21.00.55:523][  0]LogObj: 24230 objects as part of root set at end of initial load.
[2015.02.21-21.00.55:523][  0]LogUObjectAllocator: 5136296 out of 0 bytes used by permanent object pool.
[2015.02.21-21.00.55:609][  0]LogEngine: Initializing Engine...
[2015.02.21-21.00.57:777][  0]LogInit: XAudio2 using 'Speakers (High Definition Audio Device)' : 2 channels at 44.1 kHz using 16 bits per sample (channel mask 0x3)
[2015.02.21-21.00.57:785][  0]LogInit: FAudioDevice initialized.
[2015.02.21-21.00.57:813][  0]LogAIModule: Creating AISystem for world NewWorld
[2015.02.21-21.00.57:832][  0]LogDerivedDataCache: Saved boot cache 0.02s 39MB C:/Users/Tarl/AppData/Local/UnrealEngine/4.7/DerivedDataCache/Boot.ddc.
[2015.02.21-21.00.57:839][  0]LogInit: Texture streaming: Enabled
[2015.02.21-21.00.57:918][  0]LogAnalytics: Creating configured Analytics provider AnalyticsET
[2015.02.21-21.00.57:918][  0]LogAnalytics: ET APIKey = Rocket.Release. APIServer = http://et2.epicgames.com/ET2/. AppVersion = 4.7.0-2448202+++depot+UE4-Releases+4.7
[2015.02.21-21.00.57:918][  0]LogAnalytics: ET APIKey = Rocket.Release. DataRouterUploadURL = https://datarouter-public-service-gamedev.ol.epicgames.net/datarouter/api/v1/public/data. AppVersion = 4.7.0-2448202+++depot+UE4-Releases+4.7
[2015.02.21-21.00.57:918][  0]LogAnalytics: SetUserId 85958a9741eccc31a09a9bab6e4d62e8|ae393a9505e24920af14eef5b3785f1f|0e7110db-5bf9-4b3a-8403-998fd462057c
[2015.02.21-21.00.57:918][  0]LogAnalytics: AnalyticsET::StartSession [Rocket.Release]
[2015.02.21-21.00.57:940][  0]LogInit: Transaction tracking system initialized
[2015.02.21-21.00.58:070][  0]BlueprintLog: New page: Editor Load
[2015.02.21-21.00.58:099][  0]LogAssetRegistry: FAssetRegistry took 0.0105 seconds to start up
[2015.02.21-21.00.58:099][  0]LogDirectoryWatcher:Warning: Failed to begin reading directory changes for ../../../Engine/Plugins/Experimental/CharacterAI/Content/. Error: 0
[2015.02.21-21.00.58:580][  0]LogTargetPlatformManager:Display: Building Assets For Windows
[2015.02.21-21.00.58:934][  0]LogTargetPlatformManager:Display: Building Assets For Windows
[2015.02.21-21.00.59:129][  0]LogSlate:Warning: Failed to load font data from '../../../Engine/Content/Editor/Slate/Fonts/Roboto-Regular.ttf'
[2015.02.21-21.00.59:130][  0]LogSlate:Warning: Failed to load font data from '../../../Engine/Content/Editor/Slate/Fonts/Roboto-Bold.ttf'
[2015.02.21-21.00.59:134][  0]LogConsoleResponse:Display: 
[2015.02.21-21.00.59:248][  0]LogCook:Display: Done creating registry. It took  0.00s.
[2015.02.21-21.00.59:362][  0]Cmd: MAP LOAD FILE="../../../../Projects/Sequence 4.7/Content/Maps/BlackJackEntry.umap" TEMPLATE=0 SHOWPROGRESS=1 FEATURELEVEL=3
[2015.02.21-21.00.59:363][  0]LightingResults: New page: Lighting Build
[2015.02.21-21.00.59:372][  0]MapCheck: New page: Map Check
[2015.02.21-21.00.59:372][  0]LightingResults: New page: Lighting Build
[2015.02.21-21.00.59:379][  0]LogParticles: Destroying 0 GPU particle simulations for FXSystem 0x0000007CA8C14720
[2015.02.21-21.01.03:793][  0]LogEditorServer: Finished looking for orphan Actors (0.000 secs)
[2015.02.21-21.01.03:793][  0]LogAIModule: Creating AISystem for world BlackJackEntry
[2015.02.21-21.01.03:794][  0]Cmd: MAP CHECKDEP
[2015.02.21-21.01.03:794][  0]MapCheck: New page: BlackJackEntry - Feb 21, 2015, 11:01:03 PM
[2015.02.21-21.01.03:876][  0]MapCheck: Info Map check complete: 0 Error(s), 0 Warning(s), took 82.136ms to complete.
[2015.02.21-21.01.03:876][  0]LogFileHelpers: Loading map 'BlackJackEntry' took 4.514
[2015.02.21-21.01.04:180][  0]LogSourceControl: Attempting 'p4 client -o New_UE4'
[2015.02.21-21.01.04:180][  0]LogCrashTracker: Crashtracker disabled due to settings.
[2015.02.21-21.01.04:181][  0]LogSlate:Warning: Failed to load font data from 'Veranda'
[2015.02.21-21.01.04:208][  0]LogCollectionManager: Loaded 1 collections in 0.001124 seconds
[2015.02.21-21.01.04:215][  0]LogContentBrowser: Native class hierarchy populated in 0.0073 seconds. Added 1697 classes and 263 folders.
[2015.02.21-21.01.04:242][  0]LogUObjectGlobals:Warning: Failed to find object 'Class None.'
[2015.02.21-21.01.04:267][  0]LogLoad: Full Startup: 16.01 seconds (BP compile: 1.60 seconds)
[2015.02.21-21.01.04:287][  0]LogContentBrowser:Verbose: The content browser source was changed by the sources view to '/Game/Blueprints'
[2015.02.21-21.01.04:345][  0]SourceControl: Info Client New_UE4
[2015.02.21-21.01.04:345][  0]SourceControl: Info Update 2014/10/11 22:16:24
[2015.02.21-21.01.04:345][  0]SourceControl: Info Access 2015/02/21 22:00:15
[2015.02.21-21.01.04:345][  0]SourceControl: Info Owner Tarl
[2015.02.21-21.01.04:345][  0]SourceControl: Info Host Win8_SSD
[2015.02.21-21.01.04:345][  0]SourceControl: Info Description Created by Tarl.

[2015.02.21-21.01.04:345][  0]SourceControl: Info Root F:\Unreal Engine
[2015.02.21-21.01.04:345][  0]SourceControl: Info Options noallwrite noclobber nocompress unlocked nomodtime normdir
[2015.02.21-21.01.04:345][  0]SourceControl: Info SubmitOptions submitunchanged
[2015.02.21-21.01.04:345][  0]SourceControl: Info LineEnd local
[2015.02.21-21.01.04:345][  0]SourceControl: Info View0 //Unreal_Depot/... //New_UE4/...
[2015.02.21-21.01.04:345][  0]SourceControl: Info specFormatted 
[2015.02.21-21.01.04:345][  0]SourceControl: Info func client-FstatInfo
[2015.02.21-21.01.04:413][  0]LogRenderer:Warning: Reallocating scene render targets to support 32x32 (Frame:2).
[2015.02.21-21.01.04:507][  0]LogRenderer:Warning: Reallocating scene render targets to support 1208x1048 (Frame:7).
[2015.02.21-21.01.04:939][  5]LogAssetRegistry: Asset discovery search completed in 6.8502 seconds
[2015.02.21-21.01.07:614][ 50]LogSourceControl: Attempting 'p4 fstat -Or F:/Unreal Engine/Projects/Sequence 4.7/Content/Blueprints/BP_Card.uasset F:/Unreal Engine/Projects/Sequence 4.7/Content/Blueprints/BP_Deck.uasset F:/Unreal Engine/Projects/Sequence 4.7/Content/Blueprints/BP_Logic.uasset F:/Unreal Engine/Projects/Sequence 4.7/Content/Blueprints/BP_PlayerController.uasset'
[2015.02.21-21.01.09:581][169]LogSourceControl: Attempting 'p4 fstat -Or F:/Unreal Engine/Projects/Sequence 4.7/Content/Blueprints/BP_Card2.uasset F:/Unreal Engine/Projects/Sequence 4.7/Content/Blueprints/BP_Sound.uasset F:/Unreal Engine/Projects/Sequence 4.7/Content/Blueprints/Test_Card.uasset'
[2015.02.21-21.02.48:118][394]LogPackageName:Error: DoesPackageExist: DoesPackageExist FAILED: 'None' is not a standard unreal filename or a long path name. Reason: Path should start with a '/'
[2015.02.21-21.02.48:118][394]LogAssetTools:Warning: None does not exist on disk.
[2015.02.21-21.02.48:418][394]LogSourceControl: Attempting 'p4 add F:/Unreal Engine/Projects/CardDeck/Content/Blueprints/BP_Card.uasset F:/Unreal Engine/Projects/CardDeck/Content/Blueprints/BP_Deck.uasset F:/Unreal Engine/Projects/CardDeck/Content/Blueprints/BP_Logic.uasset F:/Unreal Engine/Projects/CardDeck/Content/Blueprints/BP_PlayerController.uasset F:/Unreal Engine/Projects/CardDeck/Content/Tarl/CardHand.uasset F:/Unreal Engine/Projects/CardDeck/Content/Assets/Meshes/SM_Card_01.uasset F:/Unreal Engine/Projects/CardDeck/Content/Assets/Materials/M_Card_Deck.uasset F:/Unreal Engine/Projects/CardDeck/Content/Assets/Textures/T_Card_Deck_D.uasset F:/Unreal Engine/Projects/CardDeck/Content/Assets/Materials/M_Card_Deco.uasset F:/Unreal Engine/Projects/CardDeck/Content/Assets/Textures/T_CardRevers_01_M.uasset F:/Unreal Engine/Projects/CardDeck/Content/Assets/Materials/M_Card_Shadow.uasset F:/Unreal Engine/Projects/CardDeck/Content/Tarl/Tile.uasset F:/Unreal Engine/Projects/CardDeck/Content/Tarl/M_Card_Joker.uasset F:/Unreal Engine/Projects/CardDeck/Content/Tarl/joker_square.uasset F:/Unreal Engine/Projects/CardDeck/Content/Tarl/M_Card_Joker_Inst.uasset F:/Unreal Engine/Projects/CardDeck/Content/Assets/Effects/particles/P_Pulse_Ring.uasset F:/Unreal Engine/Projects/CardDeck/Content/Assets/Effects/Materials/M_Particle_Effect_Ring.uasset F:/Unreal Engine/Projects/CardDeck/Content/Assets/Textures/T_Effect_Ring.uasset F:/Unreal Engine/Projects/CardDeck/Content/Assets/Meshes/SM_StaticDecalMesh.uasset F:/Unreal Engine/Projects/CardDeck/Content/Assets/Materials/M_StaticDecal_Inst.uasset F:/Unreal Engine/Projects/CardDeck/Content/Assets/Materials/M_StaticDecal.uasset F:/Unreal Engine/Projects/CardDeck/Content/Assets/Textures/T_Decal_Cards.uasset F:/Unreal Engine/Projects/CardDeck/Content/Assets/Textures/T_Fabric_01_N.uasset F:/Unreal Engine/Projects/CardDeck/Content/Assets/Meshes/SM_Chip_01.uasset F:/Unreal Engine/Projects/CardDeck/Content/Assets/Materials/M_CasinoChip_01_Bid10_Inst.uasset F:/Unreal Engine/Projects/CardDeck/Content/Assets/Materials/M_CasinoChip_01.uasset F:/Unreal Engine/Projects/CardDeck/Content/Assets/Textures/T_Poker_Chip_M.uasset F:/Unreal Engine/Projects/CardDeck/Content/Assets/Textures/T_Poker_Chip_N.uasset F:/Unreal Engine/Projects/CardDeck/Content/Assets/Textures/T_Poker_Chip_Numbers_M.uasset F:/Unreal Engine/Projects/CardDeck/Content/Assets/Meshes/SM_Chip_Ghost.uasset F:/Unreal Engine/Projects/CardDeck/Content/Tarl/BoardTile_2Clubs.uasset F:/Unreal Engine/Projects/CardDeck/Content/Tarl/PlayerColor.uasset F:/Unreal Engine/Projects/CardDeck/Content/Tarl/UMG_Main.uasset F:/Unreal Engine/Projects/CardDeck/Content/Tarl/CardName_Single.uasset F:/Unreal Engine/Projects/CardDeck/Content/Assets/Materials/M_Card_Deco_Inst.uasset F:/Unreal Engine/Projects/CardDeck/Content/Assets/Meshes/SM_Card_01B.uasset F:/Unreal Engine/Projects/CardDeck/Content/Assets/Effects/particles/P_Card_Rotation.uasset F:/Unreal Engine/Projects/CardDeck/Content/Assets/Effects/Materials/M_card_rotation_01.uasset F:/Unreal Engine/Projects/CardDeck/Content/Assets/Effects/Textures/T_Smoke2_Tile.uasset F:/Unreal Engine/Projects/CardDeck/Content/Assets/Effects/Meshes/Cylinder.uasset F:/Unreal Engine/Projects/CardDeck/Content/Assets/Sounds/CardFlip_Stereo_Cue.uasset F:/Unreal Engine/Projects/CardDeck/Content/Assets/Sounds/CardFlip01_Stereo.uasset F:/Unreal Engine/Projects/CardDeck/Content/Assets/Sounds/CardFlip02_Stereo.uasset F:/Unreal Engine/Projects/CardDeck/Content/Assets/Sounds/CardFlip03_Stereo.uasset F:/Unreal Engine/Projects/CardDeck/Content/Assets/Sounds/CardFlip04_Stereo.uasset F:/Unreal Engine/Projects/CardDeck/Content/Assets/Sounds/CardFlip05_Stereo.uasset F:/Unreal Engine/Projects/CardDeck/Content/Tarl/CardID_Struct.uasset F:/Unreal Engine/Projects/CardDeck/Content/Tarl/CardTypes.uasset F:/Unreal Engine/Projects/CardDeck/Content/Tarl/SuitList.uasset'
[2015.02.21-21.02.48:487][394]AssetRegistry: New page: Copy Errors
[2015.02.21-21.02.48:488][394]AssetRegistry:Error: Error None does not exist on disk.

[2015.02.21-21.02.48:488][394]AssetRegistry: New page: Copied Successfully
[2015.02.21-21.02.48:503][394]AssetRegistry: Info
[2015.02.21-21.02.48:503][394]AssetRegistry: Info /Game/Blueprints/BP_Card
[2015.02.21-21.02.48:503][394]AssetRegistry: Info /Game/Blueprints/BP_Deck
[2015.02.21-21.02.48:503][394]AssetRegistry: Info /Game/Blueprints/BP_Logic
[2015.02.21-21.02.48:503][394]AssetRegistry: Info /Game/Blueprints/BP_PlayerController
[2015.02.21-21.02.48:503][394]AssetRegistry: Info /Game/Tarl/CardHand
[2015.02.21-21.02.48:503][394]AssetRegistry: Info /Game/Assets/Meshes/SM_Card_01
[2015.02.21-21.02.48:503][394]AssetRegistry: Info /Game/Assets/Materials/M_Card_Deck
[2015.02.21-21.02.48:503][394]AssetRegistry: Info /Game/Assets/Textures/T_Card_Deck_D
[2015.02.21-21.02.48:503][394]AssetRegistry: Info /Game/Assets/Materials/M_Card_Deco
[2015.02.21-21.02.48:503][394]AssetRegistry: Info /Game/Assets/Textures/T_CardRevers_01_M
[2015.02.21-21.02.48:503][394]AssetRegistry: Info /Game/Assets/Materials/M_Card_Shadow
[2015.02.21-21.02.48:503][394]AssetRegistry: Info /Game/Tarl/Tile
[2015.02.21-21.02.48:503][394]AssetRegistry: Info /Game/Tarl/M_Card_Joker
[2015.02.21-21.02.48:503][394]AssetRegistry: Info /Game/Tarl/joker_square
[2015.02.21-21.02.48:503][394]AssetRegistry: Info /Game/Tarl/M_Card_Joker_Inst
[2015.02.21-21.02.48:503][394]AssetRegistry: Info /Game/Assets/Effects/particles/P_Pulse_Ring
[2015.02.21-21.02.48:503][394]AssetRegistry: Info /Game/Assets/Effects/Materials/M_Particle_Effect_Ring
[2015.02.21-21.02.48:503][394]AssetRegistry: Info /Game/Assets/Textures/T_Effect_Ring
[2015.02.21-21.02.48:503][394]AssetRegistry: Info /Game/Assets/Meshes/SM_StaticDecalMesh
[2015.02.21-21.02.48:503][394]AssetRegistry: Info /Game/Assets/Materials/M_StaticDecal_Inst
[2015.02.21-21.02.48:503][394]AssetRegistry: Info /Game/Assets/Materials/M_StaticDecal
[2015.02.21-21.02.48:503][394]AssetRegistry: Info /Game/Assets/Textures/T_Decal_Cards
[2015.02.21-21.02.48:503][394]AssetRegistry: Info /Game/Assets/Textures/T_Fabric_01_N
[2015.02.21-21.02.48:503][394]AssetRegistry: Info /Game/Assets/Meshes/SM_Chip_01
[2015.02.21-21.02.48:503][394]AssetRegistry: Info /Game/Assets/Materials/M_CasinoChip_01_Bid10_Inst
[2015.02.21-21.02.48:504][394]AssetRegistry: Info /Game/Assets/Materials/M_CasinoChip_01
[2015.02.21-21.02.48:504][394]AssetRegistry: Info /Game/Assets/Textures/T_Poker_Chip_M
[2015.02.21-21.02.48:504][394]AssetRegistry: Info /Game/Assets/Textures/T_Poker_Chip_N
[2015.02.21-21.02.48:504][394]AssetRegistry: Info /Game/Assets/Textures/T_Poker_Chip_Numbers_M
[2015.02.21-21.02.48:504][394]AssetRegistry: Info /Game/Assets/Meshes/SM_Chip_Ghost
[2015.02.21-21.02.48:504][394]AssetRegistry: Info /Game/Tarl/BoardTile_2Clubs
[2015.02.21-21.02.48:504][394]AssetRegistry: Info /Game/Tarl/PlayerColor
[2015.02.21-21.02.48:504][394]AssetRegistry: Info /Game/Tarl/UMG_Main
[2015.02.21-21.02.48:504][394]AssetRegistry: Info /Game/Tarl/CardName_Single
[2015.02.21-21.02.48:504][394]AssetRegistry: Info /Game/Assets/Materials/M_Card_Deco_Inst
[2015.02.21-21.02.48:504][394]AssetRegistry: Info /Game/Assets/Meshes/SM_Card_01B
[2015.02.21-21.02.48:504][394]AssetRegistry: Info /Game/Assets/Effects/particles/P_Card_Rotation
[2015.02.21-21.02.48:504][394]AssetRegistry: Info /Game/Assets/Effects/Materials/M_card_rotation_01
[2015.02.21-21.02.48:504][394]AssetRegistry: Info /Game/Assets/Effects/Textures/T_Smoke2_Tile
[2015.02.21-21.02.48:504][394]AssetRegistry: Info /Game/Assets/Effects/Meshes/Cylinder
[2015.02.21-21.02.48:504][394]AssetRegistry: Info /Game/Assets/Sounds/CardFlip_Stereo_Cue
[2015.02.21-21.02.48:504][394]AssetRegistry: Info /Game/Assets/Sounds/CardFlip01_Stereo
[2015.02.21-21.02.48:504][394]AssetRegistry: Info /Game/Assets/Sounds/CardFlip02_Stereo
[2015.02.21-21.02.48:504][394]AssetRegistry: Info /Game/Assets/Sounds/CardFlip03_Stereo
[2015.02.21-21.02.48:504][394]AssetRegistry: Info /Game/Assets/Sounds/CardFlip04_Stereo
[2015.02.21-21.02.48:504][394]AssetRegistry: Info /Game/Assets/Sounds/CardFlip05_Stereo
[2015.02.21-21.02.48:504][394]AssetRegistry: Info /Game/Tarl/CardID_Struct
[2015.02.21-21.02.48:504][394]AssetRegistry: Info /Game/Tarl/CardTypes
[2015.02.21-21.02.48:504][394]AssetRegistry: Info /Game/Tarl/SuitList
[2015.02.21-21.04.06:417][470]LogContentBrowser:Verbose: The content browser source was changed by the sources view to '/Game/Maps'
[2015.02.21-21.04.07:442][533]LogSourceControl: Attempting 'p4 fstat -Or F:/Unreal Engine/Projects/Sequence 4.7/Content/Maps/BlackJackEntry.umap F:/Unreal Engine/Projects/Sequence 4.7/Content/Maps/Test_Map.umap'
[2015.02.21-21.04.08:013][571]LogContentBrowser:Verbose: The content browser source was changed by the sources view to '/Game/Tarl'
[2015.02.21-21.04.09:043][631]LogSourceControl: Attempting 'p4 fstat -Or F:/Unreal Engine/Projects/Sequence 4.7/Content/Tarl/BoardTile_2Clubs.uasset F:/Unreal Engine/Projects/Sequence 4.7/Content/Tarl/BP_NewPlayer.uasset F:/Unreal Engine/Projects/Sequence 4.7/Content/Tarl/CardHand.uasset F:/Unreal Engine/Projects/Sequence 4.7/Content/Tarl/CardID_Struct.uasset F:/Unreal Engine/Projects/Sequence 4.7/Content/Tarl/CardName_Single.uasset F:/Unreal Engine/Projects/Sequence 4.7/Content/Tarl/CardTypes.uasset F:/Unreal Engine/Projects/Sequence 4.7/Content/Tarl/joker_square.uasset F:/Unreal Engine/Projects/Sequence 4.7/Content/Tarl/M_Card_Joker.uasset F:/Unreal Engine/Projects/Sequence 4.7/Content/Tarl/M_Card_Joker_Inst.uasset F:/Unreal Engine/Projects/Sequence 4.7/Content/Tarl/PlayerColor.uasset F:/Unreal Engine/Projects/Sequence 4.7/Content/Tarl/SuitList.uasset F:/Unreal Engine/Projects/Sequence 4.7/Content/Tarl/Test_Hand.uasset F:/Unreal Engine/Projects/Sequence 4.7/Content/Tarl/TestCard.uasset F:/Unreal Engine/Projects/Sequence 4.7/Content/Tarl/Tile.uasset F:/Unreal Engine/Projects/Sequence 4.7/Content/Tarl/UMG_Main.uasset'
[2015.02.21-21.04.51:335][824]LogPackageName:Error: DoesPackageExist: DoesPackageExist FAILED: 'None' is not a standard unreal filename or a long path name. Reason: Path should start with a '/'
[2015.02.21-21.04.51:336][824]LogAssetTools:Warning: None does not exist on disk.
[2015.02.21-21.04.51:433][824]LogSourceControl: Attempting 'p4 add F:/Unreal Engine/Projects/CardDeck/Content/Tarl/CardHand.uasset F:/Unreal Engine/Projects/CardDeck/Content/Blueprints/BP_Logic.uasset F:/Unreal Engine/Projects/CardDeck/Content/Blueprints/BP_Card.uasset F:/Unreal Engine/Projects/CardDeck/Content/Blueprints/BP_Deck.uasset F:/Unreal Engine/Projects/CardDeck/Content/Tarl/Tile.uasset F:/Unreal Engine/Projects/CardDeck/Content/Assets/Materials/M_Card_Deck.uasset F:/Unreal Engine/Projects/CardDeck/Content/Assets/Textures/T_Card_Deck_D.uasset F:/Unreal Engine/Projects/CardDeck/Content/Tarl/M_Card_Joker.uasset F:/Unreal Engine/Projects/CardDeck/Content/Tarl/joker_square.uasset F:/Unreal Engine/Projects/CardDeck/Content/Tarl/M_Card_Joker_Inst.uasset F:/Unreal Engine/Projects/CardDeck/Content/Assets/Effects/particles/P_Pulse_Ring.uasset F:/Unreal Engine/Projects/CardDeck/Content/Assets/Effects/Materials/M_Particle_Effect_Ring.uasset F:/Unreal Engine/Projects/CardDeck/Content/Assets/Textures/T_Effect_Ring.uasset F:/Unreal Engine/Projects/CardDeck/Content/Assets/Meshes/SM_StaticDecalMesh.uasset F:/Unreal Engine/Projects/CardDeck/Content/Assets/Materials/M_StaticDecal_Inst.uasset F:/Unreal Engine/Projects/CardDeck/Content/Assets/Materials/M_StaticDecal.uasset F:/Unreal Engine/Projects/CardDeck/Content/Assets/Textures/T_Decal_Cards.uasset F:/Unreal Engine/Projects/CardDeck/Content/Assets/Textures/T_Fabric_01_N.uasset F:/Unreal Engine/Projects/CardDeck/Content/Assets/Meshes/SM_Chip_01.uasset F:/Unreal Engine/Projects/CardDeck/Content/Assets/Materials/M_CasinoChip_01_Bid10_Inst.uasset F:/Unreal Engine/Projects/CardDeck/Content/Assets/Materials/M_CasinoChip_01.uasset F:/Unreal Engine/Projects/CardDeck/Content/Assets/Textures/T_Poker_Chip_M.uasset F:/Unreal Engine/Projects/CardDeck/Content/Assets/Textures/T_Poker_Chip_N.uasset F:/Unreal Engine/Projects/CardDeck/Content/Assets/Textures/T_Poker_Chip_Numbers_M.uasset F:/Unreal Engine/Projects/CardDeck/Content/Assets/Meshes/SM_Chip_Ghost.uasset F:/Unreal Engine/Projects/CardDeck/Content/Assets/Materials/M_Card_Shadow.uasset F:/Unreal Engine/Projects/CardDeck/Content/Tarl/BoardTile_2Clubs.uasset F:/Unreal Engine/Projects/CardDeck/Content/Tarl/PlayerColor.uasset F:/Unreal Engine/Projects/CardDeck/Content/Assets/Materials/M_Card_Deco_Inst.uasset F:/Unreal Engine/Projects/CardDeck/Content/Assets/Materials/M_Card_Deco.uasset F:/Unreal Engine/Projects/CardDeck/Content/Assets/Textures/T_CardRevers_01_M.uasset F:/Unreal Engine/Projects/CardDeck/Content/Assets/Meshes/SM_Card_01B.uasset F:/Unreal Engine/Projects/CardDeck/Content/Assets/Effects/particles/P_Card_Rotation.uasset F:/Unreal Engine/Projects/CardDeck/Content/Assets/Effects/Materials/M_card_rotation_01.uasset F:/Unreal Engine/Projects/CardDeck/Content/Assets/Effects/Textures/T_Smoke2_Tile.uasset F:/Unreal Engine/Projects/CardDeck/Content/Assets/Effects/Meshes/Cylinder.uasset F:/Unreal Engine/Projects/CardDeck/Content/Assets/Meshes/SM_Card_01.uasset F:/Unreal Engine/Projects/CardDeck/Content/Assets/Sounds/CardFlip_Stereo_Cue.uasset F:/Unreal Engine/Projects/CardDeck/Content/Assets/Sounds/CardFlip01_Stereo.uasset F:/Unreal Engine/Projects/CardDeck/Content/Assets/Sounds/CardFlip02_Stereo.uasset F:/Unreal Engine/Projects/CardDeck/Content/Assets/Sounds/CardFlip03_Stereo.uasset F:/Unreal Engine/Projects/CardDeck/Content/Assets/Sounds/CardFlip04_Stereo.uasset F:/Unreal Engine/Projects/CardDeck/Content/Assets/Sounds/CardFlip05_Stereo.uasset F:/Unreal Engine/Projects/CardDeck/Content/Tarl/CardID_Struct.uasset F:/Unreal Engine/Projects/CardDeck/Content/Tarl/CardTypes.uasset F:/Unreal Engine/Projects/CardDeck/Content/Tarl/SuitList.uasset F:/Unreal Engine/Projects/CardDeck/Content/Blueprints/BP_PlayerController.uasset F:/Unreal Engine/Projects/CardDeck/Content/Tarl/UMG_Main.uasset F:/Unreal Engine/Projects/CardDeck/Content/Tarl/CardName_Single.uasset'
[2015.02.21-21.04.51:484][824]AssetRegistry: New page: Copy Errors
[2015.02.21-21.04.51:484][824]AssetRegistry:Error: Error None does not exist on disk.

[2015.02.21-21.04.51:484][824]AssetRegistry: New page: Copied Successfully
[2015.02.21-21.04.51:485][824]AssetRegistry: Info
[2015.02.21-21.04.51:485][824]AssetRegistry: Info /Game/Tarl/CardHand
[2015.02.21-21.04.51:485][824]AssetRegistry: Info /Game/Blueprints/BP_Logic
[2015.02.21-21.04.51:485][824]AssetRegistry: Info /Game/Blueprints/BP_Card
[2015.02.21-21.04.51:485][824]AssetRegistry: Info /Game/Blueprints/BP_Deck
[2015.02.21-21.04.51:485][824]AssetRegistry: Info /Game/Tarl/Tile
[2015.02.21-21.04.51:485][824]AssetRegistry: Info /Game/Assets/Materials/M_Card_Deck
[2015.02.21-21.04.51:485][824]AssetRegistry: Info /Game/Assets/Textures/T_Card_Deck_D
[2015.02.21-21.04.51:485][824]AssetRegistry: Info /Game/Tarl/M_Card_Joker
[2015.02.21-21.04.51:485][824]AssetRegistry: Info /Game/Tarl/joker_square
[2015.02.21-21.04.51:485][824]AssetRegistry: Info /Game/Tarl/M_Card_Joker_Inst
[2015.02.21-21.04.51:485][824]AssetRegistry: Info /Game/Assets/Effects/particles/P_Pulse_Ring
[2015.02.21-21.04.51:485][824]AssetRegistry: Info /Game/Assets/Effects/Materials/M_Particle_Effect_Ring
[2015.02.21-21.04.51:485][824]AssetRegistry: Info /Game/Assets/Textures/T_Effect_Ring
[2015.02.21-21.04.51:485][824]AssetRegistry: Info /Game/Assets/Meshes/SM_StaticDecalMesh
[2015.02.21-21.04.51:485][824]AssetRegistry: Info /Game/Assets/Materials/M_StaticDecal_Inst
[2015.02.21-21.04.51:485][824]AssetRegistry: Info /Game/Assets/Materials/M_StaticDecal
[2015.02.21-21.04.51:486][824]AssetRegistry: Info /Game/Assets/Textures/T_Decal_Cards
[2015.02.21-21.04.51:486][824]AssetRegistry: Info /Game/Assets/Textures/T_Fabric_01_N
[2015.02.21-21.04.51:486][824]AssetRegistry: Info /Game/Assets/Meshes/SM_Chip_01
[2015.02.21-21.04.51:486][824]AssetRegistry: Info /Game/Assets/Materials/M_CasinoChip_01_Bid10_Inst
[2015.02.21-21.04.51:486][824]AssetRegistry: Info /Game/Assets/Materials/M_CasinoChip_01
[2015.02.21-21.04.51:486][824]AssetRegistry: Info /Game/Assets/Textures/T_Poker_Chip_M
[2015.02.21-21.04.51:486][824]AssetRegistry: Info /Game/Assets/Textures/T_Poker_Chip_N
[2015.02.21-21.04.51:486][824]AssetRegistry: Info /Game/Assets/Textures/T_Poker_Chip_Numbers_M
[2015.02.21-21.04.51:486][824]AssetRegistry: Info /Game/Assets/Meshes/SM_Chip_Ghost
[2015.02.21-21.04.51:486][824]AssetRegistry: Info /Game/Assets/Materials/M_Card_Shadow
[2015.02.21-21.04.51:486][824]AssetRegistry: Info /Game/Tarl/BoardTile_2Clubs
[2015.02.21-21.04.51:486][824]AssetRegistry: Info /Game/Tarl/PlayerColor
[2015.02.21-21.04.51:486][824]AssetRegistry: Info /Game/Assets/Materials/M_Card_Deco_Inst
[2015.02.21-21.04.51:486][824]AssetRegistry: Info /Game/Assets/Materials/M_Card_Deco
[2015.02.21-21.04.51:486][824]AssetRegistry: Info /Game/Assets/Textures/T_CardRevers_01_M
[2015.02.21-21.04.51:486][824]AssetRegistry: Info /Game/Assets/Meshes/SM_Card_01B
[2015.02.21-21.04.51:487][824]AssetRegistry: Info /Game/Assets/Effects/particles/P_Card_Rotation
[2015.02.21-21.04.51:487][824]AssetRegistry: Info /Game/Assets/Effects/Materials/M_card_rotation_01
[2015.02.21-21.04.51:487][824]AssetRegistry: Info /Game/Assets/Effects/Textures/T_Smoke2_Tile
[2015.02.21-21.04.51:487][824]AssetRegistry: Info /Game/Assets/Effects/Meshes/Cylinder
[2015.02.21-21.04.51:487][824]AssetRegistry: Info /Game/Assets/Meshes/SM_Card_01
[2015.02.21-21.04.51:487][824]AssetRegistry: Info /Game/Assets/Sounds/CardFlip_Stereo_Cue
[2015.02.21-21.04.51:487][824]AssetRegistry: Info /Game/Assets/Sounds/CardFlip01_Stereo
[2015.02.21-21.04.51:487][824]AssetRegistry: Info /Game/Assets/Sounds/CardFlip02_Stereo
[2015.02.21-21.04.51:487][824]AssetRegistry: Info /Game/Assets/Sounds/CardFlip03_Stereo
[2015.02.21-21.04.51:487][824]AssetRegistry: Info /Game/Assets/Sounds/CardFlip04_Stereo
[2015.02.21-21.04.51:487][824]AssetRegistry: Info /Game/Assets/Sounds/CardFlip05_Stereo
[2015.02.21-21.04.51:487][824]AssetRegistry: Info /Game/Tarl/CardID_Struct
[2015.02.21-21.04.51:487][824]AssetRegistry: Info /Game/Tarl/CardTypes
[2015.02.21-21.04.51:487][824]AssetRegistry: Info /Game/Tarl/SuitList
[2015.02.21-21.04.51:487][824]AssetRegistry: Info /Game/Blueprints/BP_PlayerController
[2015.02.21-21.04.51:487][824]AssetRegistry: Info /Game/Tarl/UMG_Main
[2015.02.21-21.04.51:487][824]AssetRegistry: Info /Game/Tarl/CardName_Single
[2015.02.21-21.05.04:381][754]LogUProjectInfo: Found projects:
[2015.02.21-21.05.10:618][421]Cmd: CLOSE_SLATE_MAINFRAME
[2015.02.21-21.05.11:301][422]Cmd: QUIT_EDITOR
[2015.02.21-21.05.11:803][422]LogExit: Preparing to exit.
[2015.02.21-21.05.12:411][422]LogExit: Editor shut down
[2015.02.21-21.05.12:412][422]LogExit: Transaction tracking system shut down
[2015.02.21-21.05.12:414][422]LogParticles: Destroying 0 GPU particle simulations for FXSystem 0x0000007CAFA089A0
[2015.02.21-21.05.12:415][422]LogParticles: Destroying 0 GPU particle simulations for FXSystem 0x0000007CB41227A0
[2015.02.21-21.05.12:415][422]LogParticles: Destroying 0 GPU particle simulations for FXSystem 0x0000007CB4374220
[2015.02.21-21.05.12:415][422]LogParticles: Destroying 0 GPU particle simulations for FXSystem 0x0000007CB2FBAA20
[2015.02.21-21.05.12:415][422]LogParticles: Destroying 0 GPU particle simulations for FXSystem 0x0000007CB1D13880
[2015.02.21-21.05.12:416][422]LogParticles: Destroying 0 GPU particle simulations for FXSystem 0x0000007CBD3F3C40
[2015.02.21-21.05.12:417][422]LogParticles: Destroying 0 GPU particle simulations for FXSystem 0x0000007CBAA1A5C0
[2015.02.21-21.05.12:417][422]LogParticles: Destroying 0 GPU particle simulations for FXSystem 0x0000007CBADC1760
[2015.02.21-21.05.12:417][422]LogParticles: Destroying 0 GPU particle simulations for FXSystem 0x0000007CA344CC20
[2015.02.21-21.05.12:488][422]LogExit: Object subsystem successfully closed.
[2015.02.21-21.05.12:533][422]LogModuleManager: Shutting down and abandoning module EditorWidgets (177)
[2015.02.21-21.05.12:533][422]LogModuleManager: Shutting down and abandoning module CollectionManager (176)
[2015.02.21-21.05.12:533][422]LogModuleManager: Shutting down and abandoning module CrashTracker (175)
[2015.02.21-21.05.12:533][422]LogModuleManager: Shutting down and abandoning module SuperSearch (174)
[2015.02.21-21.05.12:533][422]LogModuleManager: Shutting down and abandoning module SceneOutliner (173)
[2015.02.21-21.05.12:533][422]LogModuleManager: Shutting down and abandoning module StatsViewer (172)
[2015.02.21-21.05.12:533][422]LogModuleManager: Shutting down and abandoning module FoliageEdit (171)
[2015.02.21-21.05.12:533][422]LogModuleManager: Shutting down and abandoning module LandscapeEditor (170)
[2015.02.21-21.05.12:534][422]LogModuleManager: Shutting down and abandoning module MeshPaint (169)
[2015.02.21-21.05.12:534][422]LogModuleManager: Shutting down and abandoning module ActorPickerMode (168)
[2015.02.21-21.05.12:534][422]LogModuleManager: Shutting down and abandoning module GeometryMode (167)
[2015.02.21-21.05.12:534][422]LogModuleManager: Shutting down and abandoning module TextureAlignMode (166)
[2015.02.21-21.05.12:534][422]LogModuleManager: Shutting down and abandoning module BspMode (165)
[2015.02.21-21.05.12:534][422]LogModuleManager: Shutting down and abandoning module PlacementMode (164)
[2015.02.21-21.05.12:534][422]LogModuleManager: Shutting down and abandoning module AutomationWorker (163)
[2015.02.21-21.05.12:534][422]LogModuleManager: Shutting down and abandoning module CharacterAI (162)
[2015.02.21-21.05.12:534][422]LogModuleManager: Shutting down and abandoning module SmartSnapping (161)
[2015.02.21-21.05.12:534][422]LogModuleManager: Shutting down and abandoning module ViewportSnapping (160)
[2015.02.21-21.05.12:534][422]LogModuleManager: Shutting down and abandoning module LogVisualizer (159)
[2015.02.21-21.05.12:534][422]LogModuleManager: Shutting down and abandoning module GameProjectGeneration (158)
[2015.02.21-21.05.12:534][422]LogModuleManager: Shutting down and abandoning module IntroTutorials (157)
[2015.02.21-21.05.12:534][422]LogModuleManager: Shutting down and abandoning module EditorLiveStreaming (156)
[2015.02.21-21.05.12:534][422]LogModuleManager: Shutting down and abandoning module HardwareTargeting (155)
[2015.02.21-21.05.12:534][422]LogModuleManager: Shutting down and abandoning module DeviceProfileEditor (154)
[2015.02.21-21.05.12:534][422]LogModuleManager: Shutting down and abandoning module UndoHistory (153)
[2015.02.21-21.05.12:534][422]LogModuleManager: Shutting down and abandoning module GameplayTagsEditor (152)
[2015.02.21-21.05.12:534][422]LogModuleManager: Shutting down and abandoning module UserFeedback (151)
[2015.02.21-21.05.12:534][422]LogModuleManager: Shutting down and abandoning module XmlParser (150)
[2015.02.21-21.05.12:534][422]LogModuleManager: Shutting down and abandoning module Blutility (149)
[2015.02.21-21.05.12:534][422]LogModuleManager: Shutting down and abandoning module IOSPlatformEditor (148)
[2015.02.21-21.05.12:534][422]LogModuleManager: Shutting down and abandoning module IOSRuntimeSettings (147)
[2015.02.21-21.05.12:534][422]LogModuleManager: Shutting down and abandoning module AndroidDeviceDetection (146)
[2015.02.21-21.05.13:060][422]LogModuleManager: Shutting down and abandoning module AndroidPlatformEditor (145)
[2015.02.21-21.05.13:060][422]LogModuleManager: Shutting down and abandoning module AndroidRuntimeSettings (144)
[2015.02.21-21.05.13:060][422]LogModuleManager: Shutting down and abandoning module ProjectTargetPlatformEditor (143)
[2015.02.21-21.05.13:060][422]LogModuleManager: Shutting down and abandoning module ProjectSettingsViewer (142)
[2015.02.21-21.05.13:060][422]LogModuleManager: Shutting down and abandoning module InputBindingEditor (141)
[2015.02.21-21.05.13:060][422]LogModuleManager: Shutting down and abandoning module EditorSettingsViewer (140)
[2015.02.21-21.05.13:060][422]LogModuleManager: Shutting down and abandoning module SettingsEditor (139)
[2015.02.21-21.05.13:060][422]LogModuleManager: Shutting down and abandoning module ProjectLauncher (138)
[2015.02.21-21.05.13:060][422]LogModuleManager: Shutting down and abandoning module SessionFrontend (137)
[2015.02.21-21.05.13:061][422]LogModuleManager: Shutting down and abandoning module ProfilerClient (136)
[2015.02.21-21.05.13:061][422]LogModuleManager: Shutting down and abandoning module TargetDeviceServices (135)
[2015.02.21-21.05.13:061][422]LogModuleManager: Shutting down and abandoning module DeviceManager (134)
[2015.02.21-21.05.13:061][422]LogModuleManager: Shutting down and abandoning module AutomationController (133)
[2015.02.21-21.05.13:061][422]LogModuleManager: Shutting down and abandoning module AutomationWindow (132)
[2015.02.21-21.05.13:061][422]LogModuleManager: Shutting down and abandoning module Layers (131)
[2015.02.21-21.05.13:061][422]LogModuleManager: Shutting down and abandoning module ComponentVisualizers (130)
[2015.02.21-21.05.13:061][422]LogModuleManager: Shutting down and abandoning module DetailCustomizations (129)
[2015.02.21-21.05.13:061][422]LogModuleManager: Shutting down and abandoning module PackagesDialog (128)
[2015.02.21-21.05.13:061][422]LogModuleManager: Shutting down and abandoning module AssetRegistry (127)
[2015.02.21-21.05.13:194][422]LogModuleManager: Shutting down and abandoning module Persona (126)
[2015.02.21-21.05.13:194][422]LogModuleManager: Shutting down and abandoning module SlateReflector (125)
[2015.02.21-21.05.13:194][422]LogModuleManager: Shutting down and abandoning module LevelEditor (124)
[2015.02.21-21.05.13:194][422]LogModuleManager: Shutting down and abandoning module Kismet (123)
[2015.02.21-21.05.13:194][422]LogModuleManager: Shutting down and abandoning module GraphEditor (122)
[2015.02.21-21.05.13:195][422]LogModuleManager: Shutting down and abandoning module ClassViewer (121)
[2015.02.21-21.05.13:195][422]LogModuleManager: Shutting down and abandoning module Toolbox (120)
[2015.02.21-21.05.13:195][422]LogModuleManager: Shutting down and abandoning module ModuleUI (119)
[2015.02.21-21.05.13:195][422]LogModuleManager: Shutting down and abandoning module MovieSceneTools (118)
[2015.02.21-21.05.13:195][422]LogModuleManager: Shutting down and abandoning module OutputLog (117)
[2015.02.21-21.05.13:195][422]LogModuleManager: Shutting down and abandoning module GammaUI (116)
[2015.02.21-21.05.13:195][422]LogModuleManager: Shutting down and abandoning module Documentation (115)
[2015.02.21-21.05.13:195][422]LogModuleManager: Shutting down and abandoning module GameLiveStreaming (114)
[2015.02.21-21.05.13:195][422]LogModuleManager: Shutting down and abandoning module StreamingPauseRendering (113)
[2015.02.21-21.05.13:195][422]LogModuleManager: Shutting down and abandoning module HTTP (112)
[2015.02.21-21.05.13:195][422]LogModuleManager: Shutting down and abandoning module AnalyticsET (111)
[2015.02.21-21.05.13:195][422]LogModuleManager: Shutting down and abandoning module Analytics (110)
[2015.02.21-21.05.13:195][422]LogModuleManager: Shutting down and abandoning module AITestSuite (109)
[2015.02.21-21.05.13:195][422]LogModuleManager: Shutting down and abandoning module GameplayDebugger (108)
[2015.02.21-21.05.13:195][422]LogModuleManager: Shutting down and abandoning module AIModule (107)
[2015.02.21-21.05.13:195][422]LogModuleManager: Shutting down and abandoning module ProfilerService (106)
[2015.02.21-21.05.13:361][422]LogModuleManager: Shutting down and abandoning module TaskGraph (105)
[2015.02.21-21.05.13:361][422]LogModuleManager: Shutting down and abandoning module SlateRemote (104)
[2015.02.21-21.05.13:361][422]LogModuleManager: Shutting down and abandoning module ScriptEditorPlugin (103)
[2015.02.21-21.05.13:361][422]LogModuleManager: Shutting down and abandoning module CustomMeshComponent (102)
[2015.02.21-21.05.13:361][422]LogModuleManager: Shutting down and abandoning module CableComponent (101)
[2015.02.21-21.05.13:361][422]LogModuleManager: Shutting down and abandoning module MessagingDebugger (100)
[2015.02.21-21.05.13:361][422]LogModuleManager: Shutting down and abandoning module MediaPlayerEditor (99)
[2015.02.21-21.05.13:361][422]LogModuleManager: Shutting down and abandoning module SpeedTreeImporter (98)
[2015.02.21-21.05.13:361][422]LogModuleManager: Shutting down and abandoning module PluginsEditor (97)
[2015.02.21-21.05.13:361][422]LogModuleManager: Shutting down and abandoning module MainFrame (96)
[2015.02.21-21.05.13:361][422]LogModuleManager: Shutting down and abandoning module EpicSurvey (95)
[2015.02.21-21.05.13:361][422]LogModuleManager: Shutting down and abandoning module DesktopPlatform (94)
[2015.02.21-21.05.13:361][422]LogModuleManager: Shutting down and abandoning module DirectoryWatcher (93)
[2015.02.21-21.05.13:362][422]LogModuleManager: Shutting down and abandoning module HotReload (92)
[2015.02.21-21.05.13:362][422]LogModuleManager: Shutting down and abandoning module VisualStudioSourceCodeAccess (91)
[2015.02.21-21.05.13:362][422]LogModuleManager: Shutting down and abandoning module UObjectPlugin (90)
[2015.02.21-21.05.13:362][422]LogModuleManager: Shutting down and abandoning module SubversionSourceControl (89)
[2015.02.21-21.05.13:362][422]LogModuleManager: Shutting down and abandoning module PerforceSourceControl (88)
[2015.02.21-21.05.13:362][422]LogModuleManager: Shutting down and abandoning module SourceControl (87)
[2015.02.21-21.05.13:362][422]LogModuleManager: Shutting down and abandoning module GitSourceControl (86)
[2015.02.21-21.05.13:362][422]LogModuleManager: Shutting down and abandoning module BlankPlugin (85)
[2015.02.21-21.05.13:362][422]LogModuleManager: Shutting down and abandoning module PaperTiledImporter (84)
[2015.02.21-21.05.13:362][422]LogModuleManager: Shutting down and abandoning module PaperJsonImporter (83)
[2015.02.21-21.05.13:362][422]LogModuleManager: Shutting down and abandoning module ContentBrowser (82)
[2015.02.21-21.05.13:364][422]LogModuleManager: Shutting down and abandoning module Paper2DEditor (81)
[2015.02.21-21.05.13:364][422]LogModuleManager: Shutting down and abandoning module ScriptPlugin (80)
[2015.02.21-21.05.13:364][422]LogModuleManager: Shutting down and abandoning module UdpMessaging (79)
[2015.02.21-21.05.13:466][422]LogModuleManager: Shutting down and abandoning module Paper2D (78)
[2015.02.21-21.05.13:466][422]LogModuleManager: Shutting down and abandoning module WindowsMoviePlayer (77)
[2015.02.21-21.05.13:468][422]LogModuleManager: Shutting down and abandoning module Media (76)
[2015.02.21-21.05.13:468][422]LogModuleManager: Shutting down and abandoning module WmfMedia (75)
[2015.02.21-21.05.13:468][422]LogModuleManager: Shutting down and abandoning module OnlineBlueprintSupport (74)
[2015.02.21-21.05.13:468][422]LogModuleManager: Shutting down and abandoning module PropertyEditor (73)
[2015.02.21-21.05.13:469][422]LogModuleManager: Shutting down and abandoning module BehaviorTreeEditor (72)
[2015.02.21-21.05.13:469][422]LogModuleManager: Shutting down and abandoning module FunctionalTesting (71)
[2015.02.21-21.05.13:469][422]LogModuleManager: Shutting down and abandoning module CollisionAnalyzer (70)
[2015.02.21-21.05.13:469][422]LogModuleManager: Shutting down and abandoning module WorkspaceMenuStructure (69)
[2015.02.21-21.05.13:469][422]LogModuleManager: Shutting down and abandoning module MessageLog (68)
[2015.02.21-21.05.13:469][422]LogModuleManager: Shutting down and abandoning module Sequencer (67)
[2015.02.21-21.05.13:469][422]LogModuleManager: Shutting down and abandoning module AssetTools (66)
[2015.02.21-21.05.13:469][422]LogModuleManager: Shutting down and abandoning module UMGEditor (65)
[2015.02.21-21.05.13:469][422]LogModuleManager: Shutting down and abandoning module UMG (64)
[2015.02.21-21.05.13:469][422]LogModuleManager: Shutting down and abandoning module Slate (63)
[2015.02.21-21.05.13:469][422]LogModuleManager: Shutting down and abandoning module EditorStyle (62)
[2015.02.21-21.05.13:472][422]LogModuleManager: Shutting down and abandoning module SessionServices (61)
[2015.02.21-21.05.13:472][422]LogModuleManager: Shutting down and abandoning module SourceCodeAccess (60)
[2015.02.21-21.05.13:472][422]LogModuleManager: Shutting down and abandoning module HeadMountedDisplay (59)
[2015.02.21-21.05.13:472][422]LogModuleManager: Shutting down and abandoning module XAudio2 (58)
[2015.02.21-21.05.13:472][422]LogModuleManager: Shutting down and abandoning module Networking (56)
[2015.02.21-21.05.13:472][422]LogModuleManager: Shutting down and abandoning module Core (55)
[2015.02.21-21.05.13:472][422]LogModuleManager: Shutting down and abandoning module KismetCompiler (54)
[2015.02.21-21.05.13:472][422]LogModuleManager: Shutting down and abandoning module PhysXFormats (53)
[2015.02.21-21.05.13:472][422]LogModuleManager: Shutting down and abandoning module MeshUtilities (52)
[2015.02.21-21.05.13:472][422]LogModuleManager: Shutting down and abandoning module DerivedDataCache (51)
[2015.02.21-21.05.13:513][422]LogDerivedDataCache: Shutdown
[2015.02.21-21.05.13:513][422]LogModuleManager: Shutting down and abandoning module ShaderFormatOpenGL (50)
[2015.02.21-21.05.13:513][422]LogModuleManager: Shutting down and abandoning module ShaderFormatD3D (49)
[2015.02.21-21.05.13:513][422]LogModuleManager: Shutting down and abandoning module MetalShaderFormat (48)
[2015.02.21-21.05.13:513][422]LogModuleManager: Shutting down and abandoning module TextureFormatUncompressed (47)
[2015.02.21-21.05.13:513][422]LogModuleManager: Shutting down and abandoning module TextureFormatPVR (46)
[2015.02.21-21.05.13:513][422]LogModuleManager: Shutting down and abandoning module TextureFormatIntelISPCTexComp (45)
[2015.02.21-21.05.13:513][422]LogModuleManager: Shutting down and abandoning module TextureFormatDXT (44)
[2015.02.21-21.05.13:513][422]LogModuleManager: Shutting down and abandoning module ImageWrapper (43)
[2015.02.21-21.05.13:513][422]LogModuleManager: Shutting down and abandoning module TextureFormatASTC (42)
[2015.02.21-21.05.13:513][422]LogModuleManager: Shutting down and abandoning module TextureFormatAndroid (41)
[2015.02.21-21.05.13:513][422]LogModuleManager: Shutting down and abandoning module AudioFormatOpus (40)
[2015.02.21-21.05.13:513][422]LogModuleManager: Shutting down and abandoning module AudioFormatOgg (39)
[2015.02.21-21.05.13:513][422]LogModuleManager: Shutting down and abandoning module AudioFormatADPCM (38)
[2015.02.21-21.05.13:513][422]LogModuleManager: Shutting down and abandoning module LinuxTargetPlatform (37)
[2015.02.21-21.05.13:513][422]LogModuleManager: Shutting down and abandoning module LinuxServerTargetPlatform (36)
[2015.02.21-21.05.13:513][422]LogModuleManager: Shutting down and abandoning module LinuxNoEditorTargetPlatform (35)
[2015.02.21-21.05.13:513][422]LogModuleManager: Shutting down and abandoning module Messaging (34)
[2015.02.21-21.05.13:513][422]LogModuleManager: Shutting down and abandoning module IOSTargetPlatform (33)
[2015.02.21-21.05.13:513][422]LogModuleManager: Shutting down and abandoning module HTML5TargetPlatform (32)
[2015.02.21-21.05.13:513][422]LogModuleManager: Shutting down and abandoning module Android_PVRTCTargetPlatform (31)
[2015.02.21-21.05.13:513][422]LogModuleManager: Shutting down and abandoning module Android_ETC2TargetPlatform (30)
[2015.02.21-21.05.13:513][422]LogModuleManager: Shutting down and abandoning module Android_ETC1TargetPlatform (29)
[2015.02.21-21.05.13:513][422]LogModuleManager: Shutting down and abandoning module Android_ES31TargetPlatform (28)
[2015.02.21-21.05.13:513][422]LogModuleManager: Shutting down and abandoning module Android_DXTTargetPlatform (27)
[2015.02.21-21.05.13:513][422]LogModuleManager: Shutting down and abandoning module Android_ATCTargetPlatform (26)
[2015.02.21-21.05.13:513][422]LogModuleManager: Shutting down and abandoning module AndroidTargetPlatform (25)
[2015.02.21-21.05.13:513][422]LogModuleManager: Shutting down and abandoning module WindowsTargetPlatform (24)
[2015.02.21-21.05.13:513][422]LogModuleManager: Shutting down and abandoning module WindowsServerTargetPlatform (23)
[2015.02.21-21.05.13:513][422]LogModuleManager: Shutting down and abandoning module WindowsNoEditorTargetPlatform (22)
[2015.02.21-21.05.13:513][422]LogModuleManager: Shutting down and abandoning module WindowsClientTargetPlatform (21)
[2015.02.21-21.05.13:513][422]LogModuleManager: Shutting down and abandoning module TargetPlatform (20)
[2015.02.21-21.05.13:513][422]LogModuleManager: Shutting down and abandoning module InputCore (19)
[2015.02.21-21.05.13:513][422]LogModuleManager: Shutting down and abandoning module Settings (18)
[2015.02.21-21.05.13:513][422]LogModuleManager: Shutting down and abandoning module OnlineSubsystem (16)
[2015.02.21-21.05.13:513][422]LogModuleManager: Shutting down and abandoning module OculusRift (15)
[2015.02.21-21.05.13:513][422]LogModuleManager: Shutting down and abandoning module ExampleDeviceProfileSelector (14)
[2015.02.21-21.05.13:513][422]LogModuleManager: Shutting down and abandoning module TextureCompressor (13)
[2015.02.21-21.05.13:513][422]LogModuleManager: Shutting down and abandoning module ShaderCore (12)
[2015.02.21-21.05.13:513][422]LogModuleManager: Shutting down and abandoning module Landscape (11)
[2015.02.21-21.05.13:513][422]LogModuleManager: Shutting down and abandoning module SlateRHIRenderer (10)
[2015.02.21-21.05.13:515][422]LogModuleManager: Shutting down and abandoning module OpenGLDrv (9)
[2015.02.21-21.05.13:515][422]LogModuleManager: Shutting down and abandoning module D3D11RHI (8)
[2015.02.21-21.05.13:515][422]LogModuleManager: Shutting down and abandoning module Renderer (7)
[2015.02.21-21.05.13:515][422]LogModuleManager: Shutting down and abandoning module Engine (6)
[2015.02.21-21.05.13:515][422]LogModuleManager: Shutting down and abandoning module CoreUObject (5)
[2015.02.21-21.05.13:515][422]LogModuleManager: Shutting down and abandoning module NetworkFile (4)
[2015.02.21-21.05.13:515][422]LogModuleManager: Shutting down and abandoning module StreamingFile (3)
[2015.02.21-21.05.13:515][422]LogModuleManager: Shutting down and abandoning module SandboxFile (2)
[2015.02.21-21.05.13:515][422]LogModuleManager: Shutting down and abandoning module PakFile (1)
[2015.02.21-21.05.13:516][422]LogExit: Exiting.
[2015.02.21-21.05.13:537][422]Log file closed, 02/21/15 22:05:13
