Log file open, 02/21/15 22:41:28
LogInit:Display: Running engine for game: Sequence
LogInit: Version: 4.7.0-2448202+++depot+UE4-Releases+4.7
LogInit: API Version: 2448202
LogInit: Compiled (64-bit): Feb 16 2015 23:29:01
LogInit: Compiled with Visual C++: 18.00.21005.01
LogInit: Build Configuration: Development
LogInit: Branch Name: ++depot+UE4-Releases+4.7
LogInit: Command line: 
LogInit: Base directory: F:/Unreal Engine/4.7/Engine/Binaries/Win64/
LogInit: Rocket: 1
[2015.02.21-21.41.28:437][  0]LogTaskGraph: Started task graph with 3 named threads and 6 total threads.
[2015.02.21-21.41.28:503][  0]LogOnline:Warning: No default platform service specified for OnlineSubsystem
[2015.02.21-21.41.28:517][  0]LogInit: Presizing for 0 objects not considered by GC, pre-allocating 0 bytes.
[2015.02.21-21.41.28:526][  0]LogInit: Object subsystem initialized
[2015.02.21-21.41.28:528][  0]LogConsoleResponse:Warning: Skipping Unknown console variable: 'UIScaleCurve = (EditorCurveData=(Keys=((Time=480.000000,Value=0.444000),(Time=720.000000,Value=0.666000),(Time=1080.000000,Value=1.000000),(Time=8640.000000,Value=8.000000))),ExternalCurve=None)'
[2015.02.21-21.41.28:528][  0]LogConsoleResponse:Warning:   Found in ini file 'F:/Unreal Engine/Projects/Sequence 4.7/Saved/Config/Windows/Engine.ini', in section '[/Script/Engine.RendererSettings]'
[2015.02.21-21.41.28:528][  0]LogConsoleManager:Warning: Console variable 'r.MSAA.CompositingSampleCount' wasn't set (Priority ProjectSetting < Scalability)
[2015.02.21-21.41.28:528][  0]LogInit: Selected Device Profile: [Windows]
[2015.02.21-21.41.28:528][  0]LogInit: Applying CVar settings loaded from the selected device profile: [Windows]
[2015.02.21-21.41.28:534][  0]LogInit: Computer: WIN8_SSD
[2015.02.21-21.41.28:534][  0]LogInit: User: Tarl
[2015.02.21-21.41.28:534][  0]LogInit: CPU Page size=4096, Cores=4
[2015.02.21-21.41.28:534][  0]LogInit: High frequency timer resolution =3.331179 MHz
[2015.02.21-21.41.28:534][  0]LogMemory: Memory total: Physical=16.0GB (16GB approx) Virtual=131072.0GB
[2015.02.21-21.41.28:534][  0]LogMemory: Platform Memory Stats for Windows
[2015.02.21-21.41.28:534][  0]LogMemory: Process Physical Memory: 47.44 MB used, 47.44 MB peak
[2015.02.21-21.41.28:534][  0]LogMemory: Process Virtual Memory: 24.28 MB used, 24.29 MB peak
[2015.02.21-21.41.28:534][  0]LogMemory: Physical Memory: 6520.18 MB used, 16351.15 MB total
[2015.02.21-21.41.28:534][  0]LogMemory: Virtual Memory: 299.41 MB used, 134217728.00 MB total
[2015.02.21-21.41.28:557][  0]LogD3D11RHI: Found D3D11 adapter 0: NVIDIA GeForce GTX 770 (Feature Level 11_0)
[2015.02.21-21.41.28:557][  0]LogD3D11RHI: Adapter has 1985MB of dedicated video memory, 0MB of dedicated system memory, and 2048MB of shared system memory, 3 output[s]
[2015.02.21-21.41.28:558][  0]LogD3D11RHI: Found D3D11 adapter 1: Microsoft Basic Render Driver (Feature Level 11_0)
[2015.02.21-21.41.28:558][  0]LogD3D11RHI: Adapter has 0MB of dedicated video memory, 0MB of dedicated system memory, and 256MB of shared system memory, 0 output[s]
[2015.02.21-21.41.28:558][  0]LogD3D11RHI: Chosen D3D11 Adapter Id = 0
[2015.02.21-21.41.28:562][  0]LogRHI: Texture pool is 1361 MB (70% of 1945 MB)
[2015.02.21-21.41.28:573][  0]LogD3D11RHI: Async texture creation enabled
[2015.02.21-21.41.28:944][  0]LogTextLocalizationManager: The requested culture ('en_US') has no localization data; parent culture's ('en') localization data will be used.
[2015.02.21-21.41.29:065][  0]LogContentStreaming: Texture pool size is 0.000000MB
[2015.02.21-21.41.31:327][  0]LogTargetPlatformManager:Display: Building Assets For Windows
[2015.02.21-21.41.31:809][  0]LogTargetPlatformManager:Display: Building Assets For Windows
[2015.02.21-21.41.31:860][  0]LogDerivedDataCache:Display: Max Cache Size: 512 MB
[2015.02.21-21.41.31:899][  0]LogDerivedDataCache: Loaded boot cache 0.04s 39MB C:/Users/Tarl/AppData/Local/UnrealEngine/4.7/DerivedDataCache/Boot.ddc.
[2015.02.21-21.41.31:899][  0]LogDerivedDataCache:Display: Loaded Boot cache: C:/Users/Tarl/AppData/Local/UnrealEngine/4.7/DerivedDataCache/Boot.ddc
[2015.02.21-21.41.31:902][  0]LogDerivedDataCache:Display: Pak cache opened for reading ../../../../Projects/Sequence 4.7/DerivedDataCache/DDC.ddp.
[2015.02.21-21.41.32:015][  0]LogDerivedDataCache:Display: Pak cache opened for reading ../../../Engine/DerivedDataCache/Compressed.ddp.
[2015.02.21-21.41.32:027][  0]LogDerivedDataCache: Using Local data cache path C:/Users/Tarl/AppData/Local/UnrealEngine/Common/DerivedDataCache: Writable
[2015.02.21-21.41.32:302][  0]LogMeshUtilities: No automatic mesh reduction module available
[2015.02.21-21.41.32:302][  0]LogMeshUtilities: No automatic mesh merging module available
[2015.02.21-21.41.32:654][  0]LogInit: WinSock: version 1.1 (2.2), MaxSocks=32767, MaxUdp=65467
[2015.02.21-21.41.32:713][  0]LogSlate:Warning: Failed to load font data from '../../../Engine/Content/Slate/Fonts/Roboto-Italic.ttf'
[2015.02.21-21.41.33:419][  0]UdpMessaging: Initializing bridge on interface 0.0.0.0:0 to multicast group 230.0.0.1:6666.
[2015.02.21-21.41.33:603][  0]LogSourceControl: RunCommandInternalRaw: 'git version'
[2015.02.21-21.41.33:603][  0]LogSourceControl: RunCommandInternalRaw: ExecProcess ReturnCode=2 OutResults=''
[2015.02.21-21.41.33:752][  0]LogObj: 24230 objects as part of root set at end of initial load.
[2015.02.21-21.41.33:752][  0]LogUObjectAllocator: 5136296 out of 0 bytes used by permanent object pool.
[2015.02.21-21.41.33:824][  0]LogEngine: Initializing Engine...
[2015.02.21-21.41.37:004][  0]LogInit: XAudio2 using 'Speakers (High Definition Audio Device)' : 2 channels at 44.1 kHz using 16 bits per sample (channel mask 0x3)
[2015.02.21-21.41.37:013][  0]LogInit: FAudioDevice initialized.
[2015.02.21-21.41.37:041][  0]LogAIModule: Creating AISystem for world NewWorld
[2015.02.21-21.41.37:062][  0]LogDerivedDataCache: Saved boot cache 0.02s 39MB C:/Users/Tarl/AppData/Local/UnrealEngine/4.7/DerivedDataCache/Boot.ddc.
[2015.02.21-21.41.37:069][  0]LogInit: Texture streaming: Enabled
[2015.02.21-21.41.37:156][  0]LogAnalytics: Creating configured Analytics provider AnalyticsET
[2015.02.21-21.41.37:156][  0]LogAnalytics: ET APIKey = Rocket.Release. APIServer = http://et2.epicgames.com/ET2/. AppVersion = 4.7.0-2448202+++depot+UE4-Releases+4.7
[2015.02.21-21.41.37:156][  0]LogAnalytics: ET APIKey = Rocket.Release. DataRouterUploadURL = https://datarouter-public-service-gamedev.ol.epicgames.net/datarouter/api/v1/public/data. AppVersion = 4.7.0-2448202+++depot+UE4-Releases+4.7
[2015.02.21-21.41.37:156][  0]LogAnalytics: SetUserId 85958a9741eccc31a09a9bab6e4d62e8|ae393a9505e24920af14eef5b3785f1f|0e7110db-5bf9-4b3a-8403-998fd462057c
[2015.02.21-21.41.37:156][  0]LogAnalytics: AnalyticsET::StartSession [Rocket.Release]
[2015.02.21-21.41.37:181][  0]LogInit: Transaction tracking system initialized
[2015.02.21-21.41.37:317][  0]BlueprintLog: New page: Editor Load
[2015.02.21-21.41.37:347][  0]LogAssetRegistry: FAssetRegistry took 0.0113 seconds to start up
[2015.02.21-21.41.37:347][  0]LogDirectoryWatcher:Warning: Failed to begin reading directory changes for ../../../Engine/Plugins/Experimental/CharacterAI/Content/. Error: 0
[2015.02.21-21.41.37:914][  0]LogTargetPlatformManager:Display: Building Assets For Windows
[2015.02.21-21.41.38:304][  0]LogTargetPlatformManager:Display: Building Assets For Windows
[2015.02.21-21.41.38:476][  0]LogLinker:Warning: Can't find file '/Game/PuzzleBP/Tutorial/Part1-Overview'
[2015.02.21-21.41.38:476][  0]LogLinker:Warning: Can't find file '/Game/PuzzleBP/Tutorial/Part1-Overview'
[2015.02.21-21.41.38:476][  0]LogUObjectGlobals:Warning: Failed to find object 'Class /Game/PuzzleBP/Tutorial/Part1-Overview.Part1-Overview_C'
[2015.02.21-21.41.38:500][  0]LogSlate:Warning: Failed to load font data from '../../../Engine/Content/Editor/Slate/Fonts/Roboto-Regular.ttf'
[2015.02.21-21.41.38:500][  0]LogSlate:Warning: Failed to load font data from '../../../Engine/Content/Editor/Slate/Fonts/Roboto-Bold.ttf'
[2015.02.21-21.41.38:504][  0]LogConsoleResponse:Display: 
[2015.02.21-21.41.38:624][  0]LogCook:Display: Done creating registry. It took  0.00s.
[2015.02.21-21.41.38:741][  0]Cmd: MAP LOAD FILE="../../../../Projects/Sequence 4.7/Content/Maps/BlackJackEntry.umap" TEMPLATE=0 SHOWPROGRESS=1 FEATURELEVEL=3
[2015.02.21-21.41.38:741][  0]LightingResults: New page: Lighting Build
[2015.02.21-21.41.38:751][  0]MapCheck: New page: Map Check
[2015.02.21-21.41.38:751][  0]LightingResults: New page: Lighting Build
[2015.02.21-21.41.38:760][  0]LogParticles: Destroying 0 GPU particle simulations for FXSystem 0x0000002F3FA28720
[2015.02.21-21.41.43:466][  0]LogEditorServer: Finished looking for orphan Actors (0.000 secs)
[2015.02.21-21.41.43:466][  0]LogAIModule: Creating AISystem for world BlackJackEntry
[2015.02.21-21.41.43:467][  0]Cmd: MAP CHECKDEP
[2015.02.21-21.41.43:467][  0]MapCheck: New page: BlackJackEntry - Feb 21, 2015, 11:41:43 PM
[2015.02.21-21.41.43:547][  0]MapCheck: Info Map check complete: 0 Error(s), 0 Warning(s), took 80.316ms to complete.
[2015.02.21-21.41.43:547][  0]LogFileHelpers: Loading map 'BlackJackEntry' took 4.807
[2015.02.21-21.41.43:807][  0]LogSourceControl: Attempting 'p4 client -o New_UE4'
[2015.02.21-21.41.43:807][  0]LogCrashTracker: Crashtracker disabled due to settings.
[2015.02.21-21.41.43:808][  0]LogSlate:Warning: Failed to load font data from 'Veranda'
[2015.02.21-21.41.43:836][  0]LogCollectionManager: Loaded 1 collections in 0.001126 seconds
[2015.02.21-21.41.43:844][  0]LogContentBrowser: Native class hierarchy populated in 0.0078 seconds. Added 1697 classes and 263 folders.
[2015.02.21-21.41.43:873][  0]LogUObjectGlobals:Warning: Failed to find object 'Class None.'
[2015.02.21-21.41.43:898][  0]LogLoad: Full Startup: 17.40 seconds (BP compile: 1.69 seconds)
[2015.02.21-21.41.43:919][  0]LogContentBrowser:Verbose: The content browser source was changed by the sources view to '/Game/Tarl'
[2015.02.21-21.41.43:979][  0]SourceControl: Info Client New_UE4
[2015.02.21-21.41.43:979][  0]SourceControl: Info Update 2014/10/11 22:16:24
[2015.02.21-21.41.43:979][  0]SourceControl: Info Access 2015/02/21 22:10:15
[2015.02.21-21.41.43:979][  0]SourceControl: Info Owner Tarl
[2015.02.21-21.41.43:979][  0]SourceControl: Info Host Win8_SSD
[2015.02.21-21.41.43:979][  0]SourceControl: Info Description Created by Tarl.

[2015.02.21-21.41.43:979][  0]SourceControl: Info Root F:\Unreal Engine
[2015.02.21-21.41.43:979][  0]SourceControl: Info Options noallwrite noclobber nocompress unlocked nomodtime normdir
[2015.02.21-21.41.43:979][  0]SourceControl: Info SubmitOptions submitunchanged
[2015.02.21-21.41.43:979][  0]SourceControl: Info LineEnd local
[2015.02.21-21.41.43:979][  0]SourceControl: Info View0 //Unreal_Depot/... //New_UE4/...
[2015.02.21-21.41.43:979][  0]SourceControl: Info specFormatted 
[2015.02.21-21.41.43:979][  0]SourceControl: Info func client-FstatInfo
[2015.02.21-21.41.44:048][  0]LogRenderer:Warning: Reallocating scene render targets to support 32x32 (Frame:2).
[2015.02.21-21.41.44:152][  0]LogRenderer:Warning: Reallocating scene render targets to support 1208x1048 (Frame:7).
[2015.02.21-21.41.44:571][  5]LogAssetRegistry: Asset discovery search completed in 7.2367 seconds
[2015.02.21-21.41.47:209][ 49]LogSourceControl: Attempting 'p4 fstat -Or F:/Unreal Engine/Projects/Sequence 4.7/Content/Tarl/BoardTile_2Clubs.uasset F:/Unreal Engine/Projects/Sequence 4.7/Content/Tarl/BP_NewPlayer.uasset F:/Unreal Engine/Projects/Sequence 4.7/Content/Tarl/CardHand.uasset F:/Unreal Engine/Projects/Sequence 4.7/Content/Tarl/CardID_Struct.uasset F:/Unreal Engine/Projects/Sequence 4.7/Content/Tarl/CardName_Single.uasset F:/Unreal Engine/Projects/Sequence 4.7/Content/Tarl/CardTypes.uasset F:/Unreal Engine/Projects/Sequence 4.7/Content/Tarl/joker_square.uasset F:/Unreal Engine/Projects/Sequence 4.7/Content/Tarl/M_Card_Joker.uasset F:/Unreal Engine/Projects/Sequence 4.7/Content/Tarl/M_Card_Joker_Inst.uasset F:/Unreal Engine/Projects/Sequence 4.7/Content/Tarl/PlayerColor.uasset F:/Unreal Engine/Projects/Sequence 4.7/Content/Tarl/SuitList.uasset F:/Unreal Engine/Projects/Sequence 4.7/Content/Tarl/Tile.uasset F:/Unreal Engine/Projects/Sequence 4.7/Content/Tarl/UMG_Main.uasset'
[2015.02.21-21.41.49:203][160]LogSourceControl: Attempting 'p4 fstat -Or F:/Unreal Engine/Projects/Sequence 4.7/Content/Tarl/TestCard.uasset F:/Unreal Engine/Projects/Sequence 4.7/Content/Tarl/Test_Hand.uasset'
[2015.02.21-21.42.03:468][154]LogSourceControl: Attempting 'p4 fstat -Or F:/Unreal Engine/Projects/Sequence 4.7/Config/DefaultEngine.ini'
[2015.02.21-21.42.03:498][155]SourceControl: Info F:/Unreal Engine/Projects/Sequence 4.7/Config/DefaultEngine.ini - no such file(s).

[2015.02.21-21.42.05:762][382]LogSourceControl: Attempting 'p4 fstat -Or F:/Unreal Engine/Projects/Sequence 4.7/Content/Blueprints/BP_Card.uasset F:/Unreal Engine/Projects/Sequence 4.7/Content/Blueprints/BP_Card2.uasset F:/Unreal Engine/Projects/Sequence 4.7/Content/Blueprints/BP_Deck.uasset F:/Unreal Engine/Projects/Sequence 4.7/Content/Blueprints/BP_Logic.uasset F:/Unreal Engine/Projects/Sequence 4.7/Content/Blueprints/BP_PlayerController.uasset F:/Unreal Engine/Projects/Sequence 4.7/Content/Blueprints/BP_Sound.uasset'
[2015.02.21-22.09.31:198][300]LogUProjectInfo: Found projects:
[2015.02.21-22.09.33:007][487]Cmd: CLOSE_SLATE_MAINFRAME
[2015.02.21-22.09.33:067][487]LogParticles: Destroying 0 GPU particle simulations for FXSystem 0x0000002F5300A5C0
[2015.02.21-22.09.33:768][488]Cmd: QUIT_EDITOR
[2015.02.21-22.09.34:280][488]LogExit: Preparing to exit.
[2015.02.21-22.09.34:880][488]LogExit: Editor shut down
[2015.02.21-22.09.34:880][488]LogExit: Transaction tracking system shut down
[2015.02.21-22.09.34:882][488]LogParticles: Destroying 0 GPU particle simulations for FXSystem 0x0000002F48F409A0
[2015.02.21-22.09.34:884][488]LogParticles: Destroying 0 GPU particle simulations for FXSystem 0x0000002F4D1167A0
[2015.02.21-22.09.34:884][488]LogParticles: Destroying 0 GPU particle simulations for FXSystem 0x0000002F4B424220
[2015.02.21-22.09.34:884][488]LogParticles: Destroying 0 GPU particle simulations for FXSystem 0x0000002F4B36AA20
[2015.02.21-22.09.34:884][488]LogParticles: Destroying 0 GPU particle simulations for FXSystem 0x0000002F547F9B20
[2015.02.21-22.09.34:885][488]LogParticles: Destroying 0 GPU particle simulations for FXSystem 0x0000002F4CDA3880
[2015.02.21-22.09.34:886][488]LogParticles: Destroying 0 GPU particle simulations for FXSystem 0x0000002F5715ECA0
[2015.02.21-22.09.34:886][488]LogParticles: Destroying 0 GPU particle simulations for FXSystem 0x0000002F40AF16C0
[2015.02.21-22.09.34:886][488]LogParticles: Destroying 0 GPU particle simulations for FXSystem 0x0000002F54C458A0
[2015.02.21-22.09.34:959][488]LogExit: Object subsystem successfully closed.
[2015.02.21-22.09.34:999][488]LogModuleManager: Shutting down and abandoning module EditorWidgets (177)
[2015.02.21-22.09.34:999][488]LogModuleManager: Shutting down and abandoning module CollectionManager (176)
[2015.02.21-22.09.34:999][488]LogModuleManager: Shutting down and abandoning module CrashTracker (175)
[2015.02.21-22.09.34:999][488]LogModuleManager: Shutting down and abandoning module SuperSearch (174)
[2015.02.21-22.09.34:999][488]LogModuleManager: Shutting down and abandoning module SceneOutliner (173)
[2015.02.21-22.09.34:999][488]LogModuleManager: Shutting down and abandoning module StatsViewer (172)
[2015.02.21-22.09.34:999][488]LogModuleManager: Shutting down and abandoning module FoliageEdit (171)
[2015.02.21-22.09.34:999][488]LogModuleManager: Shutting down and abandoning module LandscapeEditor (170)
[2015.02.21-22.09.35:000][488]LogModuleManager: Shutting down and abandoning module MeshPaint (169)
[2015.02.21-22.09.35:000][488]LogModuleManager: Shutting down and abandoning module ActorPickerMode (168)
[2015.02.21-22.09.35:000][488]LogModuleManager: Shutting down and abandoning module GeometryMode (167)
[2015.02.21-22.09.35:000][488]LogModuleManager: Shutting down and abandoning module TextureAlignMode (166)
[2015.02.21-22.09.35:000][488]LogModuleManager: Shutting down and abandoning module BspMode (165)
[2015.02.21-22.09.35:000][488]LogModuleManager: Shutting down and abandoning module PlacementMode (164)
[2015.02.21-22.09.35:000][488]LogModuleManager: Shutting down and abandoning module AutomationWorker (163)
[2015.02.21-22.09.35:000][488]LogModuleManager: Shutting down and abandoning module CharacterAI (162)
[2015.02.21-22.09.35:000][488]LogModuleManager: Shutting down and abandoning module SmartSnapping (161)
[2015.02.21-22.09.35:000][488]LogModuleManager: Shutting down and abandoning module ViewportSnapping (160)
[2015.02.21-22.09.35:000][488]LogModuleManager: Shutting down and abandoning module LogVisualizer (159)
[2015.02.21-22.09.35:000][488]LogModuleManager: Shutting down and abandoning module GameProjectGeneration (158)
[2015.02.21-22.09.35:000][488]LogModuleManager: Shutting down and abandoning module IntroTutorials (157)
[2015.02.21-22.09.35:000][488]LogModuleManager: Shutting down and abandoning module EditorLiveStreaming (156)
[2015.02.21-22.09.35:000][488]LogModuleManager: Shutting down and abandoning module HardwareTargeting (155)
[2015.02.21-22.09.35:000][488]LogModuleManager: Shutting down and abandoning module DeviceProfileEditor (154)
[2015.02.21-22.09.35:000][488]LogModuleManager: Shutting down and abandoning module UndoHistory (153)
[2015.02.21-22.09.35:000][488]LogModuleManager: Shutting down and abandoning module GameplayTagsEditor (152)
[2015.02.21-22.09.35:000][488]LogModuleManager: Shutting down and abandoning module UserFeedback (151)
[2015.02.21-22.09.35:000][488]LogModuleManager: Shutting down and abandoning module XmlParser (150)
[2015.02.21-22.09.35:000][488]LogModuleManager: Shutting down and abandoning module Blutility (149)
[2015.02.21-22.09.35:000][488]LogModuleManager: Shutting down and abandoning module IOSPlatformEditor (148)
[2015.02.21-22.09.35:000][488]LogModuleManager: Shutting down and abandoning module IOSRuntimeSettings (147)
[2015.02.21-22.09.35:000][488]LogModuleManager: Shutting down and abandoning module AndroidDeviceDetection (146)
[2015.02.21-22.09.35:778][488]LogModuleManager: Shutting down and abandoning module AndroidPlatformEditor (145)
[2015.02.21-22.09.35:778][488]LogModuleManager: Shutting down and abandoning module AndroidRuntimeSettings (144)
[2015.02.21-22.09.35:778][488]LogModuleManager: Shutting down and abandoning module ProjectTargetPlatformEditor (143)
[2015.02.21-22.09.35:778][488]LogModuleManager: Shutting down and abandoning module ProjectSettingsViewer (142)
[2015.02.21-22.09.35:778][488]LogModuleManager: Shutting down and abandoning module InputBindingEditor (141)
[2015.02.21-22.09.35:778][488]LogModuleManager: Shutting down and abandoning module EditorSettingsViewer (140)
[2015.02.21-22.09.35:778][488]LogModuleManager: Shutting down and abandoning module SettingsEditor (139)
[2015.02.21-22.09.35:778][488]LogModuleManager: Shutting down and abandoning module ProjectLauncher (138)
[2015.02.21-22.09.35:778][488]LogModuleManager: Shutting down and abandoning module SessionFrontend (137)
[2015.02.21-22.09.35:779][488]LogModuleManager: Shutting down and abandoning module ProfilerClient (136)
[2015.02.21-22.09.35:779][488]LogModuleManager: Shutting down and abandoning module TargetDeviceServices (135)
[2015.02.21-22.09.35:779][488]LogModuleManager: Shutting down and abandoning module DeviceManager (134)
[2015.02.21-22.09.35:779][488]LogModuleManager: Shutting down and abandoning module AutomationController (133)
[2015.02.21-22.09.35:779][488]LogModuleManager: Shutting down and abandoning module AutomationWindow (132)
[2015.02.21-22.09.35:779][488]LogModuleManager: Shutting down and abandoning module Layers (131)
[2015.02.21-22.09.35:779][488]LogModuleManager: Shutting down and abandoning module ComponentVisualizers (130)
[2015.02.21-22.09.35:779][488]LogModuleManager: Shutting down and abandoning module DetailCustomizations (129)
[2015.02.21-22.09.35:779][488]LogModuleManager: Shutting down and abandoning module PackagesDialog (128)
[2015.02.21-22.09.35:779][488]LogModuleManager: Shutting down and abandoning module AssetRegistry (127)
[2015.02.21-22.09.35:858][488]LogModuleManager: Shutting down and abandoning module Persona (126)
[2015.02.21-22.09.35:858][488]LogModuleManager: Shutting down and abandoning module SlateReflector (125)
[2015.02.21-22.09.35:858][488]LogModuleManager: Shutting down and abandoning module LevelEditor (124)
[2015.02.21-22.09.35:859][488]LogModuleManager: Shutting down and abandoning module Kismet (123)
[2015.02.21-22.09.35:859][488]LogModuleManager: Shutting down and abandoning module GraphEditor (122)
[2015.02.21-22.09.35:859][488]LogModuleManager: Shutting down and abandoning module ClassViewer (121)
[2015.02.21-22.09.35:859][488]LogModuleManager: Shutting down and abandoning module Toolbox (120)
[2015.02.21-22.09.35:859][488]LogModuleManager: Shutting down and abandoning module ModuleUI (119)
[2015.02.21-22.09.35:859][488]LogModuleManager: Shutting down and abandoning module MovieSceneTools (118)
[2015.02.21-22.09.35:859][488]LogModuleManager: Shutting down and abandoning module OutputLog (117)
[2015.02.21-22.09.35:859][488]LogModuleManager: Shutting down and abandoning module GammaUI (116)
[2015.02.21-22.09.35:859][488]LogModuleManager: Shutting down and abandoning module Documentation (115)
[2015.02.21-22.09.35:859][488]LogModuleManager: Shutting down and abandoning module GameLiveStreaming (114)
[2015.02.21-22.09.35:859][488]LogModuleManager: Shutting down and abandoning module StreamingPauseRendering (113)
[2015.02.21-22.09.35:859][488]LogModuleManager: Shutting down and abandoning module HTTP (112)
[2015.02.21-22.09.35:860][488]LogModuleManager: Shutting down and abandoning module AnalyticsET (111)
[2015.02.21-22.09.35:860][488]LogModuleManager: Shutting down and abandoning module Analytics (110)
[2015.02.21-22.09.35:860][488]LogModuleManager: Shutting down and abandoning module AITestSuite (109)
[2015.02.21-22.09.35:860][488]LogModuleManager: Shutting down and abandoning module GameplayDebugger (108)
[2015.02.21-22.09.35:860][488]LogModuleManager: Shutting down and abandoning module AIModule (107)
[2015.02.21-22.09.35:860][488]LogModuleManager: Shutting down and abandoning module ProfilerService (106)
[2015.02.21-22.09.35:934][488]LogModuleManager: Shutting down and abandoning module TaskGraph (105)
[2015.02.21-22.09.35:934][488]LogModuleManager: Shutting down and abandoning module SlateRemote (104)
[2015.02.21-22.09.35:934][488]LogModuleManager: Shutting down and abandoning module ScriptEditorPlugin (103)
[2015.02.21-22.09.35:934][488]LogModuleManager: Shutting down and abandoning module CustomMeshComponent (102)
[2015.02.21-22.09.35:934][488]LogModuleManager: Shutting down and abandoning module CableComponent (101)
[2015.02.21-22.09.35:934][488]LogModuleManager: Shutting down and abandoning module MessagingDebugger (100)
[2015.02.21-22.09.35:934][488]LogModuleManager: Shutting down and abandoning module MediaPlayerEditor (99)
[2015.02.21-22.09.35:934][488]LogModuleManager: Shutting down and abandoning module SpeedTreeImporter (98)
[2015.02.21-22.09.35:934][488]LogModuleManager: Shutting down and abandoning module PluginsEditor (97)
[2015.02.21-22.09.35:934][488]LogModuleManager: Shutting down and abandoning module MainFrame (96)
[2015.02.21-22.09.35:934][488]LogModuleManager: Shutting down and abandoning module EpicSurvey (95)
[2015.02.21-22.09.35:934][488]LogModuleManager: Shutting down and abandoning module DesktopPlatform (94)
[2015.02.21-22.09.35:934][488]LogModuleManager: Shutting down and abandoning module DirectoryWatcher (93)
[2015.02.21-22.09.35:934][488]LogModuleManager: Shutting down and abandoning module HotReload (92)
[2015.02.21-22.09.35:934][488]LogModuleManager: Shutting down and abandoning module VisualStudioSourceCodeAccess (91)
[2015.02.21-22.09.35:934][488]LogModuleManager: Shutting down and abandoning module UObjectPlugin (90)
[2015.02.21-22.09.35:934][488]LogModuleManager: Shutting down and abandoning module SubversionSourceControl (89)
[2015.02.21-22.09.35:934][488]LogModuleManager: Shutting down and abandoning module PerforceSourceControl (88)
[2015.02.21-22.09.35:934][488]LogModuleManager: Shutting down and abandoning module SourceControl (87)
[2015.02.21-22.09.35:934][488]LogModuleManager: Shutting down and abandoning module GitSourceControl (86)
[2015.02.21-22.09.35:934][488]LogModuleManager: Shutting down and abandoning module BlankPlugin (85)
[2015.02.21-22.09.35:934][488]LogModuleManager: Shutting down and abandoning module PaperTiledImporter (84)
[2015.02.21-22.09.35:934][488]LogModuleManager: Shutting down and abandoning module PaperJsonImporter (83)
[2015.02.21-22.09.35:934][488]LogModuleManager: Shutting down and abandoning module ContentBrowser (82)
[2015.02.21-22.09.35:935][488]LogModuleManager: Shutting down and abandoning module Paper2DEditor (81)
[2015.02.21-22.09.35:935][488]LogModuleManager: Shutting down and abandoning module ScriptPlugin (80)
[2015.02.21-22.09.35:935][488]LogModuleManager: Shutting down and abandoning module UdpMessaging (79)
[2015.02.21-22.09.36:036][488]LogModuleManager: Shutting down and abandoning module Paper2D (78)
[2015.02.21-22.09.36:036][488]LogModuleManager: Shutting down and abandoning module WindowsMoviePlayer (77)
[2015.02.21-22.09.36:037][488]LogModuleManager: Shutting down and abandoning module Media (76)
[2015.02.21-22.09.36:037][488]LogModuleManager: Shutting down and abandoning module WmfMedia (75)
[2015.02.21-22.09.36:038][488]LogModuleManager: Shutting down and abandoning module OnlineBlueprintSupport (74)
[2015.02.21-22.09.36:038][488]LogModuleManager: Shutting down and abandoning module PropertyEditor (73)
[2015.02.21-22.09.36:038][488]LogModuleManager: Shutting down and abandoning module BehaviorTreeEditor (72)
[2015.02.21-22.09.36:038][488]LogModuleManager: Shutting down and abandoning module FunctionalTesting (71)
[2015.02.21-22.09.36:038][488]LogModuleManager: Shutting down and abandoning module CollisionAnalyzer (70)
[2015.02.21-22.09.36:038][488]LogModuleManager: Shutting down and abandoning module WorkspaceMenuStructure (69)
[2015.02.21-22.09.36:038][488]LogModuleManager: Shutting down and abandoning module MessageLog (68)
[2015.02.21-22.09.36:038][488]LogModuleManager: Shutting down and abandoning module Sequencer (67)
[2015.02.21-22.09.36:038][488]LogModuleManager: Shutting down and abandoning module AssetTools (66)
[2015.02.21-22.09.36:038][488]LogModuleManager: Shutting down and abandoning module UMGEditor (65)
[2015.02.21-22.09.36:038][488]LogModuleManager: Shutting down and abandoning module UMG (64)
[2015.02.21-22.09.36:038][488]LogModuleManager: Shutting down and abandoning module Slate (63)
[2015.02.21-22.09.36:038][488]LogModuleManager: Shutting down and abandoning module EditorStyle (62)
[2015.02.21-22.09.36:041][488]LogModuleManager: Shutting down and abandoning module SessionServices (61)
[2015.02.21-22.09.36:041][488]LogModuleManager: Shutting down and abandoning module SourceCodeAccess (60)
[2015.02.21-22.09.36:041][488]LogModuleManager: Shutting down and abandoning module HeadMountedDisplay (59)
[2015.02.21-22.09.36:041][488]LogModuleManager: Shutting down and abandoning module XAudio2 (58)
[2015.02.21-22.09.36:041][488]LogModuleManager: Shutting down and abandoning module Networking (56)
[2015.02.21-22.09.36:041][488]LogModuleManager: Shutting down and abandoning module Core (55)
[2015.02.21-22.09.36:041][488]LogModuleManager: Shutting down and abandoning module KismetCompiler (54)
[2015.02.21-22.09.36:041][488]LogModuleManager: Shutting down and abandoning module PhysXFormats (53)
[2015.02.21-22.09.36:041][488]LogModuleManager: Shutting down and abandoning module MeshUtilities (52)
[2015.02.21-22.09.36:041][488]LogModuleManager: Shutting down and abandoning module DerivedDataCache (51)
[2015.02.21-22.09.36:080][488]LogDerivedDataCache: Shutdown
[2015.02.21-22.09.36:080][488]LogModuleManager: Shutting down and abandoning module ShaderFormatOpenGL (50)
[2015.02.21-22.09.36:080][488]LogModuleManager: Shutting down and abandoning module ShaderFormatD3D (49)
[2015.02.21-22.09.36:080][488]LogModuleManager: Shutting down and abandoning module MetalShaderFormat (48)
[2015.02.21-22.09.36:080][488]LogModuleManager: Shutting down and abandoning module TextureFormatUncompressed (47)
[2015.02.21-22.09.36:080][488]LogModuleManager: Shutting down and abandoning module TextureFormatPVR (46)
[2015.02.21-22.09.36:080][488]LogModuleManager: Shutting down and abandoning module TextureFormatIntelISPCTexComp (45)
[2015.02.21-22.09.36:080][488]LogModuleManager: Shutting down and abandoning module TextureFormatDXT (44)
[2015.02.21-22.09.36:080][488]LogModuleManager: Shutting down and abandoning module ImageWrapper (43)
[2015.02.21-22.09.36:080][488]LogModuleManager: Shutting down and abandoning module TextureFormatASTC (42)
[2015.02.21-22.09.36:080][488]LogModuleManager: Shutting down and abandoning module TextureFormatAndroid (41)
[2015.02.21-22.09.36:080][488]LogModuleManager: Shutting down and abandoning module AudioFormatOpus (40)
[2015.02.21-22.09.36:080][488]LogModuleManager: Shutting down and abandoning module AudioFormatOgg (39)
[2015.02.21-22.09.36:080][488]LogModuleManager: Shutting down and abandoning module AudioFormatADPCM (38)
[2015.02.21-22.09.36:080][488]LogModuleManager: Shutting down and abandoning module LinuxTargetPlatform (37)
[2015.02.21-22.09.36:080][488]LogModuleManager: Shutting down and abandoning module LinuxServerTargetPlatform (36)
[2015.02.21-22.09.36:080][488]LogModuleManager: Shutting down and abandoning module LinuxNoEditorTargetPlatform (35)
[2015.02.21-22.09.36:080][488]LogModuleManager: Shutting down and abandoning module Messaging (34)
[2015.02.21-22.09.36:080][488]LogModuleManager: Shutting down and abandoning module IOSTargetPlatform (33)
[2015.02.21-22.09.36:080][488]LogModuleManager: Shutting down and abandoning module HTML5TargetPlatform (32)
[2015.02.21-22.09.36:080][488]LogModuleManager: Shutting down and abandoning module Android_PVRTCTargetPlatform (31)
[2015.02.21-22.09.36:080][488]LogModuleManager: Shutting down and abandoning module Android_ETC2TargetPlatform (30)
[2015.02.21-22.09.36:080][488]LogModuleManager: Shutting down and abandoning module Android_ETC1TargetPlatform (29)
[2015.02.21-22.09.36:080][488]LogModuleManager: Shutting down and abandoning module Android_ES31TargetPlatform (28)
[2015.02.21-22.09.36:080][488]LogModuleManager: Shutting down and abandoning module Android_DXTTargetPlatform (27)
[2015.02.21-22.09.36:080][488]LogModuleManager: Shutting down and abandoning module Android_ATCTargetPlatform (26)
[2015.02.21-22.09.36:080][488]LogModuleManager: Shutting down and abandoning module AndroidTargetPlatform (25)
[2015.02.21-22.09.36:080][488]LogModuleManager: Shutting down and abandoning module WindowsTargetPlatform (24)
[2015.02.21-22.09.36:080][488]LogModuleManager: Shutting down and abandoning module WindowsServerTargetPlatform (23)
[2015.02.21-22.09.36:080][488]LogModuleManager: Shutting down and abandoning module WindowsNoEditorTargetPlatform (22)
[2015.02.21-22.09.36:080][488]LogModuleManager: Shutting down and abandoning module WindowsClientTargetPlatform (21)
[2015.02.21-22.09.36:080][488]LogModuleManager: Shutting down and abandoning module TargetPlatform (20)
[2015.02.21-22.09.36:080][488]LogModuleManager: Shutting down and abandoning module InputCore (19)
[2015.02.21-22.09.36:080][488]LogModuleManager: Shutting down and abandoning module Settings (18)
[2015.02.21-22.09.36:080][488]LogModuleManager: Shutting down and abandoning module OnlineSubsystem (16)
[2015.02.21-22.09.36:080][488]LogModuleManager: Shutting down and abandoning module OculusRift (15)
[2015.02.21-22.09.36:080][488]LogModuleManager: Shutting down and abandoning module ExampleDeviceProfileSelector (14)
[2015.02.21-22.09.36:080][488]LogModuleManager: Shutting down and abandoning module TextureCompressor (13)
[2015.02.21-22.09.36:080][488]LogModuleManager: Shutting down and abandoning module ShaderCore (12)
[2015.02.21-22.09.36:080][488]LogModuleManager: Shutting down and abandoning module Landscape (11)
[2015.02.21-22.09.36:080][488]LogModuleManager: Shutting down and abandoning module SlateRHIRenderer (10)
[2015.02.21-22.09.36:083][488]LogModuleManager: Shutting down and abandoning module OpenGLDrv (9)
[2015.02.21-22.09.36:083][488]LogModuleManager: Shutting down and abandoning module D3D11RHI (8)
[2015.02.21-22.09.36:083][488]LogModuleManager: Shutting down and abandoning module Renderer (7)
[2015.02.21-22.09.36:083][488]LogModuleManager: Shutting down and abandoning module Engine (6)
[2015.02.21-22.09.36:083][488]LogModuleManager: Shutting down and abandoning module CoreUObject (5)
[2015.02.21-22.09.36:083][488]LogModuleManager: Shutting down and abandoning module NetworkFile (4)
[2015.02.21-22.09.36:083][488]LogModuleManager: Shutting down and abandoning module StreamingFile (3)
[2015.02.21-22.09.36:083][488]LogModuleManager: Shutting down and abandoning module SandboxFile (2)
[2015.02.21-22.09.36:083][488]LogModuleManager: Shutting down and abandoning module PakFile (1)
[2015.02.21-22.09.36:084][488]LogExit: Exiting.
[2015.02.21-22.09.36:088][488]Log file closed, 02/21/15 23:09:36
